#
# There is insufficient memory for the Java Runtime Environment to continue.
# Native memory allocation (malloc) failed to allocate 32744 bytes for ChunkPool::allocate
# Possible reasons:
#   The system is out of physical RAM or swap space
#   The process is running with CompressedOops enabled, and the Java Heap may be blocking the growth of the native heap
# Possible solutions:
#   Reduce memory load on the system
#   Increase physical memory or swap space
#   Check if swap backing store is full
#   Decrease Java heap size (-Xmx/-Xms)
#   Decrease number of Java threads
#   Decrease Java thread stack sizes (-Xss)
#   Set larger code cache with -XX:ReservedCodeCacheSize=
#   JVM is running with Unscaled Compressed Oops mode in which the Java heap is
#     placed in the first 4GB address space. The Java Heap base address is the
#     maximum limit for the native heap growth. Please use -XX:HeapBaseMinAddress
#     to set the Java Heap base and to place the Java Heap above 4GB virtual address.
# This output file may be truncated or incomplete.
#
#  Out of Memory Error (allocation.cpp:272), pid=8928, tid=0x0000000000003b20
#
# JRE version: OpenJDK Runtime Environment (8.0_372-b07) (build 1.8.0_372-b07)
# Java VM: OpenJDK 64-Bit Server VM (25.372-b07 mixed mode windows-amd64 compressed oops)
# Failed to write core dump. Minidumps are not enabled by default on client versions of Windows
#

---------------  T H R E A D  ---------------

Current thread (0x000001ce98b03000):  JavaThread "C2 CompilerThread1" daemon [_thread_in_native, id=15136, stack(0x0000002584800000,0x0000002584900000)]

Stack: [0x0000002584800000,0x0000002584900000]
[error occurred during error reporting (printing stack bounds), id 0xc0000005]

Native frames: (J=compiled Java code, j=interpreted, Vv=VM code, C=native code)


Current CompileTask:
C2:   7782 2079       4       java.net.URLClassLoader$1::run (5 bytes)


---------------  P R O C E S S  ---------------

Java Threads: ( => current thread )
  0x000001ce9cc98000 JavaThread "Cache worker for file hash cache (C:\Users\CCI\Downloads\mCURA Pharmacy\mCURAPharmacy\.gradle\6.5\fileHashes)" [_thread_blocked, id=14224, stack(0x0000002585b00000,0x0000002585c00000)]
  0x000001ce9cc99000 JavaThread "Cache worker for file hash cache (C:\Users\CCI\.gradle\caches\6.5\fileHashes)" [_thread_blocked, id=8996, stack(0x0000002585a00000,0x0000002585b00000)]
  0x000001ce9cc97000 JavaThread "File lock request listener" [_thread_in_native, id=3048, stack(0x0000002585900000,0x0000002585a00000)]
  0x000001ce9cc96800 JavaThread "Cache worker for journal cache (C:\Users\CCI\.gradle\caches\journal-1)" [_thread_blocked, id=14716, stack(0x0000002585800000,0x0000002585900000)]
  0x000001ce9be29000 JavaThread "Thread-9" [_thread_blocked, id=9472, stack(0x0000002585700000,0x0000002585800000)]
  0x000001ce9c348800 JavaThread "Stdin handler" [_thread_blocked, id=15320, stack(0x0000002585600000,0x0000002585700000)]
  0x000001ce9c348000 JavaThread "Asynchronous log dispatcher for DefaultDaemonConnection: socket connection from /127.0.0.1:53765 to /127.0.0.1:53766" [_thread_blocked, id=15248, stack(0x0000002585500000,0x0000002585600000)]
  0x000001ce9c347000 JavaThread "Daemon worker" [_thread_in_Java, id=11936, stack(0x0000002585400000,0x0000002585500000)]
  0x000001ce9cf45000 JavaThread "Cancel handler" [_thread_blocked, id=4356, stack(0x0000002585300000,0x0000002585400000)]
  0x000001ce9d921000 JavaThread "Handler for socket connection from /127.0.0.1:53765 to /127.0.0.1:53766" [_thread_in_native, id=10612, stack(0x0000002585200000,0x0000002585300000)]
  0x000001ce9d98d800 JavaThread "Daemon" [_thread_blocked, id=4212, stack(0x0000002585100000,0x0000002585200000)]
  0x000001ce9dbb0800 JavaThread "Daemon periodic checks" [_thread_blocked, id=5352, stack(0x0000002585000000,0x0000002585100000)]
  0x000001ce9a4b1800 JavaThread "Incoming local TCP Connector on port 53765" [_thread_in_native, id=5868, stack(0x0000002584f00000,0x0000002585000000)]
  0x000001ce9d645000 JavaThread "Daemon health stats" [_thread_blocked, id=7368, stack(0x0000002584c00000,0x0000002584d00000)]
  0x000001ce998f8800 JavaThread "Service Thread" daemon [_thread_blocked, id=15108, stack(0x0000002584a00000,0x0000002584b00000)]
  0x000001ce98b04000 JavaThread "C1 CompilerThread2" daemon [_thread_in_native, id=5508, stack(0x0000002584900000,0x0000002584a00000)]
=>0x000001ce98b03000 JavaThread "C2 CompilerThread1" daemon [_thread_in_native, id=15136, stack(0x0000002584800000,0x0000002584900000)]
  0x000001ce98afc000 JavaThread "C2 CompilerThread0" daemon [_thread_in_native, id=12872, stack(0x0000002584700000,0x0000002584800000)]
  0x000001ce98a00000 JavaThread "Attach Listener" daemon [_thread_blocked, id=6192, stack(0x0000002584600000,0x0000002584700000)]
  0x000001ce989fe800 JavaThread "Signal Dispatcher" daemon [_thread_blocked, id=8096, stack(0x0000002584500000,0x0000002584600000)]
  0x000001ce982aa000 JavaThread "Finalizer" daemon [_thread_blocked, id=8468, stack(0x0000002584400000,0x0000002584500000)]
  0x000001ce989d6000 JavaThread "Reference Handler" daemon [_thread_blocked, id=7988, stack(0x0000002584300000,0x0000002584400000)]
  0x000001ce85a7b000 JavaThread "main" [_thread_blocked, id=10468, stack(0x0000002583d00000,0x0000002583e00000)]

Other Threads:
  0x000001ce989b3800 VMThread [stack: 0x0000002584200000,0x0000002584300000] [id=12400]
  0x000001ce99921000 WatcherThread [stack: 0x0000002584b00000,0x0000002584c00000] [id=14396]

VM state:not at safepoint (normal execution)

VM Mutex/Monitor currently owned by a thread: None

heap address: 0x00000000e0000000, size: 512 MB, Compressed Oops mode: 32-bit
Narrow klass base: 0x0000000000000000, Narrow klass shift: 3
Compressed class space size: 1073741824 Address: 0x0000000100000000

Heap:
 PSYoungGen      total 139776K, used 8283K [0x00000000f5580000, 0x0000000100000000, 0x0000000100000000)
  eden space 130048K, 6% used [0x00000000f5580000,0x00000000f5d96d90,0x00000000fd480000)
  from space 9728K, 0% used [0x00000000fd480000,0x00000000fd480000,0x00000000fde00000)
  to   space 9216K, 0% used [0x00000000ff700000,0x00000000ff700000,0x0000000100000000)
 ParOldGen       total 175104K, used 7715K [0x00000000e0000000, 0x00000000eab00000, 0x00000000f5580000)
  object space 175104K, 4% used [0x00000000e0000000,0x00000000e0788dd0,0x00000000eab00000)
 Metaspace       used 20734K, capacity 21464K, committed 21552K, reserved 1067008K
  class space    used 2900K, capacity 3108K, committed 3120K, reserved 1048576K

Card table byte_map: [0x000001ce966e0000,0x000001ce967f0000] byte_map_base: 0x000001ce95fe0000

Marking Bits: (ParMarkBitMap*) 0x0000000074d26850
 Begin Bits: [0x000001ce968a0000, 0x000001ce970a0000)
 End Bits:   [0x000001ce970a0000, 0x000001ce978a0000)

Polling page: 0x000001ce872f0000

CodeCache: size=245760Kb used=9309Kb max_used=9309Kb free=236450Kb
 bounds [0x000001ce87320000, 0x000001ce87c40000, 0x000001ce96320000]
 total_blobs=2529 nmethods=2112 adapters=329
 compilation: enabled

Compilation events (10 events):
Event: 7.604 Thread 0x000001ce98b04000 2252       3       java.lang.String::contains (20 bytes)
Event: 7.605 Thread 0x000001ce98b04000 nmethod 2252 0x000001ce87c366d0 code [0x000001ce87c36860, 0x000001ce87c36d00]
Event: 7.605 Thread 0x000001ce98b04000 2253       3       java.lang.invoke.InvokerBytecodeGenerator::emitStaticInvoke (246 bytes)
Event: 7.610 Thread 0x000001ce98b04000 nmethod 2253 0x000001ce87c36f10 code [0x000001ce87c372c0, 0x000001ce87c395e0]
Event: 7.610 Thread 0x000001ce98b04000 2255       3       jdk.internal.org.objectweb.asm.MethodVisitor::<init> (35 bytes)
Event: 7.610 Thread 0x000001ce98b04000 nmethod 2255 0x000001ce87c3aa90 code [0x000001ce87c3ac00, 0x000001ce87c3af10]
Event: 7.610 Thread 0x000001ce98b04000 2254       3       java.lang.invoke.InvokerBytecodeGenerator::refKindOpcode (112 bytes)
Event: 7.611 Thread 0x000001ce98b04000 nmethod 2254 0x000001ce87c3b010 code [0x000001ce87c3b200, 0x000001ce87c3bac0]
Event: 7.730 Thread 0x000001ce98b04000 2257       3       com.android.tools.tracer.agent.objectweb.asm.AnnotationWriter::visitArray (62 bytes)
Event: 7.731 Thread 0x000001ce98b04000 nmethod 2257 0x000001ce87c3be50 code [0x000001ce87c3bfe0, 0x000001ce87c3c420]

GC Heap History (10 events):
Event: 5.915 GC heap before
{Heap before GC invocations=4 (full 0):
 PSYoungGen      total 76288K, used 70800K [0x00000000f5580000, 0x00000000faa80000, 0x0000000100000000)
  eden space 65536K, 100% used [0x00000000f5580000,0x00000000f9580000,0x00000000f9580000)
  from space 10752K, 48% used [0x00000000f9580000,0x00000000f9aa4010,0x00000000fa000000)
  to   space 10752K, 0% used [0x00000000fa000000,0x00000000fa000000,0x00000000faa80000)
 ParOldGen       total 175104K, used 32K [0x00000000e0000000, 0x00000000eab00000, 0x00000000f5580000)
  object space 175104K, 0% used [0x00000000e0000000,0x00000000e0008000,0x00000000eab00000)
 Metaspace       used 14286K, capacity 14798K, committed 14976K, reserved 1062912K
  class space    used 1956K, capacity 2115K, committed 2176K, reserved 1048576K
Event: 5.930 GC heap after
Heap after GC invocations=4 (full 0):
 PSYoungGen      total 76288K, used 6427K [0x00000000f5580000, 0x00000000faa80000, 0x0000000100000000)
  eden space 65536K, 0% used [0x00000000f5580000,0x00000000f5580000,0x00000000f9580000)
  from space 10752K, 59% used [0x00000000fa000000,0x00000000fa646e88,0x00000000faa80000)
  to   space 10752K, 0% used [0x00000000f9580000,0x00000000f9580000,0x00000000fa000000)
 ParOldGen       total 175104K, used 40K [0x00000000e0000000, 0x00000000eab00000, 0x00000000f5580000)
  object space 175104K, 0% used [0x00000000e0000000,0x00000000e000a000,0x00000000eab00000)
 Metaspace       used 14286K, capacity 14798K, committed 14976K, reserved 1062912K
  class space    used 1956K, capacity 2115K, committed 2176K, reserved 1048576K
}
Event: 6.522 GC heap before
{Heap before GC invocations=5 (full 0):
 PSYoungGen      total 76288K, used 71963K [0x00000000f5580000, 0x00000000faa80000, 0x0000000100000000)
  eden space 65536K, 100% used [0x00000000f5580000,0x00000000f9580000,0x00000000f9580000)
  from space 10752K, 59% used [0x00000000fa000000,0x00000000fa646e88,0x00000000faa80000)
  to   space 10752K, 0% used [0x00000000f9580000,0x00000000f9580000,0x00000000fa000000)
 ParOldGen       total 175104K, used 40K [0x00000000e0000000, 0x00000000eab00000, 0x00000000f5580000)
  object space 175104K, 0% used [0x00000000e0000000,0x00000000e000a000,0x00000000eab00000)
 Metaspace       used 16978K, capacity 17604K, committed 17792K, reserved 1064960K
  class space    used 2243K, capacity 2406K, committed 2432K, reserved 1048576K
Event: 6.541 GC heap after
Heap after GC invocations=5 (full 0):
 PSYoungGen      total 76288K, used 6858K [0x00000000f5580000, 0x00000000fe680000, 0x0000000100000000)
  eden space 65536K, 0% used [0x00000000f5580000,0x00000000f5580000,0x00000000f9580000)
  from space 10752K, 63% used [0x00000000f9580000,0x00000000f9c32a10,0x00000000fa000000)
  to   space 8704K, 0% used [0x00000000fde00000,0x00000000fde00000,0x00000000fe680000)
 ParOldGen       total 175104K, used 48K [0x00000000e0000000, 0x00000000eab00000, 0x00000000f5580000)
  object space 175104K, 0% used [0x00000000e0000000,0x00000000e000c000,0x00000000eab00000)
 Metaspace       used 16978K, capacity 17604K, committed 17792K, reserved 1064960K
  class space    used 2243K, capacity 2406K, committed 2432K, reserved 1048576K
}
Event: 7.180 GC heap before
{Heap before GC invocations=6 (full 0):
 PSYoungGen      total 76288K, used 72394K [0x00000000f5580000, 0x00000000fe680000, 0x0000000100000000)
  eden space 65536K, 100% used [0x00000000f5580000,0x00000000f9580000,0x00000000f9580000)
  from space 10752K, 63% used [0x00000000f9580000,0x00000000f9c32a10,0x00000000fa000000)
  to   space 8704K, 0% used [0x00000000fde00000,0x00000000fde00000,0x00000000fe680000)
 ParOldGen       total 175104K, used 48K [0x00000000e0000000, 0x00000000eab00000, 0x00000000f5580000)
  object space 175104K, 0% used [0x00000000e0000000,0x00000000e000c000,0x00000000eab00000)
 Metaspace       used 19006K, capacity 19602K, committed 19712K, reserved 1067008K
  class space    used 2617K, capacity 2795K, committed 2816K, reserved 1048576K
Event: 7.200 GC heap after
Heap after GC invocations=6 (full 0):
 PSYoungGen      total 138752K, used 8425K [0x00000000f5580000, 0x00000000fe880000, 0x0000000100000000)
  eden space 130048K, 0% used [0x00000000f5580000,0x00000000f5580000,0x00000000fd480000)
  from space 8704K, 96% used [0x00000000fde00000,0x00000000fe63a7d8,0x00000000fe680000)
  to   space 9728K, 0% used [0x00000000fd480000,0x00000000fd480000,0x00000000fde00000)
 ParOldGen       total 175104K, used 56K [0x00000000e0000000, 0x00000000eab00000, 0x00000000f5580000)
  object space 175104K, 0% used [0x00000000e0000000,0x00000000e000e000,0x00000000eab00000)
 Metaspace       used 19006K, capacity 19602K, committed 19712K, reserved 1067008K
  class space    used 2617K, capacity 2795K, committed 2816K, reserved 1048576K
}
Event: 7.622 GC heap before
{Heap before GC invocations=7 (full 0):
 PSYoungGen      total 138752K, used 44707K [0x00000000f5580000, 0x00000000fe880000, 0x0000000100000000)
  eden space 130048K, 27% used [0x00000000f5580000,0x00000000f78ee6f8,0x00000000fd480000)
  from space 8704K, 96% used [0x00000000fde00000,0x00000000fe63a7d8,0x00000000fe680000)
  to   space 9728K, 0% used [0x00000000fd480000,0x00000000fd480000,0x00000000fde00000)
 ParOldGen       total 175104K, used 56K [0x00000000e0000000, 0x00000000eab00000, 0x00000000f5580000)
  object space 175104K, 0% used [0x00000000e0000000,0x00000000e000e000,0x00000000eab00000)
 Metaspace       used 20485K, capacity 21176K, committed 21296K, reserved 1067008K
  class space    used 2851K, capacity 3076K, committed 3120K, reserved 1048576K
Event: 7.647 GC heap after
Heap after GC invocations=7 (full 0):
 PSYoungGen      total 139776K, used 5146K [0x00000000f5580000, 0x0000000100000000, 0x0000000100000000)
  eden space 130048K, 0% used [0x00000000f5580000,0x00000000f5580000,0x00000000fd480000)
  from space 9728K, 52% used [0x00000000fd480000,0x00000000fd986a90,0x00000000fde00000)
  to   space 9216K, 0% used [0x00000000ff700000,0x00000000ff700000,0x0000000100000000)
 ParOldGen       total 175104K, used 2796K [0x00000000e0000000, 0x00000000eab00000, 0x00000000f5580000)
  object space 175104K, 1% used [0x00000000e0000000,0x00000000e02bb060,0x00000000eab00000)
 Metaspace       used 20485K, capacity 21176K, committed 21296K, reserved 1067008K
  class space    used 2851K, capacity 3076K, committed 3120K, reserved 1048576K
}
Event: 7.647 GC heap before
{Heap before GC invocations=8 (full 1):
 PSYoungGen      total 139776K, used 5146K [0x00000000f5580000, 0x0000000100000000, 0x0000000100000000)
  eden space 130048K, 0% used [0x00000000f5580000,0x00000000f5580000,0x00000000fd480000)
  from space 9728K, 52% used [0x00000000fd480000,0x00000000fd986a90,0x00000000fde00000)
  to   space 9216K, 0% used [0x00000000ff700000,0x00000000ff700000,0x0000000100000000)
 ParOldGen       total 175104K, used 2796K [0x00000000e0000000, 0x00000000eab00000, 0x00000000f5580000)
  object space 175104K, 1% used [0x00000000e0000000,0x00000000e02bb060,0x00000000eab00000)
 Metaspace       used 20485K, capacity 21176K, committed 21296K, reserved 1067008K
  class space    used 2851K, capacity 3076K, committed 3120K, reserved 1048576K
Event: 7.723 GC heap after
Heap after GC invocations=8 (full 1):
 PSYoungGen      total 139776K, used 0K [0x00000000f5580000, 0x0000000100000000, 0x0000000100000000)
  eden space 130048K, 0% used [0x00000000f5580000,0x00000000f5580000,0x00000000fd480000)
  from space 9728K, 0% used [0x00000000fd480000,0x00000000fd480000,0x00000000fde00000)
  to   space 9216K, 0% used [0x00000000ff700000,0x00000000ff700000,0x0000000100000000)
 ParOldGen       total 175104K, used 7715K [0x00000000e0000000, 0x00000000eab00000, 0x00000000f5580000)
  object space 175104K, 4% used [0x00000000e0000000,0x00000000e0788dd0,0x00000000eab00000)
 Metaspace       used 20485K, capacity 21176K, committed 21296K, reserved 1067008K
  class space    used 2851K, capacity 3076K, committed 3120K, reserved 1048576K
}

Deoptimization events (10 events):
Event: 6.096 Thread 0x000001ce9c347000 Uncommon trap: reason=unstable_if action=reinterpret pc=0x000001ce87899f90 method=com.android.tools.tracer.agent.objectweb.asm.Attribute.putAttributes(Lcom/android/tools/tracer/agent/objectweb/asm/SymbolTable;IILcom/android/tools/tracer/agent/objectweb/as
Event: 6.096 Thread 0x000001ce9c347000 Uncommon trap: reason=unstable_if action=reinterpret pc=0x000001ce879eca74 method=com.android.tools.tracer.agent.objectweb.asm.MethodWriter.putMethodInfo(Lcom/android/tools/tracer/agent/objectweb/asm/ByteVector;)V @ 9
Event: 6.316 Thread 0x000001ce9c347000 Uncommon trap: reason=unstable_if action=reinterpret pc=0x000001ce8790a384 method=com.android.tools.tracer.agent.objectweb.asm.SymbolTable.addConstantUtf8(Ljava/lang/String;)I @ 40
Event: 6.377 Thread 0x000001ce9c347000 Uncommon trap: reason=unstable_if action=reinterpret pc=0x000001ce877ebbf4 method=java.io.File.getName()Ljava/lang/String; @ 16
Event: 6.884 Thread 0x000001ce9c347000 Uncommon trap: reason=unstable_if action=reinterpret pc=0x000001ce877d1e70 method=java.util.LinkedHashMap.afterNodeInsertion(Z)V @ 1
Event: 6.885 Thread 0x000001ce9c347000 Uncommon trap: reason=unstable_if action=reinterpret pc=0x000001ce8770e12c method=java.util.HashMap.getNode(ILjava/lang/Object;)Ljava/util/HashMap$Node; @ 129
Event: 6.885 Thread 0x000001ce9c347000 Uncommon trap: reason=bimorphic action=maybe_recompile pc=0x000001ce87a00294 method=java.util.HashMap.putVal(ILjava/lang/Object;Ljava/lang/Object;ZZ)Ljava/lang/Object; @ 203
Event: 6.889 Thread 0x000001ce9c347000 Uncommon trap: reason=unstable_if action=reinterpret pc=0x000001ce8770c660 method=java.util.HashMap.getNode(ILjava/lang/Object;)Ljava/util/HashMap$Node; @ 129
Event: 6.889 Thread 0x000001ce9c347000 Uncommon trap: reason=bimorphic action=maybe_recompile pc=0x000001ce87a00294 method=java.util.HashMap.putVal(ILjava/lang/Object;Ljava/lang/Object;ZZ)Ljava/lang/Object; @ 203
Event: 7.602 Thread 0x000001ce9c347000 Uncommon trap: reason=class_check action=maybe_recompile pc=0x000001ce874a6aec method=java.util.stream.AbstractPipeline.wrapAndCopyInto(Ljava/util/stream/Sink;Ljava/util/Spliterator;)Ljava/util/stream/Sink; @ 6

Classes redefined (0 events):
No events

Internal exceptions (10 events):
Event: 5.175 Thread 0x000001ce9d921000 Exception <a 'java/lang/NoSuchMethodError': <clinit>> (0x00000000f6da1ca8) thrown at [C:\wsjdk\Corretto8Src\installers\windows\zip\corretto-build\buildRoot\hotspot\src\share\vm\prims\jni.cpp, line 1614]
Event: 5.192 Thread 0x000001ce9d921000 Exception <a 'java/lang/NoSuchMethodError': <clinit>> (0x00000000f6e7ab18) thrown at [C:\wsjdk\Corretto8Src\installers\windows\zip\corretto-build\buildRoot\hotspot\src\share\vm\prims\jni.cpp, line 1614]
Event: 5.205 Thread 0x000001ce9d921000 Exception <a 'java/lang/NoSuchMethodError': <clinit>> (0x00000000f6eff0c0) thrown at [C:\wsjdk\Corretto8Src\installers\windows\zip\corretto-build\buildRoot\hotspot\src\share\vm\prims\jni.cpp, line 1614]
Event: 5.214 Thread 0x000001ce9d921000 Exception <a 'java/lang/NoSuchMethodError': <clinit>> (0x00000000f6f5ad58) thrown at [C:\wsjdk\Corretto8Src\installers\windows\zip\corretto-build\buildRoot\hotspot\src\share\vm\prims\jni.cpp, line 1614]
Event: 5.216 Thread 0x000001ce9d921000 Exception <a 'java/lang/NoSuchMethodError': <clinit>> (0x00000000f6f6b158) thrown at [C:\wsjdk\Corretto8Src\installers\windows\zip\corretto-build\buildRoot\hotspot\src\share\vm\prims\jni.cpp, line 1614]
Event: 6.481 Thread 0x000001ce9c347000 Exception <a 'java/lang/NoSuchMethodError': java.lang.Object.lambda$and$0(Ljava/util/function/Predicate;Ljava/lang/Object;)Z> (0x00000000f92795b0) thrown at [C:\wsjdk\Corretto8Src\installers\windows\zip\corretto-build\buildRoot\hotspot\src\share\vm\interp
Event: 6.483 Thread 0x000001ce9c347000 Exception <a 'java/lang/IncompatibleClassChangeError': Found class java.lang.Object, but interface was expected> (0x00000000f92979f0) thrown at [C:\wsjdk\Corretto8Src\installers\windows\zip\corretto-build\buildRoot\hotspot\src\share\vm\interpreter\linkRes
Event: 6.486 Thread 0x000001ce9c347000 Exception <a 'java/lang/NoSuchMethodError': java.lang.Object.lambda$or$2(Ljava/util/function/Predicate;Ljava/lang/Object;)Z> (0x00000000f92a9238) thrown at [C:\wsjdk\Corretto8Src\installers\windows\zip\corretto-build\buildRoot\hotspot\src\share\vm\interpr
Event: 6.968 Thread 0x000001ce9c347000 Exception <a 'java/lang/NoSuchMethodError': java.lang.Object.lambda$static$0(Lorg/gradle/internal/state/ModelObject;)Ljava/lang/String;> (0x00000000f7f6b440) thrown at [C:\wsjdk\Corretto8Src\installers\windows\zip\corretto-build\buildRoot\hotspot\src\shar
Event: 7.601 Thread 0x000001ce9c347000 Exception <a 'java/lang/NoSuchMethodError': java.lang.Object.lambda$static$1(Lorg/gradle/internal/snapshot/SnapshotHierarchy$DiffCapturingUpdateFunction;)Lorg/gradle/internal/snapshot/AtomicSnapshotHierarchyReference$UpdateFunction;> (0x00000000f7554780) 

Events (10 events):
Event: 7.738 loading class kotlin/jvm/internal/Reflection
Event: 7.738 loading class kotlin/jvm/internal/Reflection done
Event: 7.739 loading class kotlin/reflect/KClassifier
Event: 7.739 loading class kotlin/reflect/KClassifier done
Event: 7.741 loading class kotlin/reflect/jvm/internal/ReflectionFactoryImpl
Event: 7.741 loading class kotlin/reflect/jvm/internal/ReflectionFactoryImpl done
Event: 7.743 loading class kotlin/jvm/internal/ReflectionFactory
Event: 7.743 loading class kotlin/jvm/internal/ReflectionFactory done
Event: 7.744 loading class kotlin/reflect/KClass
Event: 7.744 loading class kotlin/reflect/KClass done


Dynamic libraries:
0x00007ff603b30000 - 0x00007ff603b6a000 	C:\Users\CCI\.jdks\corretto-1.8.0_372\bin\java.exe
0x00007ffb76bb0000 - 0x00007ffb76da8000 	C:\Windows\SYSTEM32\ntdll.dll
0x00007ffb76a10000 - 0x00007ffb76acf000 	C:\Windows\System32\KERNEL32.DLL
0x00007ffb74500000 - 0x00007ffb747f6000 	C:\Windows\System32\KERNELBASE.dll
0x00007ffb75600000 - 0x00007ffb756af000 	C:\Windows\System32\ADVAPI32.dll
0x00007ffb76ad0000 - 0x00007ffb76b6e000 	C:\Windows\System32\msvcrt.dll
0x00007ffb74dc0000 - 0x00007ffb74e5c000 	C:\Windows\System32\sechost.dll
0x00007ffb76480000 - 0x00007ffb765a6000 	C:\Windows\System32\RPCRT4.dll
0x00007ffb76870000 - 0x00007ffb76a0d000 	C:\Windows\System32\USER32.dll
0x00007ffb74800000 - 0x00007ffb74822000 	C:\Windows\System32\win32u.dll
0x00007ffb76450000 - 0x00007ffb7647c000 	C:\Windows\System32\GDI32.dll
0x00007ffb74290000 - 0x00007ffb743a5000 	C:\Windows\System32\gdi32full.dll
0x00007ffb743b0000 - 0x00007ffb7444d000 	C:\Windows\System32\msvcp_win.dll
0x00007ffb74a90000 - 0x00007ffb74b90000 	C:\Windows\System32\ucrtbase.dll
0x00007ffb66900000 - 0x00007ffb66b9a000 	C:\Windows\WinSxS\amd64_microsoft.windows.common-controls_6595b64144ccf1df_6.0.19041.1110_none_60b5254171f9507e\COMCTL32.dll
0x00007ffb75460000 - 0x00007ffb75490000 	C:\Windows\System32\IMM32.DLL
0x00007ffb49130000 - 0x00007ffb4921f000 	C:\Users\CCI\.jdks\corretto-1.8.0_372\jre\bin\msvcr120.dll
0x00007ffb48780000 - 0x00007ffb48826000 	C:\Users\CCI\.jdks\corretto-1.8.0_372\jre\bin\msvcp120.dll
0x0000000074530000 - 0x0000000074da5000 	C:\Users\CCI\.jdks\corretto-1.8.0_372\jre\bin\server\jvm.dll
0x00007ffb75490000 - 0x00007ffb75498000 	C:\Windows\System32\PSAPI.DLL
0x00007ffb63580000 - 0x00007ffb63589000 	C:\Windows\SYSTEM32\WSOCK32.dll
0x00007ffb679d0000 - 0x00007ffb679f7000 	C:\Windows\SYSTEM32\WINMM.dll
0x00007ffb75530000 - 0x00007ffb7559b000 	C:\Windows\System32\WS2_32.dll
0x00007ffb729a0000 - 0x00007ffb729aa000 	C:\Windows\SYSTEM32\VERSION.dll
0x00007ffb72a90000 - 0x00007ffb72a9f000 	C:\Users\CCI\.jdks\corretto-1.8.0_372\jre\bin\verify.dll
0x00007ffb6b5d0000 - 0x00007ffb6b5f9000 	C:\Users\CCI\.jdks\corretto-1.8.0_372\jre\bin\java.dll
0x00007ffb5f080000 - 0x00007ffb5f0aa000 	C:\Users\CCI\.jdks\corretto-1.8.0_372\jre\bin\instrument.dll
0x00007ffb71fc0000 - 0x00007ffb71fd6000 	C:\Users\CCI\.jdks\corretto-1.8.0_372\jre\bin\zip.dll
0x00007ffb756b0000 - 0x00007ffb75df4000 	C:\Windows\System32\SHELL32.dll
0x00007ffb71fe0000 - 0x00007ffb72773000 	C:\Windows\SYSTEM32\windows.storage.dll
0x00007ffb76000000 - 0x00007ffb76354000 	C:\Windows\System32\combase.dll
0x00007ffb73b30000 - 0x00007ffb73b5e000 	C:\Windows\SYSTEM32\Wldp.dll
0x00007ffb753b0000 - 0x00007ffb7545d000 	C:\Windows\System32\SHCORE.dll
0x00007ffb755a0000 - 0x00007ffb755f5000 	C:\Windows\System32\shlwapi.dll
0x00007ffb741d0000 - 0x00007ffb741ef000 	C:\Windows\SYSTEM32\profapi.dll
0x00007ffb71440000 - 0x00007ffb7144d000 	C:\Users\CCI\.jdks\corretto-1.8.0_372\jre\bin\management.dll
0x00007ffb6f8e0000 - 0x00007ffb6f8fa000 	C:\Users\CCI\.jdks\corretto-1.8.0_372\jre\bin\net.dll
0x00007ffb73910000 - 0x00007ffb7397a000 	C:\Windows\system32\mswsock.dll
0x00007ffb6b5b0000 - 0x00007ffb6b5c2000 	C:\Users\CCI\.jdks\corretto-1.8.0_372\jre\bin\nio.dll
0x00007ffb4f5c0000 - 0x00007ffb4f5d7000 	C:\Windows\system32\napinsp.dll
0x00007ffb4efd0000 - 0x00007ffb4efeb000 	C:\Windows\system32\pnrpnsp.dll
0x00007ffb6e870000 - 0x00007ffb6e885000 	C:\Windows\system32\wshbth.dll
0x00007ffb6f790000 - 0x00007ffb6f7ad000 	C:\Windows\system32\NLAapi.dll
0x00007ffb73620000 - 0x00007ffb7365c000 	C:\Windows\SYSTEM32\IPHLPAPI.DLL
0x00007ffb73660000 - 0x00007ffb7372b000 	C:\Windows\SYSTEM32\DNSAPI.dll
0x00007ffb74e60000 - 0x00007ffb74e68000 	C:\Windows\System32\NSI.dll
0x00007ffb4c630000 - 0x00007ffb4c642000 	C:\Windows\System32\winrnr.dll
0x00007ffb66810000 - 0x00007ffb6681a000 	C:\Windows\System32\rasadhlp.dll
0x00007ffb66bc0000 - 0x00007ffb66c42000 	C:\Windows\System32\fwpuclnt.dll
0x00007ffb74be0000 - 0x00007ffb74c07000 	C:\Windows\System32\bcrypt.dll
0x00007ffb5fba0000 - 0x00007ffb5fbc7000 	C:\Users\CCI\.gradle\native\f6784746aeab05261644944871eae4fe03e0ef1612fff0a4a95f87b438bc6780\windows-amd64\native-platform.dll
0x00007ffb73e70000 - 0x00007ffb73e88000 	C:\Windows\SYSTEM32\CRYPTSP.dll
0x00007ffb73250000 - 0x00007ffb73284000 	C:\Windows\system32\rsaenh.dll
0x00007ffb74190000 - 0x00007ffb741be000 	C:\Windows\SYSTEM32\USERENV.dll
0x00007ffb74a00000 - 0x00007ffb74a82000 	C:\Windows\System32\bcryptprimitives.dll
0x00007ffb73aa0000 - 0x00007ffb73aac000 	C:\Windows\SYSTEM32\CRYPTBASE.dll
0x00007ffb6b990000 - 0x00007ffb6b9a7000 	C:\Windows\SYSTEM32\dhcpcsvc6.DLL
0x00007ffb6c120000 - 0x00007ffb6c13d000 	C:\Windows\SYSTEM32\dhcpcsvc.DLL
0x00007ffb6c430000 - 0x00007ffb6c43b000 	C:\Windows\SYSTEM32\WINNSI.DLL

VM Arguments:
jvm_args: -XX:MaxMetaspaceSize=256m -XX:+HeapDumpOnOutOfMemoryError -javaagent:C:\Program Files\Android\Android Studio\plugins\android\resources\trace_agent.jar=C:\Users\CCI\AppData\Local\Temp\sync.trace.profile -Xms256m -Xmx512m -Dfile.encoding=windows-1252 -Duser.country=US -Duser.language=en -Duser.variant 
java_command: org.gradle.launcher.daemon.bootstrap.GradleDaemon 6.5
java_class_path (initial): C:\Users\CCI\.gradle\wrapper\dists\gradle-6.5-bin\6nifqtx7604sqp1q6g8wikw7p\gradle-6.5\lib\gradle-launcher-6.5.jar;C:\Program Files\Android\Android Studio\plugins\android\resources\trace_agent.jar
Launcher Type: SUN_STANDARD

Environment Variables:
PATH=C:\Program Files\Common Files\Oracle\Java\javapath;C:\Windows\system32;C:\Windows;C:\Windows\System32\Wbem;C:\Windows\System32\WindowsPowerShell\v1.0\;C:\Windows\System32\OpenSSH\;C:\Program Files\Git\cmd;C:\Users\CCI\AppData\Local\Microsoft\WindowsApps;C:\Program Files\Java\jdk-20\bin;
USERNAME=CCI
OS=Windows_NT
PROCESSOR_IDENTIFIER=Intel64 Family 6 Model 61 Stepping 4, GenuineIntel



---------------  S Y S T E M  ---------------

OS: Windows 10 , 64 bit Build 19041 (10.0.19041.2913)

CPU:total 4 (initial active 4) (2 cores per cpu, 2 threads per core) family 6 model 61 stepping 4, cmov, cx8, fxsr, mmx, sse, sse2, sse3, ssse3, sse4.1, sse4.2, popcnt, avx, avx2, aes, clmul, erms, rtm, 3dnowpref, lzcnt, ht, tsc, tscinvbit, bmi1, bmi2, adx

Memory: 4k page, physical 8260716k(745656k free), swap 12455020k(5132k free)

vm_info: OpenJDK 64-Bit Server VM (25.372-b07) for windows-amd64 JRE (1.8.0_372-b07), built on Apr 17 2023 22:43:30 by "Administrator" with MS VC++ 12.0 (VS2013)

time: Wed May 03 16:05:58 2023
timezone: India Standard Time
elapsed time: 7.796330 seconds (0d 0h 0m 7s)

