#
# There is insufficient memory for the Java Runtime Environment to continue.
# Native memory allocation (malloc) failed to allocate 1251856 bytes for Chunk::new
# Possible reasons:
#   The system is out of physical RAM or swap space
#   The process is running with CompressedOops enabled, and the Java Heap may be blocking the growth of the native heap
# Possible solutions:
#   Reduce memory load on the system
#   Increase physical memory or swap space
#   Check if swap backing store is full
#   Decrease Java heap size (-Xmx/-Xms)
#   Decrease number of Java threads
#   Decrease Java thread stack sizes (-Xss)
#   Set larger code cache with -XX:ReservedCodeCacheSize=
#   JVM is running with Unscaled Compressed Oops mode in which the Java heap is
#     placed in the first 4GB address space. The Java Heap base address is the
#     maximum limit for the native heap growth. Please use -XX:HeapBaseMinAddress
#     to set the Java Heap base and to place the Java Heap above 4GB virtual address.
# This output file may be truncated or incomplete.
#
#  Out of Memory Error (arena.cpp:197), pid=8160, tid=13308
#
# JRE version: OpenJDK Runtime Environment Corretto-11.0.19.7.1 (11.0.19+7) (build 11.0.19+7-LTS)
# Java VM: OpenJDK 64-Bit Server VM Corretto-11.0.19.7.1 (11.0.19+7-LTS, mixed mode, tiered, compressed oops, g1 gc, windows-amd64)
# No core dump will be written. Minidumps are not enabled by default on client versions of Windows
#

---------------  S U M M A R Y ------------

Command Line: -XX:MaxMetaspaceSize=256m -XX:+HeapDumpOnOutOfMemoryError -javaagent:C:\Program Files\Android\Android Studio\plugins\android\resources\trace_agent.jar=C:\Users\CCI\AppData\Local\Temp\sync.trace.profile --add-opens=java.base/java.util=ALL-UNNAMED --add-opens=java.base/java.lang=ALL-UNNAMED --add-opens=java.base/java.lang.invoke=ALL-UNNAMED --add-opens=java.base/java.util=ALL-UNNAMED --add-opens=java.prefs/java.util.prefs=ALL-UNNAMED --add-opens=java.prefs/java.util.prefs=ALL-UNNAMED --add-opens=java.base/java.nio.charset=ALL-UNNAMED --add-opens=java.base/java.net=ALL-UNNAMED --add-opens=java.base/java.util.concurrent.atomic=ALL-UNNAMED -Xms256m -Xmx512m -Dfile.encoding=windows-1252 -Duser.country=US -Duser.language=en -Duser.variant org.gradle.launcher.daemon.bootstrap.GradleDaemon 7.5

Host: Intel(R) Core(TM) i5-5300U CPU @ 2.30GHz, 4 cores, 7G,  Windows 10 , 64 bit Build 19041 (10.0.19041.2913)
Time: Thu May 18 13:25:17 2023 India Standard Time elapsed time: 106.867437 seconds (0d 0h 1m 46s)

---------------  T H R E A D  ---------------

Current thread (0x000001a2cad5c800):  JavaThread "C2 CompilerThread0" daemon [_thread_in_native, id=13308, stack(0x0000000101200000,0x0000000101300000)]


Current CompileTask:
C2: 106867 18825       4       com.android.tools.r8.internal.Px::c (280 bytes)

Stack: [0x0000000101200000,0x0000000101300000]
Native frames: (J=compiled Java code, j=interpreted, Vv=VM code, C=native code)
V  [jvm.dll+0x6235aa]
V  [jvm.dll+0x7b0f89]
V  [jvm.dll+0x7b2678]
V  [jvm.dll+0x7b2d53]
V  [jvm.dll+0x24fe38]
V  [jvm.dll+0xc264c]
V  [jvm.dll+0xc2c0c]
V  [jvm.dll+0x35cc37]
V  [jvm.dll+0x328bb3]
V  [jvm.dll+0x327eea]
V  [jvm.dll+0x2092b3]
V  [jvm.dll+0x20840d]
V  [jvm.dll+0x18a3c1]
V  [jvm.dll+0x217ab4]
V  [jvm.dll+0x215cfb]
V  [jvm.dll+0x773a90]
V  [jvm.dll+0x76c9c4]
V  [jvm.dll+0x622415]
C  [ucrtbase.dll+0x21bb2]
C  [KERNEL32.DLL+0x17614]
C  [ntdll.dll+0x526a1]


---------------  P R O C E S S  ---------------

Threads class SMR info:
_java_thread_list=0x000001a2e68e2850, length=92, elements={
0x000001a2afdaa800, 0x000001a2cad35000, 0x000001a2cad40800, 0x000001a2cad55000,
0x000001a2cad57000, 0x000001a2cad58800, 0x000001a2cad5c800, 0x000001a2cad61000,
0x000001a2cad63000, 0x000001a2db010000, 0x000001a2ddb6a000, 0x000001a2e0173000,
0x000001a2dfee3000, 0x000001a2db387800, 0x000001a2db71f800, 0x000001a2e07e8800,
0x000001a2e07e7800, 0x000001a2e07e9000, 0x000001a2e07ea000, 0x000001a2e07e4800,
0x000001a2e07e6000, 0x000001a2dd44f000, 0x000001a2dd44a000, 0x000001a2dd44b000,
0x000001a2dd44d800, 0x000001a2dd44e800, 0x000001a2de8ec800, 0x000001a2de8f0000,
0x000001a2de8ee000, 0x000001a2de8e5000, 0x000001a2de8e6000, 0x000001a2de8e4800,
0x000001a2de8e7000, 0x000001a2de8e3800, 0x000001a2de8e8800, 0x000001a2de8e2800,
0x000001a2de8ed800, 0x000001a2de8e9800, 0x000001a2de8eb800, 0x000001a2de8ea000,
0x000001a2de8f0800, 0x000001a2de8eb000, 0x000001a2de8f1800, 0x000001a2dd450800,
0x000001a2dd451800, 0x000001a2dd44c000, 0x000001a2dd452800, 0x000001a2dd44c800,
0x000001a2dd456800, 0x000001a2dd458000, 0x000001a2dd459000, 0x000001a2dd455000,
0x000001a2dd457800, 0x000001a2dd453000, 0x000001a2dd454000, 0x000001a2dd455800,
0x000001a2e07e5000, 0x000001a2e07e6800, 0x000001a2e07eb000, 0x000001a2dd65e800,
0x000001a2dd65c000, 0x000001a2dd65f800, 0x000001a2dd65a000, 0x000001a2dd65b800,
0x000001a2dd65d000, 0x000001a2dd660800, 0x000001a2dd65a800, 0x000001a2dd663800,
0x000001a2dd662800, 0x000001a2dd65e000, 0x000001a2dd664800, 0x000001a2dd665000,
0x000001a2dd662000, 0x000001a2dd666000, 0x000001a2dd667000, 0x000001a2dd661000,
0x000001a2dd667800, 0x000001a2dd668800, 0x000001a2dfea0800, 0x000001a2dfea2000,
0x000001a2dfea1800, 0x000001a2dfea3800, 0x000001a2dfea3000, 0x000001a2dfe9f800,
0x000001a2dfea4800, 0x000001a2dfe9f000, 0x000001a2dfeaa000, 0x000001a2dfea5800,
0x000001a2dfeac000, 0x000001a2dfea7000, 0x000001a2dfea8800, 0x000001a2dfea6000
}

Java Threads: ( => current thread )
  0x000001a2afdaa800 JavaThread "main" [_thread_blocked, id=1800, stack(0x0000000100600000,0x0000000100700000)]
  0x000001a2cad35000 JavaThread "Reference Handler" daemon [_thread_blocked, id=16132, stack(0x0000000100d00000,0x0000000100e00000)]
  0x000001a2cad40800 JavaThread "Finalizer" daemon [_thread_blocked, id=18388, stack(0x0000000100e00000,0x0000000100f00000)]
  0x000001a2cad55000 JavaThread "Signal Dispatcher" daemon [_thread_blocked, id=14624, stack(0x0000000100f00000,0x0000000101000000)]
  0x000001a2cad57000 JavaThread "Attach Listener" daemon [_thread_blocked, id=10896, stack(0x0000000101000000,0x0000000101100000)]
  0x000001a2cad58800 JavaThread "Service Thread" daemon [_thread_blocked, id=12252, stack(0x0000000101100000,0x0000000101200000)]
=>0x000001a2cad5c800 JavaThread "C2 CompilerThread0" daemon [_thread_in_native, id=13308, stack(0x0000000101200000,0x0000000101300000)]
  0x000001a2cad61000 JavaThread "C1 CompilerThread0" daemon [_thread_in_native, id=17164, stack(0x0000000101300000,0x0000000101400000)]
  0x000001a2cad63000 JavaThread "Sweeper thread" daemon [_thread_blocked, id=15968, stack(0x0000000101400000,0x0000000101500000)]
  0x000001a2db010000 JavaThread "Common-Cleaner" daemon [_thread_blocked, id=13612, stack(0x0000000101500000,0x0000000101600000)]
  0x000001a2ddb6a000 JavaThread "Daemon health stats" [_thread_blocked, id=7376, stack(0x0000000101b00000,0x0000000101c00000)]
  0x000001a2e0173000 JavaThread "Incoming local TCP Connector on port 63682" [_thread_in_native, id=16360, stack(0x0000000101600000,0x0000000101700000)]
  0x000001a2dfee3000 JavaThread "Daemon periodic checks" [_thread_blocked, id=9100, stack(0x0000000101c00000,0x0000000101d00000)]
  0x000001a2db387800 JavaThread "Daemon" [_thread_blocked, id=13892, stack(0x0000000101d00000,0x0000000101e00000)]
  0x000001a2db71f800 JavaThread "Daemon worker" [_thread_blocked, id=14444, stack(0x0000000102000000,0x0000000102100000)]
  0x000001a2e07e8800 JavaThread "Cache worker for journal cache (C:\Users\CCI\.gradle\caches\journal-1)" [_thread_blocked, id=10008, stack(0x0000000102400000,0x0000000102500000)]
  0x000001a2e07e7800 JavaThread "File lock request listener" [_thread_in_native, id=9160, stack(0x0000000102500000,0x0000000102600000)]
  0x000001a2e07e9000 JavaThread "Cache worker for file hash cache (C:\Users\CCI\.gradle\caches\7.5\fileHashes)" [_thread_blocked, id=11372, stack(0x0000000102600000,0x0000000102700000)]
  0x000001a2e07ea000 JavaThread "File watcher server" daemon [_thread_in_native, id=8768, stack(0x0000000102700000,0x0000000102800000)]
  0x000001a2e07e4800 JavaThread "File watcher consumer" daemon [_thread_blocked, id=6368, stack(0x0000000102800000,0x0000000102900000)]
  0x000001a2e07e6000 JavaThread "Cache worker for file content cache (C:\Users\CCI\.gradle\caches\7.5\fileContent)" [_thread_blocked, id=3776, stack(0x0000000102b00000,0x0000000102c00000)]
  0x000001a2dd44f000 JavaThread "Cache worker for execution history cache (C:\Users\CCI\.gradle\caches\7.5\executionHistory)" [_thread_blocked, id=3912, stack(0x0000000102e00000,0x0000000102f00000)]
  0x000001a2dd44a000 JavaThread "jar transforms" [_thread_blocked, id=18376, stack(0x0000000102f00000,0x0000000103000000)]
  0x000001a2dd44b000 JavaThread "jar transforms Thread 2" [_thread_blocked, id=14652, stack(0x0000000103000000,0x0000000103100000)]
  0x000001a2dd44d800 JavaThread "jar transforms Thread 3" [_thread_blocked, id=16736, stack(0x0000000103100000,0x0000000103200000)]
  0x000001a2dd44e800 JavaThread "jar transforms Thread 4" [_thread_blocked, id=13380, stack(0x0000000103200000,0x0000000103300000)]
  0x000001a2de8ec800 JavaThread "Thread-64" daemon [_thread_blocked, id=17216, stack(0x0000000105d00000,0x0000000105e00000)]
  0x000001a2de8f0000 JavaThread "Memory manager" [_thread_blocked, id=17760, stack(0x0000000105f00000,0x0000000106000000)]
  0x000001a2de8ee000 JavaThread "pool-3-thread-1" [_thread_blocked, id=3972, stack(0x0000000106000000,0x0000000106100000)]
  0x000001a2de8e5000 JavaThread "File lock release action executor" [_thread_blocked, id=18068, stack(0x0000000101e00000,0x0000000101f00000)]
  0x000001a2de8e6000 JavaThread "Handler for socket connection from /127.0.0.1:63682 to /127.0.0.1:63692" [_thread_in_native, id=17648, stack(0x0000000101f00000,0x0000000102000000)]
  0x000001a2de8e4800 JavaThread "Cancel handler" [_thread_blocked, id=11884, stack(0x0000000102100000,0x0000000102200000)]
  0x000001a2de8e7000 JavaThread "Asynchronous log dispatcher for DefaultDaemonConnection: socket connection from /127.0.0.1:63682 to /127.0.0.1:63692" [_thread_blocked, id=13108, stack(0x0000000102200000,0x0000000102300000)]
  0x000001a2de8e3800 JavaThread "Daemon client event forwarder" [_thread_blocked, id=12028, stack(0x0000000102a00000,0x0000000102b00000)]
  0x000001a2de8e8800 JavaThread "Cache worker for checksums cache (C:\Users\CCI\AndroidStudioProjects\mCURAPharmacy\.gradle\7.5\checksums)" [_thread_blocked, id=220, stack(0x0000000102c00000,0x0000000102d00000)]
  0x000001a2de8e2800 JavaThread "Cache worker for cache directory md-rule (C:\Users\CCI\.gradle\caches\7.5\md-rule)" [_thread_blocked, id=18040, stack(0x0000000102d00000,0x0000000102e00000)]
  0x000001a2de8ed800 JavaThread "Cache worker for file hash cache (C:\Users\CCI\AndroidStudioProjects\mCURAPharmacy\.gradle\7.5\fileHashes)" [_thread_blocked, id=12776, stack(0x0000000103300000,0x0000000103400000)]
  0x000001a2de8e9800 JavaThread "Cache worker for cache directory md-supplier (C:\Users\CCI\.gradle\caches\7.5\md-supplier)" [_thread_blocked, id=13588, stack(0x0000000103400000,0x0000000103500000)]
  0x000001a2de8eb800 JavaThread "Cache worker for dependencies-accessors (C:\Users\CCI\AndroidStudioProjects\mCURAPharmacy\.gradle\7.5\dependencies-accessors)" [_thread_blocked, id=16504, stack(0x0000000103500000,0x0000000103600000)]
  0x000001a2de8ea000 JavaThread "Cache worker for Build Output Cleanup Cache (C:\Users\CCI\AndroidStudioProjects\mCURAPharmacy\.gradle\buildOutputCleanup)" [_thread_blocked, id=14356, stack(0x0000000103600000,0x0000000103700000)]
  0x000001a2de8f0800 JavaThread "Unconstrained build operations" [_thread_blocked, id=17212, stack(0x0000000103700000,0x0000000103800000)]
  0x000001a2de8eb000 JavaThread "Unconstrained build operations Thread 2" [_thread_in_Java, id=4416, stack(0x0000000103800000,0x0000000103900000)]
  0x000001a2de8f1800 JavaThread "Unconstrained build operations Thread 3" [_thread_blocked, id=13948, stack(0x0000000103900000,0x0000000103a00000)]
  0x000001a2dd450800 JavaThread "Unconstrained build operations Thread 4" [_thread_blocked, id=13660, stack(0x0000000103a00000,0x0000000103b00000)]
  0x000001a2dd451800 JavaThread "Unconstrained build operations Thread 5" [_thread_blocked, id=8892, stack(0x0000000103b00000,0x0000000103c00000)]
  0x000001a2dd44c000 JavaThread "Unconstrained build operations Thread 6" [_thread_blocked, id=3736, stack(0x0000000103c00000,0x0000000103d00000)]
  0x000001a2dd452800 JavaThread "Unconstrained build operations Thread 7" [_thread_blocked, id=5532, stack(0x0000000103d00000,0x0000000103e00000)]
  0x000001a2dd44c800 JavaThread "Unconstrained build operations Thread 8" [_thread_blocked, id=15204, stack(0x0000000103e00000,0x0000000103f00000)]
  0x000001a2dd456800 JavaThread "Unconstrained build operations Thread 9" [_thread_blocked, id=8988, stack(0x0000000103f00000,0x0000000104000000)]
  0x000001a2dd458000 JavaThread "Unconstrained build operations Thread 10" [_thread_blocked, id=11896, stack(0x0000000104000000,0x0000000104100000)]
  0x000001a2dd459000 JavaThread "Unconstrained build operations Thread 11" [_thread_blocked, id=14176, stack(0x0000000104100000,0x0000000104200000)]
  0x000001a2dd455000 JavaThread "Unconstrained build operations Thread 12" [_thread_blocked, id=3268, stack(0x0000000104200000,0x0000000104300000)]
  0x000001a2dd457800 JavaThread "Unconstrained build operations Thread 13" [_thread_blocked, id=4132, stack(0x0000000104300000,0x0000000104400000)]
  0x000001a2dd453000 JavaThread "Unconstrained build operations Thread 14" [_thread_blocked, id=6680, stack(0x0000000104400000,0x0000000104500000)]
  0x000001a2dd454000 JavaThread "Unconstrained build operations Thread 15" [_thread_in_Java, id=4676, stack(0x0000000104500000,0x0000000104600000)]
  0x000001a2dd455800 JavaThread "Unconstrained build operations Thread 16" [_thread_blocked, id=15760, stack(0x0000000104600000,0x0000000104700000)]
  0x000001a2e07e5000 JavaThread "Unconstrained build operations Thread 17" [_thread_blocked, id=7392, stack(0x0000000104700000,0x0000000104800000)]
  0x000001a2e07e6800 JavaThread "Unconstrained build operations Thread 18" [_thread_blocked, id=14856, stack(0x0000000104800000,0x0000000104900000)]
  0x000001a2e07eb000 JavaThread "Unconstrained build operations Thread 19" [_thread_blocked, id=7312, stack(0x0000000104900000,0x0000000104a00000)]
  0x000001a2dd65e800 JavaThread "Unconstrained build operations Thread 20" [_thread_blocked, id=2268, stack(0x0000000104a00000,0x0000000104b00000)]
  0x000001a2dd65c000 JavaThread "Unconstrained build operations Thread 21" [_thread_blocked, id=16164, stack(0x0000000104b00000,0x0000000104c00000)]
  0x000001a2dd65f800 JavaThread "Unconstrained build operations Thread 22" [_thread_blocked, id=1780, stack(0x0000000104c00000,0x0000000104d00000)]
  0x000001a2dd65a000 JavaThread "Unconstrained build operations Thread 23" [_thread_blocked, id=3676, stack(0x0000000104d00000,0x0000000104e00000)]
  0x000001a2dd65b800 JavaThread "Unconstrained build operations Thread 24" [_thread_blocked, id=15740, stack(0x0000000104e00000,0x0000000104f00000)]
  0x000001a2dd65d000 JavaThread "Unconstrained build operations Thread 25" [_thread_blocked, id=12632, stack(0x0000000104f00000,0x0000000105000000)]
  0x000001a2dd660800 JavaThread "Unconstrained build operations Thread 26" [_thread_blocked, id=16192, stack(0x0000000105000000,0x0000000105100000)]
  0x000001a2dd65a800 JavaThread "Unconstrained build operations Thread 27" [_thread_blocked, id=15064, stack(0x0000000105100000,0x0000000105200000)]
  0x000001a2dd663800 JavaThread "Unconstrained build operations Thread 28" [_thread_blocked, id=17704, stack(0x0000000105200000,0x0000000105300000)]
  0x000001a2dd662800 JavaThread "Unconstrained build operations Thread 29" [_thread_blocked, id=13524, stack(0x0000000105300000,0x0000000105400000)]
  0x000001a2dd65e000 JavaThread "Unconstrained build operations Thread 30" [_thread_blocked, id=17308, stack(0x0000000105400000,0x0000000105500000)]
  0x000001a2dd664800 JavaThread "Unconstrained build operations Thread 31" [_thread_blocked, id=12720, stack(0x0000000105500000,0x0000000105600000)]
  0x000001a2dd665000 JavaThread "Unconstrained build operations Thread 32" [_thread_blocked, id=10040, stack(0x0000000105600000,0x0000000105700000)]
  0x000001a2dd662000 JavaThread "Unconstrained build operations Thread 33" [_thread_blocked, id=6672, stack(0x0000000105700000,0x0000000105800000)]
  0x000001a2dd666000 JavaThread "Unconstrained build operations Thread 34" [_thread_blocked, id=16004, stack(0x0000000105800000,0x0000000105900000)]
  0x000001a2dd667000 JavaThread "Unconstrained build operations Thread 35" [_thread_blocked, id=2836, stack(0x0000000105900000,0x0000000105a00000)]
  0x000001a2dd661000 JavaThread "Unconstrained build operations Thread 36" [_thread_blocked, id=7884, stack(0x0000000105a00000,0x0000000105b00000)]
  0x000001a2dd667800 JavaThread "Unconstrained build operations Thread 37" [_thread_blocked, id=15124, stack(0x0000000105b00000,0x0000000105c00000)]
  0x000001a2dd668800 JavaThread "Unconstrained build operations Thread 38" [_thread_blocked, id=11772, stack(0x0000000105c00000,0x0000000105d00000)]
  0x000001a2dfea0800 JavaThread "Unconstrained build operations Thread 39" [_thread_blocked, id=18308, stack(0x0000000105e00000,0x0000000105f00000)]
  0x000001a2dfea2000 JavaThread "Unconstrained build operations Thread 40" [_thread_blocked, id=5756, stack(0x0000000106100000,0x0000000106200000)]
  0x000001a2dfea1800 JavaThread "build event listener" [_thread_blocked, id=14184, stack(0x0000000106300000,0x0000000106400000)]
  0x000001a2dfea3800 JavaThread "pool-6-thread-1" [_thread_blocked, id=16188, stack(0x0000000106400000,0x0000000106500000)]
  0x000001a2dfea3000 JavaThread "build event listener" [_thread_blocked, id=13656, stack(0x0000000106500000,0x0000000106600000)]
  0x000001a2dfe9f800 JavaThread "included builds" [_thread_blocked, id=10608, stack(0x0000000106600000,0x0000000106700000)]
  0x000001a2dfea4800 JavaThread "Execution worker" [_thread_blocked, id=15008, stack(0x0000000106800000,0x0000000106900000)]
  0x000001a2dfe9f000 JavaThread "Execution worker Thread 2" [_thread_in_vm, id=12128, stack(0x0000000106900000,0x0000000106a00000)]
  0x000001a2dfeaa000 JavaThread "Execution worker Thread 3" [_thread_blocked, id=6168, stack(0x0000000106a00000,0x0000000106b00000)]
  0x000001a2dfea5800 JavaThread "Cache worker for execution history cache (C:\Users\CCI\AndroidStudioProjects\mCURAPharmacy\.gradle\7.5\executionHistory)" [_thread_blocked, id=15096, stack(0x0000000106b00000,0x0000000106c00000)]
  0x000001a2dfeac000 JavaThread "WorkerExecutor Queue" [_thread_blocked, id=10516, stack(0x0000000106c00000,0x0000000106d00000)]
  0x000001a2dfea7000 JavaThread "WorkerExecutor Queue Thread 2" [_thread_blocked, id=3252, stack(0x0000000100100000,0x0000000100200000)]
  0x000001a2dfea8800 JavaThread "WorkerExecutor Queue Thread 3" [_thread_blocked, id=17020, stack(0x0000000100500000,0x0000000100600000)]
  0x000001a2dfea6000 JavaThread "WorkerExecutor Queue Thread 5" [_thread_blocked, id=16872, stack(0x0000000106e00000,0x0000000106f00000)]

Other Threads:
  0x000001a2cad10000 VMThread "VM Thread" [stack: 0x0000000100c00000,0x0000000100d00000] [id=15620]
  0x000001a2db938800 WatcherThread [stack: 0x0000000101700000,0x0000000101800000] [id=17172]
  0x000001a2afdc5800 GCTaskThread "GC Thread#0" [stack: 0x0000000100700000,0x0000000100800000] [id=1356]
  0x000001a2dc180800 GCTaskThread "GC Thread#1" [stack: 0x0000000101800000,0x0000000101900000] [id=7388]
  0x000001a2dbe01800 GCTaskThread "GC Thread#2" [stack: 0x0000000101900000,0x0000000101a00000] [id=15376]
  0x000001a2db939000 GCTaskThread "GC Thread#3" [stack: 0x0000000101a00000,0x0000000101b00000] [id=14032]
  0x000001a2afdd6000 ConcurrentGCThread "G1 Main Marker" [stack: 0x0000000100800000,0x0000000100900000] [id=13952]
  0x000001a2afdd8000 ConcurrentGCThread "G1 Conc#0" [stack: 0x0000000100900000,0x0000000100a00000] [id=4744]
  0x000001a2cabaa800 ConcurrentGCThread "G1 Refine#0" [stack: 0x0000000100a00000,0x0000000100b00000] [id=7516]
  0x000001a2dff78000 ConcurrentGCThread "G1 Refine#1" [stack: 0x0000000102900000,0x0000000102a00000] [id=4544]
  0x000001a2cabab800 ConcurrentGCThread "G1 Young RemSet Sampling" [stack: 0x0000000100b00000,0x0000000100c00000] [id=10856]

Threads with active compile tasks:
C2 CompilerThread0   106972 18825       4       com.android.tools.r8.internal.Px::c (280 bytes)
C1 CompilerThread0   106972 19016 %     3       com.android.tools.r8.internal.hO::a @ 358 (520 bytes)

VM state:not at safepoint (normal execution)

VM Mutex/Monitor currently owned by a thread: None

Heap address: 0x00000000e0000000, size: 512 MB, Compressed Oops mode: 32-bit
Narrow klass base: 0x000001a2cad70000, Narrow klass shift: 0
Compressed class space size: 260046848 Address: 0x000001a2cad70000

Heap:
 garbage-first heap   total 262144K, used 205634K [0x00000000e0000000, 0x0000000100000000)
  region size 1024K, 90 young (92160K), 10 survivors (10240K)
 Metaspace       used 120129K, capacity 123593K, committed 123724K, reserved 362496K
  class space    used 15067K, capacity 16512K, committed 16512K, reserved 253952K
Heap Regions: E=young(eden), S=young(survivor), O=old, HS=humongous(starts), HC=humongous(continues), CS=collection set, F=free, A=archive, TAMS=top-at-mark-start (previous, next)
|   0|0x00000000e0000000, 0x00000000e0100000, 0x00000000e0100000|100%| O|  |TAMS 0x00000000e0100000, 0x00000000e0000000| Untracked 
|   1|0x00000000e0100000, 0x00000000e0200000, 0x00000000e0200000|100%| O|  |TAMS 0x00000000e0200000, 0x00000000e0100000| Untracked 
|   2|0x00000000e0200000, 0x00000000e0300000, 0x00000000e0300000|100%| O|  |TAMS 0x00000000e0300000, 0x00000000e0200000| Untracked 
|   3|0x00000000e0300000, 0x00000000e0400000, 0x00000000e0400000|100%|HS|  |TAMS 0x00000000e0400000, 0x00000000e0300000| Complete 
|   4|0x00000000e0400000, 0x00000000e0500000, 0x00000000e0500000|100%|HC|  |TAMS 0x00000000e0500000, 0x00000000e0400000| Complete 
|   5|0x00000000e0500000, 0x00000000e0600000, 0x00000000e0600000|100%|HC|  |TAMS 0x00000000e0600000, 0x00000000e0500000| Complete 
|   6|0x00000000e0600000, 0x00000000e0700000, 0x00000000e0700000|100%| O|  |TAMS 0x00000000e0700000, 0x00000000e0600000| Untracked 
|   7|0x00000000e0700000, 0x00000000e07ffff8, 0x00000000e0800000| 99%| O|  |TAMS 0x00000000e07ffff8, 0x00000000e0700000| Untracked 
|   8|0x00000000e0800000, 0x00000000e0900000, 0x00000000e0900000|100%| O|  |TAMS 0x00000000e0900000, 0x00000000e0800000| Untracked 
|   9|0x00000000e0900000, 0x00000000e0a00000, 0x00000000e0a00000|100%| O|  |TAMS 0x00000000e0a00000, 0x00000000e0900000| Untracked 
|  10|0x00000000e0a00000, 0x00000000e0b00000, 0x00000000e0b00000|100%| O|  |TAMS 0x00000000e0b00000, 0x00000000e0a00000| Untracked 
|  11|0x00000000e0b00000, 0x00000000e0c00000, 0x00000000e0c00000|100%| O|  |TAMS 0x00000000e0c00000, 0x00000000e0b00000| Untracked 
|  12|0x00000000e0c00000, 0x00000000e0d00000, 0x00000000e0d00000|100%| O|  |TAMS 0x00000000e0d00000, 0x00000000e0c00000| Untracked 
|  13|0x00000000e0d00000, 0x00000000e0e00000, 0x00000000e0e00000|100%| O|  |TAMS 0x00000000e0e00000, 0x00000000e0d00000| Untracked 
|  14|0x00000000e0e00000, 0x00000000e0f00000, 0x00000000e0f00000|100%| O|  |TAMS 0x00000000e0f00000, 0x00000000e0e00000| Untracked 
|  15|0x00000000e0f00000, 0x00000000e1000000, 0x00000000e1000000|100%|HS|  |TAMS 0x00000000e1000000, 0x00000000e0f00000| Complete 
|  16|0x00000000e1000000, 0x00000000e1100000, 0x00000000e1100000|100%|HS|  |TAMS 0x00000000e1100000, 0x00000000e1000000| Complete 
|  17|0x00000000e1100000, 0x00000000e1200000, 0x00000000e1200000|100%|HS|  |TAMS 0x00000000e1200000, 0x00000000e1100000| Complete 
|  18|0x00000000e1200000, 0x00000000e1300000, 0x00000000e1300000|100%| O|  |TAMS 0x00000000e1300000, 0x00000000e1200000| Untracked 
|  19|0x00000000e1300000, 0x00000000e1400000, 0x00000000e1400000|100%|HS|  |TAMS 0x00000000e1400000, 0x00000000e1300000| Complete 
|  20|0x00000000e1400000, 0x00000000e1500000, 0x00000000e1500000|100%|HC|  |TAMS 0x00000000e1500000, 0x00000000e1400000| Complete 
|  21|0x00000000e1500000, 0x00000000e1600000, 0x00000000e1600000|100%|HC|  |TAMS 0x00000000e1600000, 0x00000000e1500000| Complete 
|  22|0x00000000e1600000, 0x00000000e1700000, 0x00000000e1700000|100%| O|  |TAMS 0x00000000e1700000, 0x00000000e1600000| Untracked 
|  23|0x00000000e1700000, 0x00000000e1800000, 0x00000000e1800000|100%| O|  |TAMS 0x00000000e1800000, 0x00000000e1700000| Untracked 
|  24|0x00000000e1800000, 0x00000000e1900000, 0x00000000e1900000|100%| O|  |TAMS 0x00000000e1900000, 0x00000000e1800000| Untracked 
|  25|0x00000000e1900000, 0x00000000e1a00000, 0x00000000e1a00000|100%| O|  |TAMS 0x00000000e1a00000, 0x00000000e1900000| Untracked 
|  26|0x00000000e1a00000, 0x00000000e1b00000, 0x00000000e1b00000|100%| O|  |TAMS 0x00000000e1b00000, 0x00000000e1a00000| Untracked 
|  27|0x00000000e1b00000, 0x00000000e1c00000, 0x00000000e1c00000|100%| O|  |TAMS 0x00000000e1c00000, 0x00000000e1b00000| Untracked 
|  28|0x00000000e1c00000, 0x00000000e1d00000, 0x00000000e1d00000|100%| O|  |TAMS 0x00000000e1d00000, 0x00000000e1c00000| Untracked 
|  29|0x00000000e1d00000, 0x00000000e1e00000, 0x00000000e1e00000|100%| O|  |TAMS 0x00000000e1e00000, 0x00000000e1d00000| Untracked 
|  30|0x00000000e1e00000, 0x00000000e1f00000, 0x00000000e1f00000|100%| O|  |TAMS 0x00000000e1f00000, 0x00000000e1e00000| Untracked 
|  31|0x00000000e1f00000, 0x00000000e2000000, 0x00000000e2000000|100%| O|  |TAMS 0x00000000e2000000, 0x00000000e1f00000| Untracked 
|  32|0x00000000e2000000, 0x00000000e2100000, 0x00000000e2100000|100%| O|  |TAMS 0x00000000e2100000, 0x00000000e2000000| Untracked 
|  33|0x00000000e2100000, 0x00000000e2200000, 0x00000000e2200000|100%| O|  |TAMS 0x00000000e2200000, 0x00000000e2100000| Untracked 
|  34|0x00000000e2200000, 0x00000000e2300000, 0x00000000e2300000|100%| O|  |TAMS 0x00000000e2300000, 0x00000000e2200000| Untracked 
|  35|0x00000000e2300000, 0x00000000e2400000, 0x00000000e2400000|100%| O|  |TAMS 0x00000000e2400000, 0x00000000e2300000| Untracked 
|  36|0x00000000e2400000, 0x00000000e2500000, 0x00000000e2500000|100%| O|  |TAMS 0x00000000e2500000, 0x00000000e2400000| Untracked 
|  37|0x00000000e2500000, 0x00000000e2600000, 0x00000000e2600000|100%| O|  |TAMS 0x00000000e2600000, 0x00000000e2500000| Untracked 
|  38|0x00000000e2600000, 0x00000000e2700000, 0x00000000e2700000|100%| O|  |TAMS 0x00000000e2700000, 0x00000000e2600000| Untracked 
|  39|0x00000000e2700000, 0x00000000e2800000, 0x00000000e2800000|100%| O|  |TAMS 0x00000000e2800000, 0x00000000e2700000| Untracked 
|  40|0x00000000e2800000, 0x00000000e2900000, 0x00000000e2900000|100%| O|  |TAMS 0x00000000e2900000, 0x00000000e2800000| Untracked 
|  41|0x00000000e2900000, 0x00000000e2a00000, 0x00000000e2a00000|100%| O|  |TAMS 0x00000000e2a00000, 0x00000000e2900000| Untracked 
|  42|0x00000000e2a00000, 0x00000000e2b00000, 0x00000000e2b00000|100%| O|  |TAMS 0x00000000e2b00000, 0x00000000e2a00000| Untracked 
|  43|0x00000000e2b00000, 0x00000000e2c00000, 0x00000000e2c00000|100%| O|  |TAMS 0x00000000e2c00000, 0x00000000e2b00000| Untracked 
|  44|0x00000000e2c00000, 0x00000000e2d00000, 0x00000000e2d00000|100%| O|  |TAMS 0x00000000e2d00000, 0x00000000e2c00000| Untracked 
|  45|0x00000000e2d00000, 0x00000000e2e00000, 0x00000000e2e00000|100%| O|  |TAMS 0x00000000e2e00000, 0x00000000e2d00000| Untracked 
|  46|0x00000000e2e00000, 0x00000000e2f00000, 0x00000000e2f00000|100%| O|  |TAMS 0x00000000e2f00000, 0x00000000e2e00000| Untracked 
|  47|0x00000000e2f00000, 0x00000000e3000000, 0x00000000e3000000|100%| O|  |TAMS 0x00000000e3000000, 0x00000000e2f00000| Untracked 
|  48|0x00000000e3000000, 0x00000000e3100000, 0x00000000e3100000|100%| O|  |TAMS 0x00000000e3100000, 0x00000000e3000000| Untracked 
|  49|0x00000000e3100000, 0x00000000e3200000, 0x00000000e3200000|100%| O|  |TAMS 0x00000000e3200000, 0x00000000e3100000| Untracked 
|  50|0x00000000e3200000, 0x00000000e3300000, 0x00000000e3300000|100%| O|  |TAMS 0x00000000e3300000, 0x00000000e3200000| Untracked 
|  51|0x00000000e3300000, 0x00000000e3400000, 0x00000000e3400000|100%| O|  |TAMS 0x00000000e3400000, 0x00000000e3300000| Untracked 
|  52|0x00000000e3400000, 0x00000000e3500000, 0x00000000e3500000|100%| O|  |TAMS 0x00000000e3500000, 0x00000000e3400000| Untracked 
|  53|0x00000000e3500000, 0x00000000e3600000, 0x00000000e3600000|100%| O|  |TAMS 0x00000000e3600000, 0x00000000e3500000| Untracked 
|  54|0x00000000e3600000, 0x00000000e3700000, 0x00000000e3700000|100%| O|  |TAMS 0x00000000e3700000, 0x00000000e3600000| Untracked 
|  55|0x00000000e3700000, 0x00000000e3800000, 0x00000000e3800000|100%| O|  |TAMS 0x00000000e3800000, 0x00000000e3700000| Untracked 
|  56|0x00000000e3800000, 0x00000000e3900000, 0x00000000e3900000|100%| O|  |TAMS 0x00000000e3900000, 0x00000000e3800000| Untracked 
|  57|0x00000000e3900000, 0x00000000e3a00000, 0x00000000e3a00000|100%| O|  |TAMS 0x00000000e3a00000, 0x00000000e3900000| Untracked 
|  58|0x00000000e3a00000, 0x00000000e3b00000, 0x00000000e3b00000|100%| O|  |TAMS 0x00000000e3b00000, 0x00000000e3a00000| Untracked 
|  59|0x00000000e3b00000, 0x00000000e3c00000, 0x00000000e3c00000|100%| O|  |TAMS 0x00000000e3c00000, 0x00000000e3b00000| Untracked 
|  60|0x00000000e3c00000, 0x00000000e3d00000, 0x00000000e3d00000|100%| O|  |TAMS 0x00000000e3d00000, 0x00000000e3c00000| Untracked 
|  61|0x00000000e3d00000, 0x00000000e3e00000, 0x00000000e3e00000|100%| O|  |TAMS 0x00000000e3e00000, 0x00000000e3d00000| Untracked 
|  62|0x00000000e3e00000, 0x00000000e3f00000, 0x00000000e3f00000|100%| O|  |TAMS 0x00000000e3f00000, 0x00000000e3e00000| Untracked 
|  63|0x00000000e3f00000, 0x00000000e4000000, 0x00000000e4000000|100%| O|  |TAMS 0x00000000e4000000, 0x00000000e3f00000| Untracked 
|  64|0x00000000e4000000, 0x00000000e4100000, 0x00000000e4100000|100%| O|  |TAMS 0x00000000e4100000, 0x00000000e4000000| Untracked 
|  65|0x00000000e4100000, 0x00000000e4200000, 0x00000000e4200000|100%| O|  |TAMS 0x00000000e4200000, 0x00000000e4100000| Untracked 
|  66|0x00000000e4200000, 0x00000000e4300000, 0x00000000e4300000|100%| O|  |TAMS 0x00000000e4300000, 0x00000000e4200000| Untracked 
|  67|0x00000000e4300000, 0x00000000e4400000, 0x00000000e4400000|100%| O|  |TAMS 0x00000000e4400000, 0x00000000e4300000| Untracked 
|  68|0x00000000e4400000, 0x00000000e4500000, 0x00000000e4500000|100%| O|  |TAMS 0x00000000e4500000, 0x00000000e4400000| Untracked 
|  69|0x00000000e4500000, 0x00000000e4600000, 0x00000000e4600000|100%| O|  |TAMS 0x00000000e4600000, 0x00000000e4500000| Untracked 
|  70|0x00000000e4600000, 0x00000000e4700000, 0x00000000e4700000|100%| O|  |TAMS 0x00000000e4700000, 0x00000000e4600000| Untracked 
|  71|0x00000000e4700000, 0x00000000e4800000, 0x00000000e4800000|100%| O|  |TAMS 0x00000000e4800000, 0x00000000e4700000| Untracked 
|  72|0x00000000e4800000, 0x00000000e4900000, 0x00000000e4900000|100%| O|  |TAMS 0x00000000e4900000, 0x00000000e4800000| Untracked 
|  73|0x00000000e4900000, 0x00000000e4a00000, 0x00000000e4a00000|100%| O|  |TAMS 0x00000000e4a00000, 0x00000000e4900000| Untracked 
|  74|0x00000000e4a00000, 0x00000000e4b00000, 0x00000000e4b00000|100%| O|  |TAMS 0x00000000e4b00000, 0x00000000e4a00000| Untracked 
|  75|0x00000000e4b00000, 0x00000000e4c00000, 0x00000000e4c00000|100%| O|  |TAMS 0x00000000e4c00000, 0x00000000e4b00000| Untracked 
|  76|0x00000000e4c00000, 0x00000000e4d00000, 0x00000000e4d00000|100%| O|  |TAMS 0x00000000e4d00000, 0x00000000e4c00000| Untracked 
|  77|0x00000000e4d00000, 0x00000000e4e00000, 0x00000000e4e00000|100%| O|  |TAMS 0x00000000e4e00000, 0x00000000e4d00000| Untracked 
|  78|0x00000000e4e00000, 0x00000000e4f00000, 0x00000000e4f00000|100%| O|  |TAMS 0x00000000e4f00000, 0x00000000e4e00000| Untracked 
|  79|0x00000000e4f00000, 0x00000000e5000000, 0x00000000e5000000|100%| O|  |TAMS 0x00000000e5000000, 0x00000000e4f00000| Untracked 
|  80|0x00000000e5000000, 0x00000000e5100000, 0x00000000e5100000|100%| O|  |TAMS 0x00000000e5100000, 0x00000000e5000000| Untracked 
|  81|0x00000000e5100000, 0x00000000e5200000, 0x00000000e5200000|100%| O|  |TAMS 0x00000000e5200000, 0x00000000e5100000| Untracked 
|  82|0x00000000e5200000, 0x00000000e5300000, 0x00000000e5300000|100%| O|  |TAMS 0x00000000e5300000, 0x00000000e5200000| Untracked 
|  83|0x00000000e5300000, 0x00000000e5400000, 0x00000000e5400000|100%| O|  |TAMS 0x00000000e5400000, 0x00000000e5300000| Untracked 
|  84|0x00000000e5400000, 0x00000000e5500000, 0x00000000e5500000|100%| O|  |TAMS 0x00000000e5500000, 0x00000000e5400000| Untracked 
|  85|0x00000000e5500000, 0x00000000e5600000, 0x00000000e5600000|100%| O|  |TAMS 0x00000000e5600000, 0x00000000e5500000| Untracked 
|  86|0x00000000e5600000, 0x00000000e5700000, 0x00000000e5700000|100%| O|  |TAMS 0x00000000e5700000, 0x00000000e5600000| Untracked 
|  87|0x00000000e5700000, 0x00000000e5800000, 0x00000000e5800000|100%| O|  |TAMS 0x00000000e5800000, 0x00000000e5700000| Untracked 
|  88|0x00000000e5800000, 0x00000000e5900000, 0x00000000e5900000|100%| O|  |TAMS 0x00000000e5892000, 0x00000000e5800000| Untracked 
|  89|0x00000000e5900000, 0x00000000e5a00000, 0x00000000e5a00000|100%|HS|  |TAMS 0x00000000e5900000, 0x00000000e5900000| Complete 
|  90|0x00000000e5a00000, 0x00000000e5b00000, 0x00000000e5b00000|100%|HC|  |TAMS 0x00000000e5a00000, 0x00000000e5a00000| Complete 
|  91|0x00000000e5b00000, 0x00000000e5c00000, 0x00000000e5c00000|100%| O|  |TAMS 0x00000000e5b00000, 0x00000000e5b00000| Untracked 
|  92|0x00000000e5c00000, 0x00000000e5d00000, 0x00000000e5d00000|100%| O|  |TAMS 0x00000000e5c00000, 0x00000000e5c00000| Untracked 
|  93|0x00000000e5d00000, 0x00000000e5e00000, 0x00000000e5e00000|100%| O|  |TAMS 0x00000000e5d00000, 0x00000000e5d00000| Untracked 
|  94|0x00000000e5e00000, 0x00000000e5f00000, 0x00000000e5f00000|100%| O|  |TAMS 0x00000000e5e00000, 0x00000000e5e00000| Untracked 
|  95|0x00000000e5f00000, 0x00000000e6000000, 0x00000000e6000000|100%| O|  |TAMS 0x00000000e5f00000, 0x00000000e5f00000| Untracked 
|  96|0x00000000e6000000, 0x00000000e6100000, 0x00000000e6100000|100%| O|  |TAMS 0x00000000e6000000, 0x00000000e6000000| Untracked 
|  97|0x00000000e6100000, 0x00000000e6200000, 0x00000000e6200000|100%| O|  |TAMS 0x00000000e6100000, 0x00000000e6100000| Untracked 
|  98|0x00000000e6200000, 0x00000000e6300000, 0x00000000e6300000|100%| O|  |TAMS 0x00000000e6200000, 0x00000000e6200000| Untracked 
|  99|0x00000000e6300000, 0x00000000e6400000, 0x00000000e6400000|100%| O|  |TAMS 0x00000000e6300000, 0x00000000e6300000| Untracked 
| 100|0x00000000e6400000, 0x00000000e6500000, 0x00000000e6500000|100%| O|  |TAMS 0x00000000e6400000, 0x00000000e6400000| Untracked 
| 101|0x00000000e6500000, 0x00000000e6600000, 0x00000000e6600000|100%| O|  |TAMS 0x00000000e6500000, 0x00000000e6500000| Untracked 
| 102|0x00000000e6600000, 0x00000000e6700000, 0x00000000e6700000|100%| O|  |TAMS 0x00000000e6600000, 0x00000000e6600000| Untracked 
| 103|0x00000000e6700000, 0x00000000e6800000, 0x00000000e6800000|100%| O|  |TAMS 0x00000000e6700000, 0x00000000e6700000| Untracked 
| 104|0x00000000e6800000, 0x00000000e6900000, 0x00000000e6900000|100%| O|  |TAMS 0x00000000e6800000, 0x00000000e6800000| Untracked 
| 105|0x00000000e6900000, 0x00000000e6a00000, 0x00000000e6a00000|100%| O|  |TAMS 0x00000000e6900000, 0x00000000e6900000| Untracked 
| 106|0x00000000e6a00000, 0x00000000e6b00000, 0x00000000e6b00000|100%| O|  |TAMS 0x00000000e6a00000, 0x00000000e6a00000| Untracked 
| 107|0x00000000e6b00000, 0x00000000e6c00000, 0x00000000e6c00000|100%| O|  |TAMS 0x00000000e6b00000, 0x00000000e6b00000| Untracked 
| 108|0x00000000e6c00000, 0x00000000e6d00000, 0x00000000e6d00000|100%| O|  |TAMS 0x00000000e6c00000, 0x00000000e6c00000| Untracked 
| 109|0x00000000e6d00000, 0x00000000e6e00000, 0x00000000e6e00000|100%| O|  |TAMS 0x00000000e6d00000, 0x00000000e6d00000| Untracked 
| 110|0x00000000e6e00000, 0x00000000e6f00000, 0x00000000e6f00000|100%| O|  |TAMS 0x00000000e6e00000, 0x00000000e6e00000| Untracked 
| 111|0x00000000e6f00000, 0x00000000e7000000, 0x00000000e7000000|100%| O|  |TAMS 0x00000000e6f00000, 0x00000000e6f00000| Untracked 
| 112|0x00000000e7000000, 0x00000000e7100000, 0x00000000e7100000|100%| O|  |TAMS 0x00000000e7000000, 0x00000000e7000000| Untracked 
| 113|0x00000000e7100000, 0x00000000e7150a00, 0x00000000e7200000| 31%| O|  |TAMS 0x00000000e7100000, 0x00000000e7100000| Untracked 
| 114|0x00000000e7200000, 0x00000000e7200000, 0x00000000e7300000|  0%| F|  |TAMS 0x00000000e7200000, 0x00000000e7200000| Untracked 
| 115|0x00000000e7300000, 0x00000000e7300000, 0x00000000e7400000|  0%| F|  |TAMS 0x00000000e7300000, 0x00000000e7300000| Untracked 
| 116|0x00000000e7400000, 0x00000000e7400000, 0x00000000e7500000|  0%| F|  |TAMS 0x00000000e7400000, 0x00000000e7400000| Untracked 
| 117|0x00000000e7500000, 0x00000000e7500000, 0x00000000e7600000|  0%| F|  |TAMS 0x00000000e7500000, 0x00000000e7500000| Untracked 
| 118|0x00000000e7600000, 0x00000000e7600000, 0x00000000e7700000|  0%| F|  |TAMS 0x00000000e7600000, 0x00000000e7600000| Untracked 
| 119|0x00000000e7700000, 0x00000000e7700000, 0x00000000e7800000|  0%| F|  |TAMS 0x00000000e7700000, 0x00000000e7700000| Untracked 
| 120|0x00000000e7800000, 0x00000000e7800000, 0x00000000e7900000|  0%| F|  |TAMS 0x00000000e7800000, 0x00000000e7800000| Untracked 
| 121|0x00000000e7900000, 0x00000000e7900000, 0x00000000e7a00000|  0%| F|  |TAMS 0x00000000e7900000, 0x00000000e7900000| Untracked 
| 122|0x00000000e7a00000, 0x00000000e7a00000, 0x00000000e7b00000|  0%| F|  |TAMS 0x00000000e7a00000, 0x00000000e7a00000| Untracked 
| 123|0x00000000e7b00000, 0x00000000e7b00000, 0x00000000e7c00000|  0%| F|  |TAMS 0x00000000e7b00000, 0x00000000e7b00000| Untracked 
| 124|0x00000000e7c00000, 0x00000000e7c00000, 0x00000000e7d00000|  0%| F|  |TAMS 0x00000000e7c00000, 0x00000000e7c00000| Untracked 
| 125|0x00000000e7d00000, 0x00000000e7d00000, 0x00000000e7e00000|  0%| F|  |TAMS 0x00000000e7d00000, 0x00000000e7d00000| Untracked 
| 126|0x00000000e7e00000, 0x00000000e7e00000, 0x00000000e7f00000|  0%| F|  |TAMS 0x00000000e7e00000, 0x00000000e7e00000| Untracked 
| 127|0x00000000e7f00000, 0x00000000e7f00000, 0x00000000e8000000|  0%| F|  |TAMS 0x00000000e7f00000, 0x00000000e7f00000| Untracked 
| 128|0x00000000e8000000, 0x00000000e8000000, 0x00000000e8100000|  0%| F|  |TAMS 0x00000000e8000000, 0x00000000e8000000| Untracked 
| 129|0x00000000e8100000, 0x00000000e8100000, 0x00000000e8200000|  0%| F|  |TAMS 0x00000000e8100000, 0x00000000e8100000| Untracked 
| 130|0x00000000e8200000, 0x00000000e8200000, 0x00000000e8300000|  0%| F|  |TAMS 0x00000000e8200000, 0x00000000e8200000| Untracked 
| 131|0x00000000e8300000, 0x00000000e8300000, 0x00000000e8400000|  0%| F|  |TAMS 0x00000000e8300000, 0x00000000e8300000| Untracked 
| 132|0x00000000e8400000, 0x00000000e8400000, 0x00000000e8500000|  0%| F|  |TAMS 0x00000000e8400000, 0x00000000e8400000| Untracked 
| 133|0x00000000e8500000, 0x00000000e8500000, 0x00000000e8600000|  0%| F|  |TAMS 0x00000000e8500000, 0x00000000e8500000| Untracked 
| 134|0x00000000e8600000, 0x00000000e8600000, 0x00000000e8700000|  0%| F|  |TAMS 0x00000000e8600000, 0x00000000e8600000| Untracked 
| 135|0x00000000e8700000, 0x00000000e8700000, 0x00000000e8800000|  0%| F|  |TAMS 0x00000000e8700000, 0x00000000e8700000| Untracked 
| 136|0x00000000e8800000, 0x00000000e8800000, 0x00000000e8900000|  0%| F|  |TAMS 0x00000000e8800000, 0x00000000e8800000| Untracked 
| 137|0x00000000e8900000, 0x00000000e8900000, 0x00000000e8a00000|  0%| F|  |TAMS 0x00000000e8900000, 0x00000000e8900000| Untracked 
| 138|0x00000000e8a00000, 0x00000000e8a00000, 0x00000000e8b00000|  0%| F|  |TAMS 0x00000000e8a00000, 0x00000000e8a00000| Untracked 
| 139|0x00000000e8b00000, 0x00000000e8b00000, 0x00000000e8c00000|  0%| F|  |TAMS 0x00000000e8b00000, 0x00000000e8b00000| Untracked 
| 140|0x00000000e8c00000, 0x00000000e8c00000, 0x00000000e8d00000|  0%| F|  |TAMS 0x00000000e8c00000, 0x00000000e8c00000| Untracked 
| 141|0x00000000e8d00000, 0x00000000e8d00000, 0x00000000e8e00000|  0%| F|  |TAMS 0x00000000e8d00000, 0x00000000e8d00000| Untracked 
| 142|0x00000000e8e00000, 0x00000000e8e00000, 0x00000000e8f00000|  0%| F|  |TAMS 0x00000000e8e00000, 0x00000000e8e00000| Untracked 
| 143|0x00000000e8f00000, 0x00000000e8f00000, 0x00000000e9000000|  0%| F|  |TAMS 0x00000000e8f00000, 0x00000000e8f00000| Untracked 
| 144|0x00000000e9000000, 0x00000000e9000000, 0x00000000e9100000|  0%| F|  |TAMS 0x00000000e9000000, 0x00000000e9000000| Untracked 
| 145|0x00000000e9100000, 0x00000000e9100000, 0x00000000e9200000|  0%| F|  |TAMS 0x00000000e9100000, 0x00000000e9100000| Untracked 
| 146|0x00000000e9200000, 0x00000000e9200000, 0x00000000e9300000|  0%| F|  |TAMS 0x00000000e9200000, 0x00000000e9200000| Untracked 
| 147|0x00000000e9300000, 0x00000000e9300000, 0x00000000e9400000|  0%| F|  |TAMS 0x00000000e9300000, 0x00000000e9300000| Untracked 
| 148|0x00000000e9400000, 0x00000000e9400000, 0x00000000e9500000|  0%| F|  |TAMS 0x00000000e9400000, 0x00000000e9400000| Untracked 
| 149|0x00000000e9500000, 0x00000000e9580000, 0x00000000e9600000| 50%| S|CS|TAMS 0x00000000e9500000, 0x00000000e9500000| Complete 
| 150|0x00000000e9600000, 0x00000000e9700000, 0x00000000e9700000|100%| S|CS|TAMS 0x00000000e9600000, 0x00000000e9600000| Complete 
| 151|0x00000000e9700000, 0x00000000e9800000, 0x00000000e9800000|100%| S|CS|TAMS 0x00000000e9700000, 0x00000000e9700000| Complete 
| 152|0x00000000e9800000, 0x00000000e9900000, 0x00000000e9900000|100%| S|CS|TAMS 0x00000000e9800000, 0x00000000e9800000| Complete 
| 153|0x00000000e9900000, 0x00000000e9a00000, 0x00000000e9a00000|100%| S|CS|TAMS 0x00000000e9900000, 0x00000000e9900000| Complete 
| 154|0x00000000e9a00000, 0x00000000e9b00000, 0x00000000e9b00000|100%| S|CS|TAMS 0x00000000e9a00000, 0x00000000e9a00000| Complete 
| 155|0x00000000e9b00000, 0x00000000e9c00000, 0x00000000e9c00000|100%| S|CS|TAMS 0x00000000e9b00000, 0x00000000e9b00000| Complete 
| 156|0x00000000e9c00000, 0x00000000e9d00000, 0x00000000e9d00000|100%| S|CS|TAMS 0x00000000e9c00000, 0x00000000e9c00000| Complete 
| 157|0x00000000e9d00000, 0x00000000e9e00000, 0x00000000e9e00000|100%| S|CS|TAMS 0x00000000e9d00000, 0x00000000e9d00000| Complete 
| 158|0x00000000e9e00000, 0x00000000e9f00000, 0x00000000e9f00000|100%| S|CS|TAMS 0x00000000e9e00000, 0x00000000e9e00000| Complete 
| 159|0x00000000e9f00000, 0x00000000e9f00000, 0x00000000ea000000|  0%| F|  |TAMS 0x00000000e9f00000, 0x00000000e9f00000| Untracked 
| 160|0x00000000ea000000, 0x00000000ea000000, 0x00000000ea100000|  0%| F|  |TAMS 0x00000000ea000000, 0x00000000ea000000| Untracked 
| 161|0x00000000ea100000, 0x00000000ea100000, 0x00000000ea200000|  0%| F|  |TAMS 0x00000000ea100000, 0x00000000ea100000| Untracked 
| 162|0x00000000ea200000, 0x00000000ea200000, 0x00000000ea300000|  0%| F|  |TAMS 0x00000000ea200000, 0x00000000ea200000| Untracked 
| 163|0x00000000ea300000, 0x00000000ea300000, 0x00000000ea400000|  0%| F|  |TAMS 0x00000000ea300000, 0x00000000ea300000| Untracked 
| 164|0x00000000ea400000, 0x00000000ea400000, 0x00000000ea500000|  0%| F|  |TAMS 0x00000000ea400000, 0x00000000ea400000| Untracked 
| 165|0x00000000ea500000, 0x00000000ea500000, 0x00000000ea600000|  0%| F|  |TAMS 0x00000000ea500000, 0x00000000ea500000| Untracked 
| 166|0x00000000ea600000, 0x00000000ea600000, 0x00000000ea700000|  0%| F|  |TAMS 0x00000000ea600000, 0x00000000ea600000| Untracked 
| 167|0x00000000ea700000, 0x00000000ea700000, 0x00000000ea800000|  0%| F|  |TAMS 0x00000000ea700000, 0x00000000ea700000| Untracked 
| 168|0x00000000ea800000, 0x00000000ea800000, 0x00000000ea900000|  0%| F|  |TAMS 0x00000000ea800000, 0x00000000ea800000| Untracked 
| 169|0x00000000ea900000, 0x00000000ea900000, 0x00000000eaa00000|  0%| F|  |TAMS 0x00000000ea900000, 0x00000000ea900000| Untracked 
| 170|0x00000000eaa00000, 0x00000000eaa00000, 0x00000000eab00000|  0%| F|  |TAMS 0x00000000eaa00000, 0x00000000eaa00000| Untracked 
| 171|0x00000000eab00000, 0x00000000eab00000, 0x00000000eac00000|  0%| F|  |TAMS 0x00000000eab00000, 0x00000000eab00000| Untracked 
| 172|0x00000000eac00000, 0x00000000eac00000, 0x00000000ead00000|  0%| F|  |TAMS 0x00000000eac00000, 0x00000000eac00000| Untracked 
| 173|0x00000000ead00000, 0x00000000ead00000, 0x00000000eae00000|  0%| F|  |TAMS 0x00000000ead00000, 0x00000000ead00000| Untracked 
| 174|0x00000000eae00000, 0x00000000eae80800, 0x00000000eaf00000| 50%| E|  |TAMS 0x00000000eae00000, 0x00000000eae00000| Complete 
| 175|0x00000000eaf00000, 0x00000000eb000000, 0x00000000eb000000|100%| E|CS|TAMS 0x00000000eaf00000, 0x00000000eaf00000| Complete 
| 176|0x00000000eb000000, 0x00000000eb100000, 0x00000000eb100000|100%| E|CS|TAMS 0x00000000eb000000, 0x00000000eb000000| Complete 
| 177|0x00000000eb100000, 0x00000000eb200000, 0x00000000eb200000|100%| E|CS|TAMS 0x00000000eb100000, 0x00000000eb100000| Complete 
| 178|0x00000000eb200000, 0x00000000eb300000, 0x00000000eb300000|100%| E|CS|TAMS 0x00000000eb200000, 0x00000000eb200000| Complete 
| 179|0x00000000eb300000, 0x00000000eb400000, 0x00000000eb400000|100%| E|CS|TAMS 0x00000000eb300000, 0x00000000eb300000| Complete 
| 180|0x00000000eb400000, 0x00000000eb500000, 0x00000000eb500000|100%| E|CS|TAMS 0x00000000eb400000, 0x00000000eb400000| Complete 
| 181|0x00000000eb500000, 0x00000000eb600000, 0x00000000eb600000|100%| E|CS|TAMS 0x00000000eb500000, 0x00000000eb500000| Complete 
| 182|0x00000000eb600000, 0x00000000eb700000, 0x00000000eb700000|100%| E|CS|TAMS 0x00000000eb600000, 0x00000000eb600000| Complete 
| 183|0x00000000eb700000, 0x00000000eb800000, 0x00000000eb800000|100%| E|CS|TAMS 0x00000000eb700000, 0x00000000eb700000| Complete 
| 184|0x00000000eb800000, 0x00000000eb900000, 0x00000000eb900000|100%| E|CS|TAMS 0x00000000eb800000, 0x00000000eb800000| Complete 
| 185|0x00000000eb900000, 0x00000000eba00000, 0x00000000eba00000|100%| E|CS|TAMS 0x00000000eb900000, 0x00000000eb900000| Complete 
| 186|0x00000000eba00000, 0x00000000ebb00000, 0x00000000ebb00000|100%| E|CS|TAMS 0x00000000eba00000, 0x00000000eba00000| Complete 
| 187|0x00000000ebb00000, 0x00000000ebc00000, 0x00000000ebc00000|100%| E|CS|TAMS 0x00000000ebb00000, 0x00000000ebb00000| Complete 
| 188|0x00000000ebc00000, 0x00000000ebd00000, 0x00000000ebd00000|100%| E|CS|TAMS 0x00000000ebc00000, 0x00000000ebc00000| Complete 
| 189|0x00000000ebd00000, 0x00000000ebe00000, 0x00000000ebe00000|100%| E|CS|TAMS 0x00000000ebd00000, 0x00000000ebd00000| Complete 
| 190|0x00000000ebe00000, 0x00000000ebf00000, 0x00000000ebf00000|100%| E|CS|TAMS 0x00000000ebe00000, 0x00000000ebe00000| Complete 
| 191|0x00000000ebf00000, 0x00000000ec000000, 0x00000000ec000000|100%| E|CS|TAMS 0x00000000ebf00000, 0x00000000ebf00000| Complete 
| 192|0x00000000ec000000, 0x00000000ec100000, 0x00000000ec100000|100%| E|CS|TAMS 0x00000000ec000000, 0x00000000ec000000| Complete 
| 193|0x00000000ec100000, 0x00000000ec200000, 0x00000000ec200000|100%| E|CS|TAMS 0x00000000ec100000, 0x00000000ec100000| Complete 
| 194|0x00000000ec200000, 0x00000000ec300000, 0x00000000ec300000|100%| E|CS|TAMS 0x00000000ec200000, 0x00000000ec200000| Complete 
| 195|0x00000000ec300000, 0x00000000ec400000, 0x00000000ec400000|100%| E|CS|TAMS 0x00000000ec300000, 0x00000000ec300000| Complete 
| 196|0x00000000ec400000, 0x00000000ec500000, 0x00000000ec500000|100%| E|CS|TAMS 0x00000000ec400000, 0x00000000ec400000| Complete 
| 197|0x00000000ec500000, 0x00000000ec600000, 0x00000000ec600000|100%| E|CS|TAMS 0x00000000ec500000, 0x00000000ec500000| Complete 
| 198|0x00000000ec600000, 0x00000000ec700000, 0x00000000ec700000|100%| E|CS|TAMS 0x00000000ec600000, 0x00000000ec600000| Complete 
| 199|0x00000000ec700000, 0x00000000ec800000, 0x00000000ec800000|100%| E|CS|TAMS 0x00000000ec700000, 0x00000000ec700000| Complete 
| 200|0x00000000ec800000, 0x00000000ec900000, 0x00000000ec900000|100%| E|CS|TAMS 0x00000000ec800000, 0x00000000ec800000| Complete 
| 201|0x00000000ec900000, 0x00000000eca00000, 0x00000000eca00000|100%| E|CS|TAMS 0x00000000ec900000, 0x00000000ec900000| Complete 
| 202|0x00000000eca00000, 0x00000000ecb00000, 0x00000000ecb00000|100%| E|CS|TAMS 0x00000000eca00000, 0x00000000eca00000| Complete 
| 203|0x00000000ecb00000, 0x00000000ecc00000, 0x00000000ecc00000|100%| E|CS|TAMS 0x00000000ecb00000, 0x00000000ecb00000| Complete 
| 204|0x00000000ecc00000, 0x00000000ecd00000, 0x00000000ecd00000|100%| E|CS|TAMS 0x00000000ecc00000, 0x00000000ecc00000| Complete 
| 205|0x00000000ecd00000, 0x00000000ece00000, 0x00000000ece00000|100%| E|CS|TAMS 0x00000000ecd00000, 0x00000000ecd00000| Complete 
| 206|0x00000000ece00000, 0x00000000ecf00000, 0x00000000ecf00000|100%| E|CS|TAMS 0x00000000ece00000, 0x00000000ece00000| Complete 
| 207|0x00000000ecf00000, 0x00000000ed000000, 0x00000000ed000000|100%| E|CS|TAMS 0x00000000ecf00000, 0x00000000ecf00000| Complete 
| 208|0x00000000ed000000, 0x00000000ed100000, 0x00000000ed100000|100%| E|CS|TAMS 0x00000000ed000000, 0x00000000ed000000| Complete 
| 209|0x00000000ed100000, 0x00000000ed200000, 0x00000000ed200000|100%| E|CS|TAMS 0x00000000ed100000, 0x00000000ed100000| Complete 
| 210|0x00000000ed200000, 0x00000000ed300000, 0x00000000ed300000|100%| E|CS|TAMS 0x00000000ed200000, 0x00000000ed200000| Complete 
| 211|0x00000000ed300000, 0x00000000ed400000, 0x00000000ed400000|100%| E|CS|TAMS 0x00000000ed300000, 0x00000000ed300000| Complete 
| 212|0x00000000ed400000, 0x00000000ed500000, 0x00000000ed500000|100%| E|CS|TAMS 0x00000000ed400000, 0x00000000ed400000| Complete 
| 213|0x00000000ed500000, 0x00000000ed600000, 0x00000000ed600000|100%| E|CS|TAMS 0x00000000ed500000, 0x00000000ed500000| Complete 
| 214|0x00000000ed600000, 0x00000000ed700000, 0x00000000ed700000|100%| E|CS|TAMS 0x00000000ed600000, 0x00000000ed600000| Complete 
| 215|0x00000000ed700000, 0x00000000ed800000, 0x00000000ed800000|100%| E|CS|TAMS 0x00000000ed700000, 0x00000000ed700000| Complete 
| 216|0x00000000ed800000, 0x00000000ed900000, 0x00000000ed900000|100%| E|CS|TAMS 0x00000000ed800000, 0x00000000ed800000| Complete 
| 217|0x00000000ed900000, 0x00000000eda00000, 0x00000000eda00000|100%| E|CS|TAMS 0x00000000ed900000, 0x00000000ed900000| Complete 
| 218|0x00000000eda00000, 0x00000000edb00000, 0x00000000edb00000|100%| E|CS|TAMS 0x00000000eda00000, 0x00000000eda00000| Complete 
| 219|0x00000000edb00000, 0x00000000edc00000, 0x00000000edc00000|100%| E|CS|TAMS 0x00000000edb00000, 0x00000000edb00000| Complete 
| 220|0x00000000edc00000, 0x00000000edd00000, 0x00000000edd00000|100%| E|CS|TAMS 0x00000000edc00000, 0x00000000edc00000| Complete 
| 221|0x00000000edd00000, 0x00000000ede00000, 0x00000000ede00000|100%| E|CS|TAMS 0x00000000edd00000, 0x00000000edd00000| Complete 
| 222|0x00000000ede00000, 0x00000000edf00000, 0x00000000edf00000|100%| E|CS|TAMS 0x00000000ede00000, 0x00000000ede00000| Complete 
| 223|0x00000000edf00000, 0x00000000ee000000, 0x00000000ee000000|100%| E|CS|TAMS 0x00000000edf00000, 0x00000000edf00000| Complete 
| 224|0x00000000ee000000, 0x00000000ee100000, 0x00000000ee100000|100%| E|CS|TAMS 0x00000000ee000000, 0x00000000ee000000| Complete 
| 225|0x00000000ee100000, 0x00000000ee200000, 0x00000000ee200000|100%| E|CS|TAMS 0x00000000ee100000, 0x00000000ee100000| Complete 
| 226|0x00000000ee200000, 0x00000000ee300000, 0x00000000ee300000|100%| E|CS|TAMS 0x00000000ee200000, 0x00000000ee200000| Complete 
| 227|0x00000000ee300000, 0x00000000ee400000, 0x00000000ee400000|100%| E|CS|TAMS 0x00000000ee300000, 0x00000000ee300000| Complete 
| 228|0x00000000ee400000, 0x00000000ee500000, 0x00000000ee500000|100%| E|CS|TAMS 0x00000000ee400000, 0x00000000ee400000| Complete 
| 229|0x00000000ee500000, 0x00000000ee600000, 0x00000000ee600000|100%| E|CS|TAMS 0x00000000ee500000, 0x00000000ee500000| Complete 
| 230|0x00000000ee600000, 0x00000000ee700000, 0x00000000ee700000|100%| E|CS|TAMS 0x00000000ee600000, 0x00000000ee600000| Complete 
| 231|0x00000000ee700000, 0x00000000ee800000, 0x00000000ee800000|100%| E|CS|TAMS 0x00000000ee700000, 0x00000000ee700000| Complete 
| 232|0x00000000ee800000, 0x00000000ee900000, 0x00000000ee900000|100%| E|CS|TAMS 0x00000000ee800000, 0x00000000ee800000| Complete 
| 233|0x00000000ee900000, 0x00000000eea00000, 0x00000000eea00000|100%| E|CS|TAMS 0x00000000ee900000, 0x00000000ee900000| Complete 
| 234|0x00000000eea00000, 0x00000000eeb00000, 0x00000000eeb00000|100%| E|CS|TAMS 0x00000000eea00000, 0x00000000eea00000| Complete 
| 235|0x00000000eeb00000, 0x00000000eec00000, 0x00000000eec00000|100%| E|CS|TAMS 0x00000000eeb00000, 0x00000000eeb00000| Complete 
| 236|0x00000000eec00000, 0x00000000eed00000, 0x00000000eed00000|100%| E|CS|TAMS 0x00000000eec00000, 0x00000000eec00000| Complete 
| 237|0x00000000eed00000, 0x00000000eee00000, 0x00000000eee00000|100%| E|CS|TAMS 0x00000000eed00000, 0x00000000eed00000| Complete 
| 238|0x00000000eee00000, 0x00000000eef00000, 0x00000000eef00000|100%| E|CS|TAMS 0x00000000eee00000, 0x00000000eee00000| Complete 
| 239|0x00000000eef00000, 0x00000000ef000000, 0x00000000ef000000|100%| E|CS|TAMS 0x00000000eef00000, 0x00000000eef00000| Complete 
| 240|0x00000000ef000000, 0x00000000ef100000, 0x00000000ef100000|100%| E|CS|TAMS 0x00000000ef000000, 0x00000000ef000000| Complete 
| 241|0x00000000ef100000, 0x00000000ef200000, 0x00000000ef200000|100%| E|CS|TAMS 0x00000000ef100000, 0x00000000ef100000| Complete 
| 242|0x00000000ef200000, 0x00000000ef300000, 0x00000000ef300000|100%| E|CS|TAMS 0x00000000ef200000, 0x00000000ef200000| Complete 
| 243|0x00000000ef300000, 0x00000000ef400000, 0x00000000ef400000|100%| E|CS|TAMS 0x00000000ef300000, 0x00000000ef300000| Complete 
| 244|0x00000000ef400000, 0x00000000ef500000, 0x00000000ef500000|100%| E|CS|TAMS 0x00000000ef400000, 0x00000000ef400000| Complete 
| 245|0x00000000ef500000, 0x00000000ef600000, 0x00000000ef600000|100%| E|CS|TAMS 0x00000000ef500000, 0x00000000ef500000| Complete 
| 246|0x00000000ef600000, 0x00000000ef700000, 0x00000000ef700000|100%| E|CS|TAMS 0x00000000ef600000, 0x00000000ef600000| Complete 
| 247|0x00000000ef700000, 0x00000000ef800000, 0x00000000ef800000|100%| E|CS|TAMS 0x00000000ef700000, 0x00000000ef700000| Complete 
| 248|0x00000000ef800000, 0x00000000ef900000, 0x00000000ef900000|100%| E|CS|TAMS 0x00000000ef800000, 0x00000000ef800000| Complete 
| 249|0x00000000ef900000, 0x00000000efa00000, 0x00000000efa00000|100%| E|  |TAMS 0x00000000ef900000, 0x00000000ef900000| Complete 
| 250|0x00000000efa00000, 0x00000000efb00000, 0x00000000efb00000|100%| E|CS|TAMS 0x00000000efa00000, 0x00000000efa00000| Complete 
| 251|0x00000000efb00000, 0x00000000efc00000, 0x00000000efc00000|100%| E|CS|TAMS 0x00000000efb00000, 0x00000000efb00000| Complete 
| 252|0x00000000efc00000, 0x00000000efd00000, 0x00000000efd00000|100%| E|CS|TAMS 0x00000000efc00000, 0x00000000efc00000| Complete 
| 253|0x00000000efd00000, 0x00000000efe00000, 0x00000000efe00000|100%| E|CS|TAMS 0x00000000efd00000, 0x00000000efd00000| Complete 
| 254|0x00000000efe00000, 0x00000000eff00000, 0x00000000eff00000|100%| E|CS|TAMS 0x00000000efe00000, 0x00000000efe00000| Complete 
| 255|0x00000000eff00000, 0x00000000f0000000, 0x00000000f0000000|100%| E|CS|TAMS 0x00000000eff00000, 0x00000000eff00000| Complete 

Card table byte_map: [0x000001a2c7530000,0x000001a2c7630000] _byte_map_base: 0x000001a2c6e30000

Marking Bits (Prev, Next): (CMBitMap*) 0x000001a2afdd3218, (CMBitMap*) 0x000001a2afdd3250
 Prev Bits: [0x000001a2c7730000, 0x000001a2c7f30000)
 Next Bits: [0x000001a2c7f30000, 0x000001a2c8730000)

Polling page: 0x000001a2adcb0000

Metaspace:

Usage:
  Non-class:    104.57 MB capacity,   102.61 MB ( 98%) used,     1.53 MB (  1%) free+waste,   442.88 KB ( <1%) overhead. 
      Class:     16.13 MB capacity,    14.71 MB ( 91%) used,     1.21 MB (  8%) free+waste,   204.81 KB (  1%) overhead. 
       Both:    120.70 MB capacity,   117.32 MB ( 97%) used,     2.74 MB (  2%) free+waste,   647.69 KB ( <1%) overhead. 

Virtual space:
  Non-class space:      106.00 MB reserved,     104.70 MB ( 99%) committed 
      Class space:      248.00 MB reserved,      16.13 MB (  7%) committed 
             Both:      354.00 MB reserved,     120.82 MB ( 34%) committed 

Chunk freelists:
   Non-Class:  3.00 KB
       Class:  0 bytes
        Both:  3.00 KB

MaxMetaspaceSize: 256.00 MB
CompressedClassSpaceSize: 248.00 MB
Initial GC threshold: 20.80 MB
Current GC threshold: 164.50 MB
CDS: off

CodeHeap 'non-profiled nmethods': size=120064Kb used=9216Kb max_used=9216Kb free=110848Kb
 bounds [0x000001a2bfff0000, 0x000001a2c08f0000, 0x000001a2c7530000]
CodeHeap 'profiled nmethods': size=120000Kb used=39809Kb max_used=39809Kb free=80190Kb
 bounds [0x000001a2b8ac0000, 0x000001a2bb1b0000, 0x000001a2bfff0000]
CodeHeap 'non-nmethods': size=5696Kb used=2440Kb max_used=2479Kb free=3255Kb
 bounds [0x000001a2b8530000, 0x000001a2b87b0000, 0x000001a2b8ac0000]
 total_blobs=18752 nmethods=17787 adapters=875
 compilation: enabled
              stopped_count=0, restarted_count=0
 full_count=0

Compilation events (20 events):
Event: 106.827 Thread 0x000001a2cad61000 nmethod 18946 0x000001a2c08edf10 code [0x000001a2c08ee0c0, 0x000001a2c08ee178]
Event: 106.827 Thread 0x000001a2cad61000 18931       1       com.android.tools.r8.internal.Zq::F (2 bytes)
Event: 106.828 Thread 0x000001a2cad61000 nmethod 18931 0x000001a2c08ee210 code [0x000001a2c08ee3c0, 0x000001a2c08ee478]
Event: 106.828 Thread 0x000001a2cad61000 18919       2       com.android.tools.r8.internal.Ir::U0 (5 bytes)
Event: 106.828 Thread 0x000001a2cad61000 nmethod 18919 0x000001a2bb151c10 code [0x000001a2bb151dc0, 0x000001a2bb151ec8]
Event: 106.828 Thread 0x000001a2cad61000 18917       2       com.android.tools.r8.internal.P4::a (16 bytes)
Event: 106.828 Thread 0x000001a2cad61000 nmethod 18917 0x000001a2bb151f90 code [0x000001a2bb152140, 0x000001a2bb1522c8]
Event: 106.828 Thread 0x000001a2cad61000 18941       1       com.android.tools.r8.internal.Ir::value (5 bytes)
Event: 106.829 Thread 0x000001a2cad61000 nmethod 18941 0x000001a2c08ee510 code [0x000001a2c08ee6c0, 0x000001a2c08ee778]
Event: 106.829 Thread 0x000001a2cad61000 18947       1       com.android.tools.r8.internal.zu::get (2 bytes)
Event: 106.829 Thread 0x000001a2cad61000 nmethod 18947 0x000001a2c08ee810 code [0x000001a2c08ee9c0, 0x000001a2c08eea78]
Event: 106.829 Thread 0x000001a2cad61000 18951       2       com.android.tools.r8.internal.wh::a (1086 bytes)
Event: 106.847 Thread 0x000001a2cad61000 nmethod 18951 0x000001a2bb152390 code [0x000001a2bb152c40, 0x000001a2bb156bc8]
Event: 106.847 Thread 0x000001a2cad61000 18965       2       java.util.ArrayDeque::addFirst (51 bytes)
Event: 106.848 Thread 0x000001a2cad61000 nmethod 18965 0x000001a2bb159190 code [0x000001a2bb159360, 0x000001a2bb159658]
Event: 106.848 Thread 0x000001a2cad61000 18966 %     3       com.android.tools.r8.internal.Ro::D @ 176 (324 bytes)
Event: 106.857 Thread 0x000001a2cad61000 nmethod 18966% 0x000001a2bb159790 code [0x000001a2bb159f40, 0x000001a2bb15f528]
Event: 106.857 Thread 0x000001a2cad61000 18957       2       com.android.tools.r8.internal.xf::a (266 bytes)
Event: 106.860 Thread 0x000001a2cad61000 nmethod 18957 0x000001a2bb160e90 code [0x000001a2bb1611c0, 0x000001a2bb161ef8]
Event: 106.860 Thread 0x000001a2cad61000 18969       2       com.android.tools.r8.internal.cs::P0 (51 bytes)

GC Heap History (20 events):
Event: 62.100 GC heap before
{Heap before GC invocations=21 (full 0):
 garbage-first heap   total 262144K, used 172284K [0x00000000e0000000, 0x0000000100000000)
  region size 1024K, 97 young (99328K), 17 survivors (17408K)
 Metaspace       used 98118K, capacity 100682K, committed 100812K, reserved 342016K
  class space    used 12429K, capacity 13474K, committed 13568K, reserved 253952K
}
Event: 62.166 GC heap after
{Heap after GC invocations=22 (full 0):
 garbage-first heap   total 262144K, used 94279K [0x00000000e0000000, 0x0000000100000000)
  region size 1024K, 4 young (4096K), 4 survivors (4096K)
 Metaspace       used 98118K, capacity 100682K, committed 100812K, reserved 342016K
  class space    used 12429K, capacity 13474K, committed 13568K, reserved 253952K
}
Event: 66.928 GC heap before
{Heap before GC invocations=23 (full 0):
 garbage-first heap   total 262144K, used 225351K [0x00000000e0000000, 0x0000000100000000)
  region size 1024K, 122 young (124928K), 4 survivors (4096K)
 Metaspace       used 100815K, capacity 103452K, committed 103628K, reserved 344064K
  class space    used 12664K, capacity 13740K, committed 13824K, reserved 253952K
}
Event: 66.958 GC heap after
{Heap after GC invocations=24 (full 0):
 garbage-first heap   total 262144K, used 97633K [0x00000000e0000000, 0x0000000100000000)
  region size 1024K, 7 young (7168K), 7 survivors (7168K)
 Metaspace       used 100815K, capacity 103452K, committed 103628K, reserved 344064K
  class space    used 12664K, capacity 13740K, committed 13824K, reserved 253952K
}
Event: 71.836 GC heap before
{Heap before GC invocations=24 (full 0):
 garbage-first heap   total 262144K, used 215393K [0x00000000e0000000, 0x0000000100000000)
  region size 1024K, 123 young (125952K), 7 survivors (7168K)
 Metaspace       used 104281K, capacity 107021K, committed 107212K, reserved 348160K
  class space    used 12908K, capacity 13997K, committed 14080K, reserved 253952K
}
Event: 71.846 GC heap after
{Heap after GC invocations=25 (full 0):
 garbage-first heap   total 262144K, used 94702K [0x00000000e0000000, 0x0000000100000000)
  region size 1024K, 4 young (4096K), 4 survivors (4096K)
 Metaspace       used 104281K, capacity 107021K, committed 107212K, reserved 348160K
  class space    used 12908K, capacity 13997K, committed 14080K, reserved 253952K
}
Event: 88.783 GC heap before
{Heap before GC invocations=25 (full 0):
 garbage-first heap   total 262144K, used 220654K [0x00000000e0000000, 0x0000000100000000)
  region size 1024K, 126 young (129024K), 4 survivors (4096K)
 Metaspace       used 106319K, capacity 109090K, committed 109132K, reserved 350208K
  class space    used 13115K, capacity 14197K, committed 14208K, reserved 253952K
}
Event: 88.797 GC heap after
{Heap after GC invocations=26 (full 0):
 garbage-first heap   total 262144K, used 98869K [0x00000000e0000000, 0x0000000100000000)
  region size 1024K, 6 young (6144K), 6 survivors (6144K)
 Metaspace       used 106319K, capacity 109090K, committed 109132K, reserved 350208K
  class space    used 13115K, capacity 14197K, committed 14208K, reserved 253952K
}
Event: 90.883 GC heap before
{Heap before GC invocations=26 (full 0):
 garbage-first heap   total 262144K, used 221749K [0x00000000e0000000, 0x0000000100000000)
  region size 1024K, 126 young (129024K), 6 survivors (6144K)
 Metaspace       used 106325K, capacity 109090K, committed 109132K, reserved 350208K
  class space    used 13115K, capacity 14197K, committed 14208K, reserved 253952K
}
Event: 90.903 GC heap after
{Heap after GC invocations=27 (full 0):
 garbage-first heap   total 262144K, used 99386K [0x00000000e0000000, 0x0000000100000000)
  region size 1024K, 7 young (7168K), 7 survivors (7168K)
 Metaspace       used 106325K, capacity 109090K, committed 109132K, reserved 350208K
  class space    used 13115K, capacity 14197K, committed 14208K, reserved 253952K
}
Event: 94.565 GC heap before
{Heap before GC invocations=27 (full 0):
 garbage-first heap   total 262144K, used 223290K [0x00000000e0000000, 0x0000000100000000)
  region size 1024K, 127 young (130048K), 7 survivors (7168K)
 Metaspace       used 106517K, capacity 109342K, committed 109516K, reserved 350208K
  class space    used 13126K, capacity 14210K, committed 14336K, reserved 253952K
}
Event: 94.584 GC heap after
{Heap after GC invocations=28 (full 0):
 garbage-first heap   total 262144K, used 99452K [0x00000000e0000000, 0x0000000100000000)
  region size 1024K, 7 young (7168K), 7 survivors (7168K)
 Metaspace       used 106517K, capacity 109342K, committed 109516K, reserved 350208K
  class space    used 13126K, capacity 14210K, committed 14336K, reserved 253952K
}
Event: 96.898 GC heap before
{Heap before GC invocations=28 (full 0):
 garbage-first heap   total 262144K, used 223356K [0x00000000e0000000, 0x0000000100000000)
  region size 1024K, 128 young (131072K), 7 survivors (7168K)
 Metaspace       used 106527K, capacity 109345K, committed 109516K, reserved 350208K
  class space    used 13128K, capacity 14211K, committed 14336K, reserved 253952K
}
Event: 96.910 GC heap after
{Heap after GC invocations=29 (full 0):
 garbage-first heap   total 262144K, used 97436K [0x00000000e0000000, 0x0000000100000000)
  region size 1024K, 7 young (7168K), 7 survivors (7168K)
 Metaspace       used 106527K, capacity 109345K, committed 109516K, reserved 350208K
  class space    used 13128K, capacity 14211K, committed 14336K, reserved 253952K
}
Event: 100.129 GC heap before
{Heap before GC invocations=29 (full 0):
 garbage-first heap   total 262144K, used 227484K [0x00000000e0000000, 0x0000000100000000)
  region size 1024K, 131 young (134144K), 7 survivors (7168K)
 Metaspace       used 109799K, capacity 112676K, committed 112844K, reserved 352256K
  class space    used 13584K, capacity 14732K, committed 14848K, reserved 253952K
}
Event: 100.169 GC heap after
{Heap after GC invocations=30 (full 0):
 garbage-first heap   total 262144K, used 108397K [0x00000000e0000000, 0x0000000100000000)
  region size 1024K, 16 young (16384K), 16 survivors (16384K)
 Metaspace       used 109799K, capacity 112676K, committed 112844K, reserved 352256K
  class space    used 13584K, capacity 14732K, committed 14848K, reserved 253952K
}
Event: 102.844 GC heap before
{Heap before GC invocations=30 (full 0):
 garbage-first heap   total 262144K, used 217965K [0x00000000e0000000, 0x0000000100000000)
  region size 1024K, 123 young (125952K), 16 survivors (16384K)
 Metaspace       used 114156K, capacity 117302K, committed 117452K, reserved 356352K
  class space    used 14245K, capacity 15541K, committed 15616K, reserved 253952K
}
Event: 102.922 GC heap after
{Heap after GC invocations=31 (full 0):
 garbage-first heap   total 262144K, used 116322K [0x00000000e0000000, 0x0000000100000000)
  region size 1024K, 11 young (11264K), 11 survivors (11264K)
 Metaspace       used 114156K, capacity 117302K, committed 117452K, reserved 356352K
  class space    used 14245K, capacity 15541K, committed 15616K, reserved 253952K
}
Event: 104.354 GC heap before
{Heap before GC invocations=31 (full 0):
 garbage-first heap   total 262144K, used 215650K [0x00000000e0000000, 0x0000000100000000)
  region size 1024K, 108 young (110592K), 11 survivors (11264K)
 Metaspace       used 117349K, capacity 120718K, committed 120908K, reserved 360448K
  class space    used 14771K, capacity 16194K, committed 16256K, reserved 253952K
}
Event: 104.421 GC heap after
{Heap after GC invocations=32 (full 0):
 garbage-first heap   total 262144K, used 125762K [0x00000000e0000000, 0x0000000100000000)
  region size 1024K, 10 young (10240K), 10 survivors (10240K)
 Metaspace       used 117349K, capacity 120718K, committed 120908K, reserved 360448K
  class space    used 14771K, capacity 16194K, committed 16256K, reserved 253952K
}

Deoptimization events (20 events):
Event: 106.009 Thread 0x000001a2dfe9f000 Uncommon trap: trap_request=0xffffffc6 fr.pc=0x000001a2c0119bec relative=0x000000000000048c
Event: 106.009 Thread 0x000001a2dfe9f000 Uncommon trap: reason=bimorphic_or_optimized_type_check action=maybe_recompile pc=0x000001a2c0119bec method=com.android.tools.r8.internal.Kx.hasNext()Z @ 13 c2
Event: 106.009 Thread 0x000001a2dfe9f000 DEOPT PACKING pc=0x000001a2c0119bec sp=0x00000001069f6d90
Event: 106.009 Thread 0x000001a2dfe9f000 DEOPT UNPACKING pc=0x000001a2b857a1af sp=0x00000001069f6d50 mode 2
Event: 106.415 Thread 0x000001a2de8eb000 Uncommon trap: trap_request=0xffffff4d fr.pc=0x000001a2c08df9f8 relative=0x0000000000000058
Event: 106.415 Thread 0x000001a2de8eb000 Uncommon trap: reason=unstable_if action=reinterpret pc=0x000001a2c08df9f8 method=com.android.tools.r8.internal.Hu.hasNext()Z @ 4 c2
Event: 106.415 Thread 0x000001a2de8eb000 DEOPT PACKING pc=0x000001a2c08df9f8 sp=0x00000001038f9960
Event: 106.415 Thread 0x000001a2de8eb000 DEOPT UNPACKING pc=0x000001a2b857a1af sp=0x00000001038f98f0 mode 2
Event: 106.418 Thread 0x000001a2dd454000 Uncommon trap: trap_request=0xffffff4d fr.pc=0x000001a2c08df9f8 relative=0x0000000000000058
Event: 106.418 Thread 0x000001a2dd454000 Uncommon trap: reason=unstable_if action=reinterpret pc=0x000001a2c08df9f8 method=com.android.tools.r8.internal.Hu.hasNext()Z @ 4 c2
Event: 106.418 Thread 0x000001a2dd454000 DEOPT PACKING pc=0x000001a2c08df9f8 sp=0x00000001045f9ab0
Event: 106.418 Thread 0x000001a2dd454000 DEOPT UNPACKING pc=0x000001a2b857a1af sp=0x00000001045f9a38 mode 2
Event: 106.449 Thread 0x000001a2dd454000 Uncommon trap: trap_request=0xffffff4d fr.pc=0x000001a2c0061954 relative=0x0000000000001b34
Event: 106.449 Thread 0x000001a2dd454000 Uncommon trap: reason=unstable_if action=reinterpret pc=0x000001a2c0061954 method=com.android.tools.r8.internal.ug.e(Ljava/lang/String;)[Ljava/lang/String; @ 27 c2
Event: 106.449 Thread 0x000001a2dd454000 DEOPT PACKING pc=0x000001a2c0061954 sp=0x00000001045f8a60
Event: 106.449 Thread 0x000001a2dd454000 DEOPT UNPACKING pc=0x000001a2b857a1af sp=0x00000001045f8a50 mode 2
Event: 106.679 Thread 0x000001a2dfe9f000 Uncommon trap: trap_request=0xffffff4d fr.pc=0x000001a2c011cd78 relative=0x0000000000000f18
Event: 106.679 Thread 0x000001a2dfe9f000 Uncommon trap: reason=unstable_if action=reinterpret pc=0x000001a2c011cd78 method=com.android.tools.r8.internal.ct.a(ILjava/lang/Object;)Ljava/lang/Object; @ 141 c2
Event: 106.679 Thread 0x000001a2dfe9f000 DEOPT PACKING pc=0x000001a2c011cd78 sp=0x00000001069f6240
Event: 106.680 Thread 0x000001a2dfe9f000 DEOPT UNPACKING pc=0x000001a2b857a1af sp=0x00000001069f61f0 mode 2

Classes redefined (0 events):
No events

Internal exceptions (20 events):
Event: 101.488 Thread 0x000001a2de8eb000 Exception <a 'java/lang/NoSuchMethodError'{0x00000000ed3c1238}: 'void java.lang.invoke.DirectMethodHandle$Holder.invokeStatic(java.lang.Object, java.lang.Object, java.lang.Object, int)'> (0x00000000ed3c1238) thrown at [s\src\hotspot\share\interpreter\linkResolver.cpp, line 773]
Event: 101.490 Thread 0x000001a2dfe9f000 Exception <a 'java/lang/IncompatibleClassChangeError'{0x00000000ed355500}: Found class java.lang.Object, but interface was expected> (0x00000000ed355500) thrown at [s\src\hotspot\share\interpreter\linkResolver.cpp, line 839]
Event: 101.491 Thread 0x000001a2de8eb000 Exception <a 'java/lang/IncompatibleClassChangeError'{0x00000000ed3c4a50}: Found class java.lang.Object, but interface was expected> (0x00000000ed3c4a50) thrown at [s\src\hotspot\share\interpreter\linkResolver.cpp, line 839]
Event: 101.491 Thread 0x000001a2dd454000 Exception <a 'java/lang/IncompatibleClassChangeError'{0x00000000ed397270}: Found class java.lang.Object, but interface was expected> (0x00000000ed397270) thrown at [s\src\hotspot\share\interpreter\linkResolver.cpp, line 839]
Event: 102.789 Thread 0x000001a2de8eb000 Exception <a 'java/lang/NoSuchMethodError'{0x00000000e97ecc68}: 'java.lang.Object java.lang.invoke.DirectMethodHandle$Holder.invokeStatic(java.lang.Object, int, java.lang.Object, java.lang.Object)'> (0x00000000e97ecc68) thrown at [s\src\hotspot\share\interpreter\linkResolver.cpp, line 773]
Event: 102.790 Thread 0x000001a2dd454000 Exception <a 'java/lang/NoSuchMethodError'{0x00000000e961c4b8}: 'java.lang.Object java.lang.invoke.DirectMethodHandle$Holder.invokeStatic(java.lang.Object, int, java.lang.Object, java.lang.Object)'> (0x00000000e961c4b8) thrown at [s\src\hotspot\share\interpreter\linkResolver.cpp, line 773]
Event: 102.790 Thread 0x000001a2dfe9f000 Exception <a 'java/lang/NoSuchMethodError'{0x00000000e97800f0}: 'java.lang.Object java.lang.invoke.DirectMethodHandle$Holder.invokeStatic(java.lang.Object, int, java.lang.Object, java.lang.Object)'> (0x00000000e97800f0) thrown at [s\src\hotspot\share\interpreter\linkResolver.cpp, line 773]
Event: 103.216 Thread 0x000001a2dd454000 Implicit null exception at 0x000001a2c0126c73 to 0x000001a2c0126f40
Event: 103.534 Thread 0x000001a2dfe9f000 Exception <a 'java/lang/IncompatibleClassChangeError'{0x00000000edfb78c0}: Found class java.lang.Object, but interface was expected> (0x00000000edfb78c0) thrown at [s\src\hotspot\share\interpreter\linkResolver.cpp, line 839]
Event: 103.537 Thread 0x000001a2dfe9f000 Exception <a 'java/lang/IncompatibleClassChangeError'{0x00000000edfd5b00}: Found class java.lang.Object, but interface was expected> (0x00000000edfd5b00) thrown at [s\src\hotspot\share\interpreter\linkResolver.cpp, line 839]
Event: 103.925 Thread 0x000001a2dfe9f000 Exception <a 'java/lang/NoSuchMethodError'{0x00000000eba26fb8}: 'void java.lang.invoke.DirectMethodHandle$Holder.invokeSpecial(java.lang.Object, java.lang.Object, int, java.lang.Object)'> (0x00000000eba26fb8) thrown at [s\src\hotspot\share\interpreter\linkResolver.cpp, line 773]
Event: 104.192 Thread 0x000001a2de8eb000 Exception <a 'java/lang/NoSuchMethodError'{0x00000000ea825d88}: 'int java.lang.invoke.DirectMethodHandle$Holder.invokeSpecial(java.lang.Object, java.lang.Object, java.lang.Object, int, java.lang.Object)'> (0x00000000ea825d88) thrown at [s\src\hotspot\share\interpreter\linkResolver.cpp, line 773]
Event: 104.193 Thread 0x000001a2dfe9f000 Exception <a 'java/lang/NoSuchMethodError'{0x00000000ea73da90}: 'int java.lang.invoke.DirectMethodHandle$Holder.invokeSpecial(java.lang.Object, java.lang.Object, java.lang.Object, int, java.lang.Object)'> (0x00000000ea73da90) thrown at [s\src\hotspot\share\interpreter\linkResolver.cpp, line 773]
Event: 104.207 Thread 0x000001a2dd454000 Exception <a 'java/lang/NoSuchMethodError'{0x00000000ea87bd40}: 'int java.lang.invoke.DirectMethodHandle$Holder.invokeSpecial(java.lang.Object, java.lang.Object, java.lang.Object, int, java.lang.Object)'> (0x00000000ea87bd40) thrown at [s\src\hotspot\share\interpreter\linkResolver.cpp, line 773]
Event: 104.346 Thread 0x000001a2dd454000 Exception <a 'java/lang/NoSuchMethodError'{0x00000000e9f9a7a0}: 'long java.lang.invoke.DirectMethodHandle$Holder.invokeStatic(java.lang.Object, java.lang.Object)'> (0x00000000e9f9a7a0) thrown at [s\src\hotspot\share\interpreter\linkResolver.cpp, line 773]
Event: 104.551 Thread 0x000001a2de8eb000 Exception <a 'java/lang/NoSuchMethodError'{0x00000000efa62668}: 'void java.lang.invoke.DirectMethodHandle$Holder.invokeSpecial(java.lang.Object, java.lang.Object, java.lang.Object, java.lang.Object, java.lang.Object, java.lang.Object, java.lang.Object, java.lang.Object, java.lang.Object, java.lang.Object)'> (0x00000000efa62668) thrown at [s\src\hotspot\share\interpreter\linkResolver.cpp, line 773]
Event: 104.552 Thread 0x000001a2de8eb000 Exception <a 'java/lang/NoSuchMethodError'{0x00000000efa6d340}: 'java.lang.Object java.lang.invoke.DirectMethodHandle$Holder.invokeSpecial(java.lang.Object, java.lang.Object, java.lang.Object, java.lang.Object, java.lang.Object, java.lang.Object, java.lang.Object, java.lang.Object, java.lang.Object, java.lang.Object)'> (0x00000000efa6d340) thrown at [s\src\hotspot\share\interpreter\linkResolver.cpp, line 773]
Event: 104.553 Thread 0x000001a2de8eb000 Exception <a 'java/lang/NoSuchMethodError'{0x00000000efa71c28}: 'java.lang.Object java.lang.invoke.Invokers$Holder.linkToTargetMethod(java.lang.Object, java.lang.Object, java.lang.Object, java.lang.Object, java.lang.Object, java.lang.Object, java.lang.Object, java.lang.Object, java.lang.Object)'> (0x00000000efa71c28) thrown at [s\src\hotspot\share\interpreter\linkResolver.cpp, line 773]
Event: 105.738 Thread 0x000001a2de8eb000 Exception <a 'java/lang/NoSuchMethodError'{0x00000000ee16adb8}: 'java.lang.Object java.lang.invoke.DirectMethodHandle$Holder.invokeInterface(java.lang.Object, java.lang.Object, int)'> (0x00000000ee16adb8) thrown at [s\src\hotspot\share\interpreter\linkResolver.cpp, line 773]
Event: 106.349 Thread 0x000001a2dd454000 Exception <a 'java/lang/NoSuchMethodError'{0x00000000ed6f55c0}: 'int java.lang.invoke.DirectMethodHandle$Holder.invokeStatic(java.lang.Object, java.lang.Object, int, java.lang.Object)'> (0x00000000ed6f55c0) thrown at [s\src\hotspot\share\interpreter\linkResolver.cpp, line 773]

Events (20 events):
Event: 106.850 loading class com/android/tools/r8/internal/U6
Event: 106.850 loading class com/android/tools/r8/internal/U6 done
Event: 106.851 loading class com/android/tools/r8/internal/L7
Event: 106.851 loading class com/android/tools/r8/internal/L7 done
Event: 106.851 loading class com/android/tools/r8/internal/U6
Event: 106.851 loading class com/android/tools/r8/internal/U6 done
Event: 106.851 loading class com/android/tools/r8/internal/U6
Event: 106.851 loading class com/android/tools/r8/internal/U6 done
Event: 106.851 loading class com/android/tools/r8/internal/U6
Event: 106.851 loading class com/android/tools/r8/internal/U6 done
Event: 106.852 loading class com/android/tools/r8/internal/k30
Event: 106.852 loading class com/android/tools/r8/internal/k30 done
Event: 106.852 loading class com/android/tools/r8/internal/k30
Event: 106.852 loading class com/android/tools/r8/internal/k30 done
Event: 106.854 loading class com/android/tools/r8/internal/k30
Event: 106.854 loading class com/android/tools/r8/internal/k30 done
Event: 106.854 loading class com/android/tools/r8/internal/k30
Event: 106.854 loading class com/android/tools/r8/internal/k30 done
Event: 106.859 loading class com/android/tools/r8/dex/code/M2
Event: 106.859 loading class com/android/tools/r8/dex/code/M2 done


Dynamic libraries:
0x00007ff7044b0000 - 0x00007ff7044bd000 	C:\Users\CCI\.jdks\corretto-11.0.19\bin\java.exe
0x00007fff19e90000 - 0x00007fff1a088000 	C:\Windows\SYSTEM32\ntdll.dll
0x00007fff18590000 - 0x00007fff1864f000 	C:\Windows\System32\KERNEL32.DLL
0x00007fff17770000 - 0x00007fff17a66000 	C:\Windows\System32\KERNELBASE.dll
0x00007fff17670000 - 0x00007fff17770000 	C:\Windows\System32\ucrtbase.dll
0x00007fff12db0000 - 0x00007fff12dc9000 	C:\Users\CCI\.jdks\corretto-11.0.19\bin\VCRUNTIME140.dll
0x00007fff0f430000 - 0x00007fff0f447000 	C:\Users\CCI\.jdks\corretto-11.0.19\bin\jli.dll
0x00007fff18c90000 - 0x00007fff18e2d000 	C:\Windows\System32\USER32.dll
0x00007fff17cc0000 - 0x00007fff17ce2000 	C:\Windows\System32\win32u.dll
0x00007fff184c0000 - 0x00007fff184ec000 	C:\Windows\System32\GDI32.dll
0x00007fff0ade0000 - 0x00007fff0b07a000 	C:\Windows\WinSxS\amd64_microsoft.windows.common-controls_6595b64144ccf1df_6.0.19041.1110_none_60b5254171f9507e\COMCTL32.dll
0x00007fff17b10000 - 0x00007fff17c25000 	C:\Windows\System32\gdi32full.dll
0x00007fff17a70000 - 0x00007fff17b0d000 	C:\Windows\System32\msvcp_win.dll
0x00007fff19c50000 - 0x00007fff19cee000 	C:\Windows\System32\msvcrt.dll
0x00007fff18560000 - 0x00007fff18590000 	C:\Windows\System32\IMM32.DLL
0x00007ffefc4d0000 - 0x00007ffefc56b000 	C:\Users\CCI\.jdks\corretto-11.0.19\bin\msvcp140.dll
0x00007ffebf330000 - 0x00007ffebfeba000 	C:\Users\CCI\.jdks\corretto-11.0.19\bin\server\jvm.dll
0x00007fff19cf0000 - 0x00007fff19d9f000 	C:\Windows\System32\ADVAPI32.dll
0x00007fff187e0000 - 0x00007fff1887c000 	C:\Windows\System32\sechost.dll
0x00007fff196b0000 - 0x00007fff197d6000 	C:\Windows\System32\RPCRT4.dll
0x00007fff18700000 - 0x00007fff18708000 	C:\Windows\System32\PSAPI.DLL
0x00007ffef6750000 - 0x00007ffef6759000 	C:\Windows\SYSTEM32\WSOCK32.dll
0x00007fff0d0e0000 - 0x00007fff0d107000 	C:\Windows\SYSTEM32\WINMM.dll
0x00007fff18770000 - 0x00007fff187db000 	C:\Windows\System32\WS2_32.dll
0x00007fff0e190000 - 0x00007fff0e19a000 	C:\Windows\SYSTEM32\VERSION.dll
0x00007fff15dd0000 - 0x00007fff15de2000 	C:\Windows\SYSTEM32\kernel.appcore.dll
0x00007fff12cd0000 - 0x00007fff12ce0000 	C:\Users\CCI\.jdks\corretto-11.0.19\bin\verify.dll
0x00007fff08280000 - 0x00007fff08464000 	C:\Windows\SYSTEM32\DBGHELP.DLL
0x00007fff08240000 - 0x00007fff08274000 	C:\Windows\SYSTEM32\dbgcore.DLL
0x00007fff17c30000 - 0x00007fff17cb2000 	C:\Windows\System32\bcryptPrimitives.dll
0x00007fff06120000 - 0x00007fff06148000 	C:\Users\CCI\.jdks\corretto-11.0.19\bin\java.dll
0x00007fff0f420000 - 0x00007fff0f42a000 	C:\Users\CCI\.jdks\corretto-11.0.19\bin\jimage.dll
0x00007ffeffe60000 - 0x00007ffeffe6e000 	C:\Users\CCI\.jdks\corretto-11.0.19\bin\instrument.dll
0x00007fff05610000 - 0x00007fff05628000 	C:\Users\CCI\.jdks\corretto-11.0.19\bin\zip.dll
0x00007fff18e30000 - 0x00007fff19574000 	C:\Windows\System32\SHELL32.dll
0x00007fff15350000 - 0x00007fff15ae3000 	C:\Windows\SYSTEM32\windows.storage.dll
0x00007fff17fd0000 - 0x00007fff18324000 	C:\Windows\System32\combase.dll
0x00007fff16e10000 - 0x00007fff16e3e000 	C:\Windows\SYSTEM32\Wldp.dll
0x00007fff19da0000 - 0x00007fff19e4d000 	C:\Windows\System32\SHCORE.dll
0x00007fff18710000 - 0x00007fff18765000 	C:\Windows\System32\shlwapi.dll
0x00007fff174b0000 - 0x00007fff174cf000 	C:\Windows\SYSTEM32\profapi.dll
0x00007fff0f410000 - 0x00007fff0f419000 	C:\Users\CCI\.jdks\corretto-11.0.19\bin\management.dll
0x00007fff06110000 - 0x00007fff0611b000 	C:\Users\CCI\.jdks\corretto-11.0.19\bin\management_ext.dll
0x00007fff04860000 - 0x00007fff04879000 	C:\Users\CCI\.jdks\corretto-11.0.19\bin\net.dll
0x00007fff0ec90000 - 0x00007fff0ed9a000 	C:\Windows\SYSTEM32\WINHTTP.dll
0x00007fff16bf0000 - 0x00007fff16c5a000 	C:\Windows\system32\mswsock.dll
0x00007fff04810000 - 0x00007fff04823000 	C:\Users\CCI\.jdks\corretto-11.0.19\bin\nio.dll
0x00007ffeeb970000 - 0x00007ffeeb987000 	C:\Windows\system32\napinsp.dll
0x00007ffeeb950000 - 0x00007ffeeb96b000 	C:\Windows\system32\pnrpnsp.dll
0x00007ffef45c0000 - 0x00007ffef45d5000 	C:\Windows\system32\wshbth.dll
0x00007fff12ca0000 - 0x00007fff12cbd000 	C:\Windows\system32\NLAapi.dll
0x00007fff16900000 - 0x00007fff1693c000 	C:\Windows\SYSTEM32\IPHLPAPI.DLL
0x00007fff16940000 - 0x00007fff16a0b000 	C:\Windows\SYSTEM32\DNSAPI.dll
0x00007fff184f0000 - 0x00007fff184f8000 	C:\Windows\System32\NSI.dll
0x00007ffeea3a0000 - 0x00007ffeea3b2000 	C:\Windows\System32\winrnr.dll
0x00007fff0bc10000 - 0x00007fff0bc1a000 	C:\Windows\System32\rasadhlp.dll
0x00007fff0bb60000 - 0x00007fff0bbe2000 	C:\Windows\System32\fwpuclnt.dll
0x00007fff17cf0000 - 0x00007fff17d17000 	C:\Windows\System32\bcrypt.dll
0x00007fff12dd0000 - 0x00007fff12df7000 	C:\Users\CCI\.gradle\native\e1d6ef7f7dcc3fd88c89a11ec53ec762bb8ba0a96d01ffa2cd45eb1d1d8dd5c5\windows-amd64\native-platform.dll
0x00007ffef2970000 - 0x00007ffef2ab4000 	C:\Users\CCI\.gradle\native\0d407fdbe67a94daf76414ababcb853783967236a71b16ec16e742cd7a986fd3\windows-amd64\native-platform-file-events.dll
0x00007fff17150000 - 0x00007fff17168000 	C:\Windows\SYSTEM32\CRYPTSP.dll
0x00007fff16530000 - 0x00007fff16564000 	C:\Windows\system32\rsaenh.dll
0x00007fff17470000 - 0x00007fff1749e000 	C:\Windows\SYSTEM32\USERENV.dll
0x00007fff16d80000 - 0x00007fff16d8c000 	C:\Windows\SYSTEM32\CRYPTBASE.dll
0x00007fff0ff30000 - 0x00007fff0ff47000 	C:\Windows\SYSTEM32\dhcpcsvc6.DLL
0x00007fff10410000 - 0x00007fff1042d000 	C:\Windows\SYSTEM32\dhcpcsvc.DLL
0x00007fff165c0000 - 0x00007fff165f3000 	C:\Windows\SYSTEM32\ntmarta.dll

dbghelp: loaded successfully - version: 4.0.5 - missing functions: none
symbol engine: initialized successfully - sym options: 0x614 - pdb path: .;C:\Users\CCI\.jdks\corretto-11.0.19\bin;C:\Windows\SYSTEM32;C:\Windows\WinSxS\amd64_microsoft.windows.common-controls_6595b64144ccf1df_6.0.19041.1110_none_60b5254171f9507e;C:\Users\CCI\.jdks\corretto-11.0.19\bin\server;C:\Users\CCI\.gradle\native\e1d6ef7f7dcc3fd88c89a11ec53ec762bb8ba0a96d01ffa2cd45eb1d1d8dd5c5\windows-amd64;C:\Users\CCI\.gradle\native\0d407fdbe67a94daf76414ababcb853783967236a71b16ec16e742cd7a986fd3\windows-amd64

VM Arguments:
jvm_args: -XX:MaxMetaspaceSize=256m -XX:+HeapDumpOnOutOfMemoryError -javaagent:C:\Program Files\Android\Android Studio\plugins\android\resources\trace_agent.jar=C:\Users\CCI\AppData\Local\Temp\sync.trace.profile --add-opens=java.base/java.util=ALL-UNNAMED --add-opens=java.base/java.lang=ALL-UNNAMED --add-opens=java.base/java.lang.invoke=ALL-UNNAMED --add-opens=java.base/java.util=ALL-UNNAMED --add-opens=java.prefs/java.util.prefs=ALL-UNNAMED --add-opens=java.prefs/java.util.prefs=ALL-UNNAMED --add-opens=java.base/java.nio.charset=ALL-UNNAMED --add-opens=java.base/java.net=ALL-UNNAMED --add-opens=java.base/java.util.concurrent.atomic=ALL-UNNAMED -Xms256m -Xmx512m -Dfile.encoding=windows-1252 -Duser.country=US -Duser.language=en -Duser.variant 
java_command: org.gradle.launcher.daemon.bootstrap.GradleDaemon 7.5
java_class_path (initial): C:\Users\CCI\.gradle\wrapper\dists\gradle-7.5-bin\f1w0cc9nuo0eivz97x2xlu9sv\gradle-7.5\lib\gradle-launcher-7.5.jar
Launcher Type: SUN_STANDARD

[Global flags]
     intx CICompilerCount                          = 3                                         {product} {ergonomic}
   size_t CompressedClassSpaceSize                 = 260046848                                 {product} {ergonomic}
     uint ConcGCThreads                            = 1                                         {product} {ergonomic}
     uint G1ConcRefinementThreads                  = 4                                         {product} {ergonomic}
   size_t G1HeapRegionSize                         = 1048576                                   {product} {ergonomic}
    uintx GCDrainStackTargetSize                   = 64                                        {product} {ergonomic}
     bool HeapDumpOnOutOfMemoryError               = true                                   {manageable} {command line}
   size_t InitialHeapSize                          = 268435456                                 {product} {command line}
   size_t MarkStackSize                            = 4194304                                   {product} {ergonomic}
   size_t MaxHeapSize                              = 536870912                                 {product} {command line}
   size_t MaxMetaspaceSize                         = 268435456                                 {product} {command line}
   size_t MaxNewSize                               = 321912832                                 {product} {ergonomic}
   size_t MinHeapDeltaBytes                        = 1048576                                   {product} {ergonomic}
    uintx NonNMethodCodeHeapSize                   = 5830732                                {pd product} {ergonomic}
    uintx NonProfiledCodeHeapSize                  = 122913754                              {pd product} {ergonomic}
    uintx ProfiledCodeHeapSize                     = 122913754                              {pd product} {ergonomic}
    uintx ReservedCodeCacheSize                    = 251658240                              {pd product} {ergonomic}
     bool SegmentedCodeCache                       = true                                      {product} {ergonomic}
     bool UseCompressedClassPointers               = true                                 {lp64_product} {ergonomic}
     bool UseCompressedOops                        = true                                 {lp64_product} {ergonomic}
     bool UseG1GC                                  = true                                      {product} {ergonomic}
     bool UseLargePagesIndividualAllocation        = false                                  {pd product} {ergonomic}

Logging:
Log output configuration:
 #0: stdout all=warning uptime,level,tags
 #1: stderr all=off uptime,level,tags

Environment Variables:
PATH=C:\Program Files\Common Files\Oracle\Java\javapath;C:\Windows\system32;C:\Windows;C:\Windows\System32\Wbem;C:\Windows\System32\WindowsPowerShell\v1.0\;C:\Windows\System32\OpenSSH\;C:\Program Files\Git\cmd;C:\Users\CCI\AppData\Local\Microsoft\WindowsApps;C:\Program Files\Java\jdk-20\bin;
USERNAME=CCI
OS=Windows_NT
PROCESSOR_IDENTIFIER=Intel64 Family 6 Model 61 Stepping 4, GenuineIntel
TMP=C:\Users\CCI\AppData\Local\Temp
TEMP=C:\Users\CCI\AppData\Local\Temp



---------------  S Y S T E M  ---------------

OS: Windows 10 , 64 bit Build 19041 (10.0.19041.2913)
OS uptime: 1 days 0:15 hours
Hyper-V role detected

CPU:total 4 (initial active 4) (2 cores per cpu, 2 threads per core) family 6 model 61 stepping 4 microcode 0x2d, cmov, cx8, fxsr, mmx, sse, sse2, sse3, ssse3, sse4.1, sse4.2, popcnt, avx, avx2, aes, clmul, erms, rtm, 3dnowpref, lzcnt, ht, tsc, tscinvbit, bmi1, bmi2, adx, fma

Memory: 4k page, system-wide physical 8067M (396M free)
TotalPageFile size 12163M (AvailPageFile size 13M)
current process WorkingSet (physical memory assigned to process): 442M, peak: 478M
current process commit charge ("private bytes"): 626M, peak: 626M

vm_info: OpenJDK 64-Bit Server VM (11.0.19+7-LTS) for windows-amd64 JRE (11.0.19+7-LTS), built on Apr 13 2023 22:56:25 by "Administrator" with MS VC++ 15.9 (VS2017)

END.
