#
# A fatal error has been detected by the Java Runtime Environment:
#
#  EXCEPTION_ACCESS_VIOLATION (0xc0000005) at pc=0x0000000074716547, pid=15140, tid=0x00000000000004b8
#
# JRE version: OpenJDK Runtime Environment (8.0_372-b07) (build 1.8.0_372-b07)
# Java VM: OpenJDK 64-Bit Server VM (25.372-b07 mixed mode windows-amd64 compressed oops)
# Problematic frame:
# V  [jvm.dll+0x1e6547]
#
# Failed to write core dump. Minidumps are not enabled by default on client versions of Windows
#
# If you would like to submit a bug report, please visit:
#   https://github.com/corretto/corretto-8/issues/
#

---------------  T H R E A D  ---------------

Current thread (0x0000024481c65800):  JavaThread "Cache worker for checksums cache (C:\Users\CCI\Downloads\mCURA Pharmacy\mCURAPharmacy\.gradle\checksums)" [_thread_in_vm, id=1208, stack(0x00000088c8500000,0x00000088c8600000)]

siginfo: ExceptionCode=0xc0000005, writing address 0x00000088c85f97f0

Registers:
RAX=0x00000088c85f97f0, RBX=0x0000000000000007, RCX=0x0000000000006000, RDX=0x0000024482b36dd8
RSP=0x00000088c85ff7f0, RBP=0x0000000000000000, RSI=0x00000088c85ff7f0, RDI=0x0000000000000007
R8 =0x0000000000000006, R9 =0x00000244fe6e3570, R10=0x00000244fc01e090, R11=0x00000088c85ffbe0
R12=0x00000088c85ffb00, R13=0x0000024481c65800, R14=0x0000024481c65800, R15=0x0000000000000000
RIP=0x0000000074716547, EFLAGS=0x0000000000010206

Top of Stack: (sp=0x00000088c85ff7f0)
0x00000088c85ff7f0:   0000024481c65800 0000024481c65800
0x00000088c85ff800:   0000000000000000 0000024481c65800
0x00000088c85ff810:   00000244fc01e090 0000000074716a26
0x00000088c85ff820:   00000088c85ff920 00000088c85ff8b8
0x00000088c85ff830:   00000244fe6e3570 000004d0fffffb00
0x00000088c85ff840:   0000000000000001 00000000745d5013
0x00000088c85ff850:   00000088c85ff890 00000088c85ff920
0x00000088c85ff860:   00000244fc01e090 0000024481c65800
0x00000088c85ff870:   00000244eba346e0 00000244fc01e090
0x00000088c85ff880:   0000024481c65800 0000024481c65800
0x00000088c85ff890:   00000244fc01e090 00000244fc01e090
0x00000088c85ff8a0:   0000024481c65800 00000088c85ffbe8
0x00000088c85ff8b0:   00000088c85ff9c0 0000024482c77bc0
0x00000088c85ff8c0:   0000000000000005 00000244fc01e090
0x00000088c85ff8d0:   0000024481c65800 00000000745d4bbb
0x00000088c85ff8e0:   00000244fe6e3570 0000000100006a20 

Instructions: (pc=0x0000000074716547)
0x0000000074716527:   7c 24 38 8b fb 33 ed 66 90 e8 2b 8d 08 00 ff c3
0x0000000074716537:   48 63 c8 48 8b c6 48 0f af cf 48 ff c7 48 2b c1
0x0000000074716547:   89 28 48 63 c3 48 3b 05 8d e0 5a 00 7e db 48 8b
0x0000000074716557:   7c 24 38 48 8b 6c 24 30 48 8b 5c 24 40 48 83 c4 


Register to memory mapping:

RAX=0x00000088c85f97f0 is pointing into the stack for thread: 0x0000024481c65800
RBX=0x0000000000000007 is an unknown value
RCX=0x0000000000006000 is an unknown value
RDX=0x0000024482b36dd8 is an unknown value
RSP=0x00000088c85ff7f0 is pointing into the stack for thread: 0x0000024481c65800
RBP=0x0000000000000000 is an unknown value
RSI=0x00000088c85ff7f0 is pointing into the stack for thread: 0x0000024481c65800
RDI=0x0000000000000007 is an unknown value
R8 =0x0000000000000006 is an unknown value
R9 =0x00000244fe6e3570 is an unknown value
R10={method} {0x00000244fc01e098} 'run' '()V' in 'java/lang/Thread'
R11=0x00000088c85ffbe0 is pointing into the stack for thread: 0x0000024481c65800
R12=0x00000088c85ffb00 is pointing into the stack for thread: 0x0000024481c65800
R13=0x0000024481c65800 is a thread
R14=0x0000024481c65800 is a thread
R15=0x0000000000000000 is an unknown value


Stack: [0x00000088c8500000,0x00000088c8600000],  sp=0x00000088c85ff7f0,  free space=1021k
Native frames: (J=compiled Java code, j=interpreted, Vv=VM code, C=native code)


---------------  P R O C E S S  ---------------

Java Threads: ( => current thread )
  0x0000024481c6b000 JavaThread "Cache worker for cache directory md-supplier (C:\Users\CCI\.gradle\caches\6.5\md-supplier)" [_thread_blocked, id=8332, stack(0x00000088c8600000,0x00000088c8700000)]
=>0x0000024481c65800 JavaThread "Cache worker for checksums cache (C:\Users\CCI\Downloads\mCURA Pharmacy\mCURAPharmacy\.gradle\checksums)" [_thread_in_vm, id=1208, stack(0x00000088c8500000,0x00000088c8600000)]
  0x0000024481c6a000 JavaThread "Cache worker for file hash cache (C:\Users\CCI\Downloads\mCURA Pharmacy\mCURAPharmacy\.gradle\6.5\fileHashes)" [_thread_blocked, id=964, stack(0x00000088c8400000,0x00000088c8500000)]
  0x0000024481c67000 JavaThread "Cache worker for file hash cache (C:\Users\CCI\.gradle\caches\6.5\fileHashes)" [_thread_blocked, id=7300, stack(0x00000088c8300000,0x00000088c8400000)]
  0x0000024481c67800 JavaThread "File lock request listener" [_thread_in_native, id=10396, stack(0x00000088c8200000,0x00000088c8300000)]
  0x0000024480472000 JavaThread "Cache worker for journal cache (C:\Users\CCI\.gradle\caches\journal-1)" [_thread_blocked, id=5144, stack(0x00000088c8100000,0x00000088c8200000)]
  0x00000244828db000 JavaThread "Thread-9" [_thread_blocked, id=1860, stack(0x00000088c8000000,0x00000088c8100000)]
  0x00000244815a6000 JavaThread "Stdin handler" [_thread_blocked, id=9976, stack(0x00000088c7f00000,0x00000088c8000000)]
  0x00000244826eb000 JavaThread "Asynchronous log dispatcher for DefaultDaemonConnection: socket connection from /127.0.0.1:54003 to /127.0.0.1:54004" [_thread_blocked, id=14996, stack(0x00000088c7e00000,0x00000088c7f00000)]
  0x0000024481a82000 JavaThread "Daemon worker" [_thread_blocked, id=15196, stack(0x00000088c7d00000,0x00000088c7e00000)]
  0x0000024480da1800 JavaThread "Cancel handler" [_thread_blocked, id=9468, stack(0x00000088c7c00000,0x00000088c7d00000)]
  0x00000244801a9000 JavaThread "Handler for socket connection from /127.0.0.1:54003 to /127.0.0.1:54004" [_thread_in_native, id=5248, stack(0x00000088c7b00000,0x00000088c7c00000)]
  0x0000024480472800 JavaThread "Daemon" [_thread_blocked, id=14456, stack(0x00000088c7a00000,0x00000088c7b00000)]
  0x00000244fd15a000 JavaThread "Daemon periodic checks" [_thread_blocked, id=9568, stack(0x00000088c7900000,0x00000088c7a00000)]
  0x00000244fef95000 JavaThread "Incoming local TCP Connector on port 54003" [_thread_in_native, id=5916, stack(0x00000088c7800000,0x00000088c7900000)]
  0x0000024482571000 JavaThread "Daemon health stats" [_thread_blocked, id=8344, stack(0x00000088c7500000,0x00000088c7600000)]
  0x00000244fdf49800 JavaThread "Service Thread" daemon [_thread_blocked, id=4684, stack(0x00000088c7300000,0x00000088c7400000)]
  0x00000244fd15d800 JavaThread "C1 CompilerThread2" daemon [_thread_blocked, id=8020, stack(0x00000088c7200000,0x00000088c7300000)]
  0x00000244fd167000 JavaThread "C2 CompilerThread1" daemon [_thread_in_native, id=13188, stack(0x00000088c7100000,0x00000088c7200000)]
  0x00000244fd159000 JavaThread "C2 CompilerThread0" daemon [_thread_in_native, id=6956, stack(0x00000088c7000000,0x00000088c7100000)]
  0x00000244fd061000 JavaThread "Attach Listener" daemon [_thread_blocked, id=9916, stack(0x00000088c6f00000,0x00000088c7000000)]
  0x00000244fd05f800 JavaThread "Signal Dispatcher" daemon [_thread_blocked, id=32, stack(0x00000088c6e00000,0x00000088c6f00000)]
  0x00000244fc8ea000 JavaThread "Finalizer" daemon [_thread_blocked, id=11328, stack(0x00000088c6d00000,0x00000088c6e00000)]
  0x00000244fd036000 JavaThread "Reference Handler" daemon [_thread_blocked, id=1324, stack(0x00000088c6c00000,0x00000088c6d00000)]
  0x00000244ea00c000 JavaThread "main" [_thread_blocked, id=8376, stack(0x00000088c6600000,0x00000088c6700000)]

Other Threads:
  0x00000244fd014000 VMThread [stack: 0x00000088c6b00000,0x00000088c6c00000] [id=12644]
  0x00000244fd168000 WatcherThread [stack: 0x00000088c7400000,0x00000088c7500000] [id=8708]

VM state:synchronizing (normal execution)

VM Mutex/Monitor currently owned by a thread:  ([mutex/lock_event])
[0x00000244ea009f60] Threads_lock - owner thread: 0x00000244fd014000

heap address: 0x00000000e0000000, size: 512 MB, Compressed Oops mode: 32-bit
Narrow klass base: 0x0000000000000000, Narrow klass shift: 3
Compressed class space size: 1073741824 Address: 0x0000000100000000

Heap:
 PSYoungGen      total 139264K, used 59097K [0x00000000f5580000, 0x00000000fe880000, 0x0000000100000000)
  eden space 129536K, 45% used [0x00000000f5580000,0x00000000f8f366d0,0x00000000fd400000)
  from space 9728K, 0% used [0x00000000fd400000,0x00000000fd400000,0x00000000fdd80000)
  to   space 8192K, 0% used [0x00000000fdd80000,0x00000000fdd80000,0x00000000fe580000)
 ParOldGen       total 175104K, used 7779K [0x00000000e0000000, 0x00000000eab00000, 0x00000000f5580000)
  object space 175104K, 4% used [0x00000000e0000000,0x00000000e0798dd8,0x00000000eab00000)
 Metaspace       used 22384K, capacity 23142K, committed 23472K, reserved 1069056K
  class space    used 3175K, capacity 3399K, committed 3504K, reserved 1048576K

Card table byte_map: [0x00000244fade0000,0x00000244faef0000] byte_map_base: 0x00000244fa6e0000

Marking Bits: (ParMarkBitMap*) 0x0000000074d26850
 Begin Bits: [0x00000244faef0000, 0x00000244fb6f0000)
 End Bits:   [0x00000244fb6f0000, 0x00000244fbef0000)

Polling page: 0x00000244ea150000

CodeCache: size=245760Kb used=8536Kb max_used=8536Kb free=237223Kb
 bounds [0x00000244eba20000, 0x00000244ec280000, 0x00000244faa20000]
 total_blobs=2633 nmethods=2204 adapters=341
 compilation: enabled

Compilation events (10 events):
Event: 7.948 Thread 0x00000244fd15d800 2330       3       java.util.regex.Matcher::appendReplacement (571 bytes)
Event: 7.962 Thread 0x00000244fd15d800 nmethod 2330 0x00000244ec2550d0 code [0x00000244ec255820, 0x00000244ec25b160]
Event: 7.962 Thread 0x00000244fd15d800 2332       3       org.objectweb.asm.MethodWriter::visitAbstractType (8 bytes)
Event: 7.962 Thread 0x00000244fd15d800 nmethod 2332 0x00000244ec25e450 code [0x00000244ec25e5a0, 0x00000244ec25e718]
Event: 7.962 Thread 0x00000244fd15d800 2331  s    3       java.lang.StringBuffer::append (13 bytes)
Event: 7.962 Thread 0x00000244fd15d800 nmethod 2331 0x00000244ec25e810 code [0x00000244ec25e980, 0x00000244ec25ecb0]
Event: 7.971 Thread 0x00000244fd15d800 2333       3       java.lang.reflect.Method::acquireMethodAccessor (44 bytes)
Event: 7.971 Thread 0x00000244fd15d800 nmethod 2333 0x00000244ec25ed90 code [0x00000244ec25ef20, 0x00000244ec25f580]
Event: 7.982 Thread 0x00000244fd15d800 2334       3       com.google.common.cache.LocalCache::expiresAfterAccess (15 bytes)
Event: 7.982 Thread 0x00000244fd15d800 nmethod 2334 0x00000244ec25f750 code [0x00000244ec25f8a0, 0x00000244ec25fa58]

GC Heap History (10 events):
Event: 5.542 GC heap before
{Heap before GC invocations=4 (full 0):
 PSYoungGen      total 76288K, used 70848K [0x00000000f5580000, 0x00000000faa80000, 0x0000000100000000)
  eden space 65536K, 100% used [0x00000000f5580000,0x00000000f9580000,0x00000000f9580000)
  from space 10752K, 49% used [0x00000000f9580000,0x00000000f9ab0020,0x00000000fa000000)
  to   space 10752K, 0% used [0x00000000fa000000,0x00000000fa000000,0x00000000faa80000)
 ParOldGen       total 175104K, used 24K [0x00000000e0000000, 0x00000000eab00000, 0x00000000f5580000)
  object space 175104K, 0% used [0x00000000e0000000,0x00000000e0006000,0x00000000eab00000)
 Metaspace       used 14240K, capacity 14670K, committed 14976K, reserved 1062912K
  class space    used 1947K, capacity 2115K, committed 2176K, reserved 1048576K
Event: 5.556 GC heap after
Heap after GC invocations=4 (full 0):
 PSYoungGen      total 76288K, used 6241K [0x00000000f5580000, 0x00000000faa80000, 0x0000000100000000)
  eden space 65536K, 0% used [0x00000000f5580000,0x00000000f5580000,0x00000000f9580000)
  from space 10752K, 58% used [0x00000000fa000000,0x00000000fa618530,0x00000000faa80000)
  to   space 10752K, 0% used [0x00000000f9580000,0x00000000f9580000,0x00000000fa000000)
 ParOldGen       total 175104K, used 40K [0x00000000e0000000, 0x00000000eab00000, 0x00000000f5580000)
  object space 175104K, 0% used [0x00000000e0000000,0x00000000e000a000,0x00000000eab00000)
 Metaspace       used 14240K, capacity 14670K, committed 14976K, reserved 1062912K
  class space    used 1947K, capacity 2115K, committed 2176K, reserved 1048576K
}
Event: 6.183 GC heap before
{Heap before GC invocations=5 (full 0):
 PSYoungGen      total 76288K, used 71777K [0x00000000f5580000, 0x00000000faa80000, 0x0000000100000000)
  eden space 65536K, 100% used [0x00000000f5580000,0x00000000f9580000,0x00000000f9580000)
  from space 10752K, 58% used [0x00000000fa000000,0x00000000fa618530,0x00000000faa80000)
  to   space 10752K, 0% used [0x00000000f9580000,0x00000000f9580000,0x00000000fa000000)
 ParOldGen       total 175104K, used 40K [0x00000000e0000000, 0x00000000eab00000, 0x00000000f5580000)
  object space 175104K, 0% used [0x00000000e0000000,0x00000000e000a000,0x00000000eab00000)
 Metaspace       used 16869K, capacity 17468K, committed 17792K, reserved 1064960K
  class space    used 2215K, capacity 2364K, committed 2432K, reserved 1048576K
Event: 6.194 GC heap after
Heap after GC invocations=5 (full 0):
 PSYoungGen      total 76288K, used 6854K [0x00000000f5580000, 0x00000000fe580000, 0x0000000100000000)
  eden space 65536K, 0% used [0x00000000f5580000,0x00000000f5580000,0x00000000f9580000)
  from space 10752K, 63% used [0x00000000f9580000,0x00000000f9c31880,0x00000000fa000000)
  to   space 8192K, 0% used [0x00000000fdd80000,0x00000000fdd80000,0x00000000fe580000)
 ParOldGen       total 175104K, used 48K [0x00000000e0000000, 0x00000000eab00000, 0x00000000f5580000)
  object space 175104K, 0% used [0x00000000e0000000,0x00000000e000c000,0x00000000eab00000)
 Metaspace       used 16869K, capacity 17468K, committed 17792K, reserved 1064960K
  class space    used 2215K, capacity 2364K, committed 2432K, reserved 1048576K
}
Event: 6.899 GC heap before
{Heap before GC invocations=6 (full 0):
 PSYoungGen      total 76288K, used 72390K [0x00000000f5580000, 0x00000000fe580000, 0x0000000100000000)
  eden space 65536K, 100% used [0x00000000f5580000,0x00000000f9580000,0x00000000f9580000)
  from space 10752K, 63% used [0x00000000f9580000,0x00000000f9c31880,0x00000000fa000000)
  to   space 8192K, 0% used [0x00000000fdd80000,0x00000000fdd80000,0x00000000fe580000)
 ParOldGen       total 175104K, used 48K [0x00000000e0000000, 0x00000000eab00000, 0x00000000f5580000)
  object space 175104K, 0% used [0x00000000e0000000,0x00000000e000c000,0x00000000eab00000)
 Metaspace       used 18893K, capacity 19442K, committed 19712K, reserved 1067008K
  class space    used 2600K, capacity 2763K, committed 2816K, reserved 1048576K
Event: 6.916 GC heap after
Heap after GC invocations=6 (full 0):
 PSYoungGen      total 137728K, used 8179K [0x00000000f5580000, 0x00000000fe880000, 0x0000000100000000)
  eden space 129536K, 0% used [0x00000000f5580000,0x00000000f5580000,0x00000000fd400000)
  from space 8192K, 99% used [0x00000000fdd80000,0x00000000fe57cca0,0x00000000fe580000)
  to   space 9728K, 0% used [0x00000000fd400000,0x00000000fd400000,0x00000000fdd80000)
 ParOldGen       total 175104K, used 133K [0x00000000e0000000, 0x00000000eab00000, 0x00000000f5580000)
  object space 175104K, 0% used [0x00000000e0000000,0x00000000e00214f8,0x00000000eab00000)
 Metaspace       used 18893K, capacity 19442K, committed 19712K, reserved 1067008K
  class space    used 2600K, capacity 2763K, committed 2816K, reserved 1048576K
}
Event: 7.400 GC heap before
{Heap before GC invocations=7 (full 0):
 PSYoungGen      total 137728K, used 47923K [0x00000000f5580000, 0x00000000fe880000, 0x0000000100000000)
  eden space 129536K, 30% used [0x00000000f5580000,0x00000000f7c500d8,0x00000000fd400000)
  from space 8192K, 99% used [0x00000000fdd80000,0x00000000fe57cca0,0x00000000fe580000)
  to   space 9728K, 0% used [0x00000000fd400000,0x00000000fd400000,0x00000000fdd80000)
 ParOldGen       total 175104K, used 133K [0x00000000e0000000, 0x00000000eab00000, 0x00000000f5580000)
  object space 175104K, 0% used [0x00000000e0000000,0x00000000e00214f8,0x00000000eab00000)
 Metaspace       used 20502K, capacity 21176K, committed 21296K, reserved 1067008K
  class space    used 2852K, capacity 3076K, committed 3120K, reserved 1048576K
Event: 7.415 GC heap after
Heap after GC invocations=7 (full 0):
 PSYoungGen      total 139264K, used 5220K [0x00000000f5580000, 0x00000000fe880000, 0x0000000100000000)
  eden space 129536K, 0% used [0x00000000f5580000,0x00000000f5580000,0x00000000fd400000)
  from space 9728K, 53% used [0x00000000fd400000,0x00000000fd919240,0x00000000fdd80000)
  to   space 8192K, 0% used [0x00000000fdd80000,0x00000000fdd80000,0x00000000fe580000)
 ParOldGen       total 175104K, used 2885K [0x00000000e0000000, 0x00000000eab00000, 0x00000000f5580000)
  object space 175104K, 1% used [0x00000000e0000000,0x00000000e02d1568,0x00000000eab00000)
 Metaspace       used 20502K, capacity 21176K, committed 21296K, reserved 1067008K
  class space    used 2852K, capacity 3076K, committed 3120K, reserved 1048576K
}
Event: 7.415 GC heap before
{Heap before GC invocations=8 (full 1):
 PSYoungGen      total 139264K, used 5220K [0x00000000f5580000, 0x00000000fe880000, 0x0000000100000000)
  eden space 129536K, 0% used [0x00000000f5580000,0x00000000f5580000,0x00000000fd400000)
  from space 9728K, 53% used [0x00000000fd400000,0x00000000fd919240,0x00000000fdd80000)
  to   space 8192K, 0% used [0x00000000fdd80000,0x00000000fdd80000,0x00000000fe580000)
 ParOldGen       total 175104K, used 2885K [0x00000000e0000000, 0x00000000eab00000, 0x00000000f5580000)
  object space 175104K, 1% used [0x00000000e0000000,0x00000000e02d1568,0x00000000eab00000)
 Metaspace       used 20502K, capacity 21176K, committed 21296K, reserved 1067008K
  class space    used 2852K, capacity 3076K, committed 3120K, reserved 1048576K
Event: 7.466 GC heap after
Heap after GC invocations=8 (full 1):
 PSYoungGen      total 139264K, used 0K [0x00000000f5580000, 0x00000000fe880000, 0x0000000100000000)
  eden space 129536K, 0% used [0x00000000f5580000,0x00000000f5580000,0x00000000fd400000)
  from space 9728K, 0% used [0x00000000fd400000,0x00000000fd400000,0x00000000fdd80000)
  to   space 8192K, 0% used [0x00000000fdd80000,0x00000000fdd80000,0x00000000fe580000)
 ParOldGen       total 175104K, used 7779K [0x00000000e0000000, 0x00000000eab00000, 0x00000000f5580000)
  object space 175104K, 4% used [0x00000000e0000000,0x00000000e0798dd8,0x00000000eab00000)
 Metaspace       used 20502K, capacity 21176K, committed 21296K, reserved 1067008K
  class space    used 2852K, capacity 3076K, committed 3120K, reserved 1048576K
}

Deoptimization events (10 events):
Event: 5.792 Thread 0x0000024481a82000 Uncommon trap: reason=class_check action=maybe_recompile pc=0x00000244ebd00e44 method=java.util.regex.Matcher.match(II)Z @ 86
Event: 5.798 Thread 0x0000024481a82000 Uncommon trap: reason=unstable_if action=reinterpret pc=0x00000244ec0f854c method=com.android.tools.tracer.agent.objectweb.asm.ClassReader.readMethod(Lcom/android/tools/tracer/agent/objectweb/asm/ClassVisitor;Lcom/android/tools/tracer/agent/objectweb/asm/
Event: 5.798 Thread 0x0000024481a82000 Uncommon trap: reason=unstable_if action=reinterpret pc=0x00000244ec01c658 method=com.android.tools.tracer.agent.objectweb.asm.Attribute.computeAttributesSize(Lcom/android/tools/tracer/agent/objectweb/asm/SymbolTable;II)I @ 16
Event: 5.798 Thread 0x0000024481a82000 Uncommon trap: reason=unstable_if action=reinterpret pc=0x00000244ec01e4d0 method=com.android.tools.tracer.agent.objectweb.asm.Attribute.putAttributes(Lcom/android/tools/tracer/agent/objectweb/asm/SymbolTable;IILcom/android/tools/tracer/agent/objectweb/as
Event: 6.009 Thread 0x0000024481a82000 Uncommon trap: reason=unstable_if action=reinterpret pc=0x00000244ebfd6bc4 method=com.android.tools.tracer.agent.objectweb.asm.SymbolTable.addConstantUtf8(Ljava/lang/String;)I @ 40
Event: 6.148 Thread 0x0000024481a82000 Uncommon trap: reason=unstable_if action=reinterpret pc=0x00000244ec0167d8 method=com.android.tools.tracer.agent.objectweb.asm.commons.AdviceAdapter.visitLdcInsn(Ljava/lang/Object;)V @ 37
Event: 6.540 Thread 0x0000024481a82000 Uncommon trap: reason=unstable_if action=reinterpret pc=0x00000244ebf579b0 method=java.util.LinkedHashMap.afterNodeInsertion(Z)V @ 1
Event: 6.543 Thread 0x0000024481a82000 Uncommon trap: reason=unstable_if action=reinterpret pc=0x00000244ebd7c07c method=java.util.HashMap.getNode(ILjava/lang/Object;)Ljava/util/HashMap$Node; @ 129
Event: 6.817 Thread 0x0000024481a82000 Uncommon trap: reason=bimorphic action=maybe_recompile pc=0x00000244ec162784 method=java.util.HashMap.putVal(ILjava/lang/Object;Ljava/lang/Object;ZZ)Ljava/lang/Object; @ 203
Event: 7.083 Thread 0x0000024481a82000 Uncommon trap: reason=bimorphic action=maybe_recompile pc=0x00000244ec162784 method=java.util.HashMap.putVal(ILjava/lang/Object;Ljava/lang/Object;ZZ)Ljava/lang/Object; @ 203

Classes redefined (0 events):
No events

Internal exceptions (10 events):
Event: 4.917 Thread 0x00000244801a9000 Exception <a 'java/lang/NoSuchMethodError': <clinit>> (0x00000000f6ffa900) thrown at [C:\wsjdk\Corretto8Src\installers\windows\zip\corretto-build\buildRoot\hotspot\src\share\vm\prims\jni.cpp, line 1614]
Event: 4.934 Thread 0x00000244801a9000 Exception <a 'java/lang/NoSuchMethodError': <clinit>> (0x00000000f7083fc0) thrown at [C:\wsjdk\Corretto8Src\installers\windows\zip\corretto-build\buildRoot\hotspot\src\share\vm\prims\jni.cpp, line 1614]
Event: 4.952 Thread 0x00000244801a9000 Exception <a 'java/lang/NoSuchMethodError': <clinit>> (0x00000000f70e1f20) thrown at [C:\wsjdk\Corretto8Src\installers\windows\zip\corretto-build\buildRoot\hotspot\src\share\vm\prims\jni.cpp, line 1614]
Event: 4.956 Thread 0x00000244801a9000 Exception <a 'java/lang/NoSuchMethodError': <clinit>> (0x00000000f70f2710) thrown at [C:\wsjdk\Corretto8Src\installers\windows\zip\corretto-build\buildRoot\hotspot\src\share\vm\prims\jni.cpp, line 1614]
Event: 6.202 Thread 0x0000024481a82000 Exception <a 'java/lang/NoSuchMethodError': java.lang.Object.lambda$and$0(Ljava/util/function/Predicate;Ljava/lang/Object;)Z> (0x00000000f55e7538) thrown at [C:\wsjdk\Corretto8Src\installers\windows\zip\corretto-build\buildRoot\hotspot\src\share\vm\interp
Event: 6.205 Thread 0x0000024481a82000 Exception <a 'java/lang/IncompatibleClassChangeError': Found class java.lang.Object, but interface was expected> (0x00000000f5605978) thrown at [C:\wsjdk\Corretto8Src\installers\windows\zip\corretto-build\buildRoot\hotspot\src\share\vm\interpreter\linkRes
Event: 6.208 Thread 0x0000024481a82000 Exception <a 'java/lang/NoSuchMethodError': java.lang.Object.lambda$or$2(Ljava/util/function/Predicate;Ljava/lang/Object;)Z> (0x00000000f5617140) thrown at [C:\wsjdk\Corretto8Src\installers\windows\zip\corretto-build\buildRoot\hotspot\src\share\vm\interpr
Event: 6.680 Thread 0x0000024481a82000 Exception <a 'java/lang/NoSuchMethodError': java.lang.Object.lambda$static$0(Lorg/gradle/internal/state/ModelObject;)Ljava/lang/String;> (0x00000000f82ec638) thrown at [C:\wsjdk\Corretto8Src\installers\windows\zip\corretto-build\buildRoot\hotspot\src\shar
Event: 7.377 Thread 0x0000024481a82000 Exception <a 'java/lang/NoSuchMethodError': java.lang.Object.lambda$static$1(Lorg/gradle/internal/snapshot/SnapshotHierarchy$DiffCapturingUpdateFunction;)Lorg/gradle/internal/snapshot/AtomicSnapshotHierarchyReference$UpdateFunction;> (0x00000000f7916260) 
Event: 7.927 Thread 0x0000024481a82000 Exception <a 'java/lang/NoSuchMethodError': java.lang.Object.lambda$comparing$77a9974f$1(Ljava/util/function/Function;Ljava/lang/Object;Ljava/lang/Object;)I> (0x00000000f7cc7088) thrown at [C:\wsjdk\Corretto8Src\installers\windows\zip\corretto-build\build

Events (10 events):
Event: 7.972 loading class org/gradle/internal/component/model/IvyArtifactName done
Event: 7.973 loading class org/gradle/internal/component/external/model/ivy/MutableIvyModuleResolveMetadata
Event: 7.973 loading class org/gradle/internal/component/external/model/ivy/MutableIvyModuleResolveMetadata done
Event: 7.974 loading class org/gradle/internal/component/external/descriptor/Configuration
Event: 7.974 loading class org/gradle/internal/component/external/descriptor/Configuration done
Event: 7.978 loading class org/gradle/internal/hash/DefaultChecksumService
Event: 7.978 loading class org/gradle/internal/hash/DefaultChecksumService done
Event: 7.979 loading class org/gradle/internal/hash/ChecksumHasher
Event: 7.979 loading class org/gradle/internal/hash/ChecksumHasher done
Event: 7.982 Thread 0x0000024481c65800 Thread added: 0x0000024481c65800


Dynamic libraries:
0x00007ff603b30000 - 0x00007ff603b6a000 	C:\Users\CCI\.jdks\corretto-1.8.0_372\bin\java.exe
0x00007ffb76bb0000 - 0x00007ffb76da8000 	C:\Windows\SYSTEM32\ntdll.dll
0x00007ffb76a10000 - 0x00007ffb76acf000 	C:\Windows\System32\KERNEL32.DLL
0x00007ffb74500000 - 0x00007ffb747f6000 	C:\Windows\System32\KERNELBASE.dll
0x00007ffb75600000 - 0x00007ffb756af000 	C:\Windows\System32\ADVAPI32.dll
0x00007ffb76ad0000 - 0x00007ffb76b6e000 	C:\Windows\System32\msvcrt.dll
0x00007ffb74dc0000 - 0x00007ffb74e5c000 	C:\Windows\System32\sechost.dll
0x00007ffb76480000 - 0x00007ffb765a6000 	C:\Windows\System32\RPCRT4.dll
0x00007ffb76870000 - 0x00007ffb76a0d000 	C:\Windows\System32\USER32.dll
0x00007ffb74800000 - 0x00007ffb74822000 	C:\Windows\System32\win32u.dll
0x00007ffb76450000 - 0x00007ffb7647c000 	C:\Windows\System32\GDI32.dll
0x00007ffb74290000 - 0x00007ffb743a5000 	C:\Windows\System32\gdi32full.dll
0x00007ffb743b0000 - 0x00007ffb7444d000 	C:\Windows\System32\msvcp_win.dll
0x00007ffb74a90000 - 0x00007ffb74b90000 	C:\Windows\System32\ucrtbase.dll
0x00007ffb66900000 - 0x00007ffb66b9a000 	C:\Windows\WinSxS\amd64_microsoft.windows.common-controls_6595b64144ccf1df_6.0.19041.1110_none_60b5254171f9507e\COMCTL32.dll
0x00007ffb75460000 - 0x00007ffb75490000 	C:\Windows\System32\IMM32.DLL
0x00007ffb49130000 - 0x00007ffb4921f000 	C:\Users\CCI\.jdks\corretto-1.8.0_372\jre\bin\msvcr120.dll
0x00007ffb48780000 - 0x00007ffb48826000 	C:\Users\CCI\.jdks\corretto-1.8.0_372\jre\bin\msvcp120.dll
0x0000000074530000 - 0x0000000074da5000 	C:\Users\CCI\.jdks\corretto-1.8.0_372\jre\bin\server\jvm.dll
0x00007ffb75490000 - 0x00007ffb75498000 	C:\Windows\System32\PSAPI.DLL
0x00007ffb679d0000 - 0x00007ffb679f7000 	C:\Windows\SYSTEM32\WINMM.dll
0x00007ffb729a0000 - 0x00007ffb729aa000 	C:\Windows\SYSTEM32\VERSION.dll
0x00007ffb63580000 - 0x00007ffb63589000 	C:\Windows\SYSTEM32\WSOCK32.dll
0x00007ffb75530000 - 0x00007ffb7559b000 	C:\Windows\System32\WS2_32.dll
0x00007ffb72a90000 - 0x00007ffb72a9f000 	C:\Users\CCI\.jdks\corretto-1.8.0_372\jre\bin\verify.dll
0x00007ffb6b5d0000 - 0x00007ffb6b5f9000 	C:\Users\CCI\.jdks\corretto-1.8.0_372\jre\bin\java.dll
0x00007ffb5f080000 - 0x00007ffb5f0aa000 	C:\Users\CCI\.jdks\corretto-1.8.0_372\jre\bin\instrument.dll
0x00007ffb71fc0000 - 0x00007ffb71fd6000 	C:\Users\CCI\.jdks\corretto-1.8.0_372\jre\bin\zip.dll
0x00007ffb756b0000 - 0x00007ffb75df4000 	C:\Windows\System32\SHELL32.dll
0x00007ffb71fe0000 - 0x00007ffb72773000 	C:\Windows\SYSTEM32\windows.storage.dll
0x00007ffb76000000 - 0x00007ffb76354000 	C:\Windows\System32\combase.dll
0x00007ffb73b30000 - 0x00007ffb73b5e000 	C:\Windows\SYSTEM32\Wldp.dll
0x00007ffb753b0000 - 0x00007ffb7545d000 	C:\Windows\System32\SHCORE.dll
0x00007ffb755a0000 - 0x00007ffb755f5000 	C:\Windows\System32\shlwapi.dll
0x00007ffb741d0000 - 0x00007ffb741ef000 	C:\Windows\SYSTEM32\profapi.dll
0x00007ffb71440000 - 0x00007ffb7144d000 	C:\Users\CCI\.jdks\corretto-1.8.0_372\jre\bin\management.dll
0x00007ffb6f8e0000 - 0x00007ffb6f8fa000 	C:\Users\CCI\.jdks\corretto-1.8.0_372\jre\bin\net.dll
0x00007ffb73910000 - 0x00007ffb7397a000 	C:\Windows\system32\mswsock.dll
0x00007ffb6b5b0000 - 0x00007ffb6b5c2000 	C:\Users\CCI\.jdks\corretto-1.8.0_372\jre\bin\nio.dll
0x00007ffb4f5c0000 - 0x00007ffb4f5d7000 	C:\Windows\system32\napinsp.dll
0x00007ffb4efd0000 - 0x00007ffb4efeb000 	C:\Windows\system32\pnrpnsp.dll
0x00007ffb6e870000 - 0x00007ffb6e885000 	C:\Windows\system32\wshbth.dll
0x00007ffb6f790000 - 0x00007ffb6f7ad000 	C:\Windows\system32\NLAapi.dll
0x00007ffb73620000 - 0x00007ffb7365c000 	C:\Windows\SYSTEM32\IPHLPAPI.DLL
0x00007ffb73660000 - 0x00007ffb7372b000 	C:\Windows\SYSTEM32\DNSAPI.dll
0x00007ffb74e60000 - 0x00007ffb74e68000 	C:\Windows\System32\NSI.dll
0x00007ffb4c630000 - 0x00007ffb4c642000 	C:\Windows\System32\winrnr.dll
0x00007ffb66810000 - 0x00007ffb6681a000 	C:\Windows\System32\rasadhlp.dll
0x00007ffb66bc0000 - 0x00007ffb66c42000 	C:\Windows\System32\fwpuclnt.dll
0x00007ffb74be0000 - 0x00007ffb74c07000 	C:\Windows\System32\bcrypt.dll
0x00007ffb5fba0000 - 0x00007ffb5fbc7000 	C:\Users\CCI\.gradle\native\f6784746aeab05261644944871eae4fe03e0ef1612fff0a4a95f87b438bc6780\windows-amd64\native-platform.dll
0x00007ffb73e70000 - 0x00007ffb73e88000 	C:\Windows\SYSTEM32\CRYPTSP.dll
0x00007ffb73250000 - 0x00007ffb73284000 	C:\Windows\system32\rsaenh.dll
0x00007ffb74190000 - 0x00007ffb741be000 	C:\Windows\SYSTEM32\USERENV.dll
0x00007ffb74a00000 - 0x00007ffb74a82000 	C:\Windows\System32\bcryptprimitives.dll
0x00007ffb73aa0000 - 0x00007ffb73aac000 	C:\Windows\SYSTEM32\CRYPTBASE.dll
0x00007ffb6b990000 - 0x00007ffb6b9a7000 	C:\Windows\SYSTEM32\dhcpcsvc6.DLL
0x00007ffb6c120000 - 0x00007ffb6c13d000 	C:\Windows\SYSTEM32\dhcpcsvc.DLL
0x00007ffb6c430000 - 0x00007ffb6c43b000 	C:\Windows\SYSTEM32\WINNSI.DLL

VM Arguments:
jvm_args: -XX:MaxMetaspaceSize=256m -XX:+HeapDumpOnOutOfMemoryError -javaagent:C:\Program Files\Android\Android Studio\plugins\android\resources\trace_agent.jar=C:\Users\CCI\AppData\Local\Temp\sync.trace.profile -Xms256m -Xmx512m -Dfile.encoding=windows-1252 -Duser.country=US -Duser.language=en -Duser.variant 
java_command: org.gradle.launcher.daemon.bootstrap.GradleDaemon 6.5
java_class_path (initial): C:\Users\CCI\.gradle\wrapper\dists\gradle-6.5-bin\6nifqtx7604sqp1q6g8wikw7p\gradle-6.5\lib\gradle-launcher-6.5.jar;C:\Program Files\Android\Android Studio\plugins\android\resources\trace_agent.jar
Launcher Type: SUN_STANDARD

Environment Variables:
PATH=C:\Program Files\Common Files\Oracle\Java\javapath;C:\Windows\system32;C:\Windows;C:\Windows\System32\Wbem;C:\Windows\System32\WindowsPowerShell\v1.0\;C:\Windows\System32\OpenSSH\;C:\Program Files\Git\cmd;C:\Users\CCI\AppData\Local\Microsoft\WindowsApps;C:\Program Files\Java\jdk-20\bin;
USERNAME=CCI
OS=Windows_NT
PROCESSOR_IDENTIFIER=Intel64 Family 6 Model 61 Stepping 4, GenuineIntel



---------------  S Y S T E M  ---------------

OS: Windows 10 , 64 bit Build 19041 (10.0.19041.2913)

CPU:total 4 (initial active 4) (2 cores per cpu, 2 threads per core) family 6 model 61 stepping 4, cmov, cx8, fxsr, mmx, sse, sse2, sse3, ssse3, sse4.1, sse4.2, popcnt, avx, avx2, aes, clmul, erms, rtm, 3dnowpref, lzcnt, ht, tsc, tscinvbit, bmi1, bmi2, adx

Memory: 4k page, physical 8260716k(790600k free), swap 12455020k(3604k free)

vm_info: OpenJDK 64-Bit Server VM (25.372-b07) for windows-amd64 JRE (1.8.0_372-b07), built on Apr 17 2023 22:43:30 by "Administrator" with MS VC++ 12.0 (VS2013)

time: Wed May 03 16:09:06 2023
timezone: India Standard Time
elapsed time: 8.670351 seconds (0d 0h 0m 8s)

