#
# There is insufficient memory for the Java Runtime Environment to continue.
# Native memory allocation (malloc) failed to allocate 879696 bytes for Chunk::new
# Possible reasons:
#   The system is out of physical RAM or swap space
#   The process is running with CompressedOops enabled, and the Java Heap may be blocking the growth of the native heap
# Possible solutions:
#   Reduce memory load on the system
#   Increase physical memory or swap space
#   Check if swap backing store is full
#   Decrease Java heap size (-Xmx/-Xms)
#   Decrease number of Java threads
#   Decrease Java thread stack sizes (-Xss)
#   Set larger code cache with -XX:ReservedCodeCacheSize=
#   JVM is running with Unscaled Compressed Oops mode in which the Java heap is
#     placed in the first 4GB address space. The Java Heap base address is the
#     maximum limit for the native heap growth. Please use -XX:HeapBaseMinAddress
#     to set the Java Heap base and to place the Java Heap above 4GB virtual address.
# This output file may be truncated or incomplete.
#
#  Out of Memory Error (arena.cpp:197), pid=15664, tid=4196
#
# JRE version: OpenJDK Runtime Environment Corretto-11.0.19.7.1 (11.0.19+7) (build 11.0.19+7-LTS)
# Java VM: OpenJDK 64-Bit Server VM Corretto-11.0.19.7.1 (11.0.19+7-LTS, mixed mode, tiered, compressed oops, g1 gc, windows-amd64)
# No core dump will be written. Minidumps are not enabled by default on client versions of Windows
#

---------------  S U M M A R Y ------------

Command Line: -XX:MaxMetaspaceSize=256m -XX:+HeapDumpOnOutOfMemoryError -javaagent:C:\Program Files\Android\Android Studio\plugins\android\resources\trace_agent.jar=C:\Users\CCI\AppData\Local\Temp\sync.trace.profile --add-opens=java.base/java.util=ALL-UNNAMED --add-opens=java.base/java.lang=ALL-UNNAMED --add-opens=java.base/java.lang.invoke=ALL-UNNAMED --add-opens=java.base/java.util=ALL-UNNAMED --add-opens=java.prefs/java.util.prefs=ALL-UNNAMED --add-opens=java.prefs/java.util.prefs=ALL-UNNAMED --add-opens=java.base/java.nio.charset=ALL-UNNAMED --add-opens=java.base/java.net=ALL-UNNAMED --add-opens=java.base/java.util.concurrent.atomic=ALL-UNNAMED -Xms256m -Xmx512m -Dfile.encoding=windows-1252 -Duser.country=US -Duser.language=en -Duser.variant org.gradle.launcher.daemon.bootstrap.GradleDaemon 7.5

Host: Intel(R) Core(TM) i5-5300U CPU @ 2.30GHz, 4 cores, 7G,  Windows 10 , 64 bit Build 19041 (10.0.19041.2913)
Time: Thu May 18 13:28:57 2023 India Standard Time elapsed time: 42.222684 seconds (0d 0h 0m 42s)

---------------  T H R E A D  ---------------

Current thread (0x00000273a2b39800):  JavaThread "C2 CompilerThread1" daemon [_thread_in_native, id=4196, stack(0x000000cd05f00000,0x000000cd06000000)]


Current CompileTask:
C2:  42222 8264       4       org.objectweb.asm.Type::getMethodDescriptor (66 bytes)

Stack: [0x000000cd05f00000,0x000000cd06000000]
Native frames: (J=compiled Java code, j=interpreted, Vv=VM code, C=native code)
V  [jvm.dll+0x6235aa]
V  [jvm.dll+0x7b0f89]
V  [jvm.dll+0x7b2678]
V  [jvm.dll+0x7b2d53]
V  [jvm.dll+0x24fe38]
V  [jvm.dll+0xc264c]
V  [jvm.dll+0xc2c0c]
V  [jvm.dll+0x35cc37]
V  [jvm.dll+0x328bb3]
V  [jvm.dll+0x327eea]
V  [jvm.dll+0x2092b3]
V  [jvm.dll+0x20840d]
V  [jvm.dll+0x18a3c1]
V  [jvm.dll+0x217ab4]
V  [jvm.dll+0x215cfb]
V  [jvm.dll+0x773a90]
V  [jvm.dll+0x76c9c4]
V  [jvm.dll+0x622415]
C  [ucrtbase.dll+0x21bb2]
C  [KERNEL32.DLL+0x17614]
C  [ntdll.dll+0x526a1]


---------------  P R O C E S S  ---------------

Threads class SMR info:
_java_thread_list=0x00000273a5b8df70, length=82, elements={
0x0000027386e1c000, 0x00000273a1dc8000, 0x00000273a1dc9000, 0x00000273a1dd7000,
0x00000273a1dd9000, 0x00000273a1dda800, 0x00000273a1dde800, 0x00000273a1de3800,
0x00000273a1de7000, 0x00000273a1d48800, 0x00000273a54e4800, 0x00000273a5fd8800,
0x00000273a72c5000, 0x00000273a5b38000, 0x00000273a5f21800, 0x00000273a728c000,
0x00000273a5840800, 0x00000273a5d1e000, 0x00000273a4c3a000, 0x00000273a57c8800,
0x00000273a4d5e000, 0x00000273a4d5c800, 0x00000273a4d60800, 0x00000273a4d5d800,
0x00000273a4d5b000, 0x00000273a4d61800, 0x00000273a4d5f000, 0x00000273a4d5f800,
0x00000273a4d5b800, 0x00000273a2d99000, 0x00000273a2d97800, 0x00000273a2d98000,
0x00000273a2d9a000, 0x00000273a2d9b800, 0x00000273a2d9e000, 0x00000273a2da3000,
0x00000273a2da3800, 0x00000273a2d9e800, 0x00000273a2da4800, 0x00000273a2d9f800,
0x00000273a2da1000, 0x00000273a2da2000, 0x00000273a9d9b800, 0x00000273a9d9e000,
0x00000273a9d9f000, 0x00000273a9da0000, 0x00000273a9d9a000, 0x00000273a9d9c800,
0x00000273a9d9d800, 0x00000273a9d9b000, 0x00000273a9da4000, 0x00000273a9da4800,
0x00000273a9da5800, 0x00000273a9da0800, 0x00000273a9da1800, 0x00000273a9da6800,
0x00000273a9da7000, 0x00000273a9da8000, 0x00000273a9da2800, 0x00000273a9da9000,
0x00000273a9da3000, 0x00000273a3d9a800, 0x00000273a3d97800, 0x00000273a3d98000,
0x00000273a3d96800, 0x00000273a3d9b800, 0x00000273a3d9c800, 0x00000273a3d99000,
0x00000273a3d9d000, 0x00000273a3d9e000, 0x00000273a3d9e800, 0x00000273a3d9f800,
0x00000273a3d9a000, 0x00000273a3da5800, 0x00000273a3da0800, 0x00000273a3da1000,
0x00000273a3da2000, 0x00000273a3da3000, 0x00000273a3da3800, 0x00000273a691a000,
0x00000273a2b39800, 0x00000273a691b000
}

Java Threads: ( => current thread )
  0x0000027386e1c000 JavaThread "main" [_thread_blocked, id=2080, stack(0x000000cd00300000,0x000000cd00400000)]
  0x00000273a1dc8000 JavaThread "Reference Handler" daemon [_thread_blocked, id=12508, stack(0x000000cd00a00000,0x000000cd00b00000)]
  0x00000273a1dc9000 JavaThread "Finalizer" daemon [_thread_blocked, id=1728, stack(0x000000cd00b00000,0x000000cd00c00000)]
  0x00000273a1dd7000 JavaThread "Signal Dispatcher" daemon [_thread_blocked, id=10540, stack(0x000000cd00c00000,0x000000cd00d00000)]
  0x00000273a1dd9000 JavaThread "Attach Listener" daemon [_thread_blocked, id=9592, stack(0x000000cd00d00000,0x000000cd00e00000)]
  0x00000273a1dda800 JavaThread "Service Thread" daemon [_thread_blocked, id=13216, stack(0x000000cd00e00000,0x000000cd00f00000)]
  0x00000273a1dde800 JavaThread "C2 CompilerThread0" daemon [_thread_in_native, id=15824, stack(0x000000cd00f00000,0x000000cd01000000)]
  0x00000273a1de3800 JavaThread "C1 CompilerThread0" daemon [_thread_blocked, id=12684, stack(0x000000cd01000000,0x000000cd01100000)]
  0x00000273a1de7000 JavaThread "Sweeper thread" daemon [_thread_blocked, id=17784, stack(0x000000cd01100000,0x000000cd01200000)]
  0x00000273a1d48800 JavaThread "Common-Cleaner" daemon [_thread_blocked, id=7752, stack(0x000000cd01200000,0x000000cd01300000)]
  0x00000273a54e4800 JavaThread "Daemon health stats" [_thread_blocked, id=9180, stack(0x000000cd01800000,0x000000cd01900000)]
  0x00000273a5fd8800 JavaThread "Incoming local TCP Connector on port 63843" [_thread_in_native, id=15680, stack(0x000000cd01900000,0x000000cd01a00000)]
  0x00000273a72c5000 JavaThread "Daemon periodic checks" [_thread_blocked, id=14704, stack(0x000000cd01a00000,0x000000cd01b00000)]
  0x00000273a5b38000 JavaThread "Daemon" [_thread_blocked, id=10824, stack(0x000000cd01b00000,0x000000cd01c00000)]
  0x00000273a5f21800 JavaThread "Handler for socket connection from /127.0.0.1:63843 to /127.0.0.1:63844" [_thread_in_native, id=1108, stack(0x000000cd01c00000,0x000000cd01d00000)]
  0x00000273a728c000 JavaThread "Cancel handler" [_thread_blocked, id=7468, stack(0x000000cd01d00000,0x000000cd01e00000)]
  0x00000273a5840800 JavaThread "Daemon worker" [_thread_in_Java, id=15348, stack(0x000000cd01e00000,0x000000cd01f00000)]
  0x00000273a5d1e000 JavaThread "Asynchronous log dispatcher for DefaultDaemonConnection: socket connection from /127.0.0.1:63843 to /127.0.0.1:63844" [_thread_blocked, id=4456, stack(0x000000cd01f00000,0x000000cd02000000)]
  0x00000273a4c3a000 JavaThread "Stdin handler" [_thread_blocked, id=1528, stack(0x000000cd02000000,0x000000cd02100000)]
  0x00000273a57c8800 JavaThread "Daemon client event forwarder" [_thread_blocked, id=18172, stack(0x000000cd02100000,0x000000cd02200000)]
  0x00000273a4d5e000 JavaThread "Cache worker for journal cache (C:\Users\CCI\.gradle\caches\journal-1)" [_thread_blocked, id=6324, stack(0x000000cd02200000,0x000000cd02300000)]
  0x00000273a4d5c800 JavaThread "File lock request listener" [_thread_in_native, id=8036, stack(0x000000cd02300000,0x000000cd02400000)]
  0x00000273a4d60800 JavaThread "File lock release action executor" [_thread_blocked, id=10360, stack(0x000000cd02400000,0x000000cd02500000)]
  0x00000273a4d5d800 JavaThread "Cache worker for file hash cache (C:\Users\CCI\.gradle\caches\7.5\fileHashes)" [_thread_blocked, id=11712, stack(0x000000cd02500000,0x000000cd02600000)]
  0x00000273a4d5b000 JavaThread "File watcher server" daemon [_thread_in_native, id=11780, stack(0x000000cd02600000,0x000000cd02700000)]
  0x00000273a4d61800 JavaThread "File watcher consumer" daemon [_thread_blocked, id=2064, stack(0x000000cd02700000,0x000000cd02800000)]
  0x00000273a4d5f000 JavaThread "Cache worker for checksums cache (C:\Users\CCI\AndroidStudioProjects\mCURAPharmacy\.gradle\7.5\checksums)" [_thread_blocked, id=6804, stack(0x000000cd02800000,0x000000cd02900000)]
  0x00000273a4d5f800 JavaThread "Cache worker for cache directory md-rule (C:\Users\CCI\.gradle\caches\7.5\md-rule)" [_thread_blocked, id=14140, stack(0x000000cd02900000,0x000000cd02a00000)]
  0x00000273a4d5b800 JavaThread "Cache worker for file content cache (C:\Users\CCI\.gradle\caches\7.5\fileContent)" [_thread_blocked, id=16240, stack(0x000000cd02a00000,0x000000cd02b00000)]
  0x00000273a2d99000 JavaThread "Cache worker for file hash cache (C:\Users\CCI\AndroidStudioProjects\mCURAPharmacy\.gradle\7.5\fileHashes)" [_thread_blocked, id=896, stack(0x000000cd02b00000,0x000000cd02c00000)]
  0x00000273a2d97800 JavaThread "Cache worker for cache directory md-supplier (C:\Users\CCI\.gradle\caches\7.5\md-supplier)" [_thread_blocked, id=15700, stack(0x000000cd02c00000,0x000000cd02d00000)]
  0x00000273a2d98000 JavaThread "Cache worker for execution history cache (C:\Users\CCI\.gradle\caches\7.5\executionHistory)" [_thread_blocked, id=2516, stack(0x000000cd01300000,0x000000cd01400000)]
  0x00000273a2d9a000 JavaThread "jar transforms" [_thread_blocked, id=9176, stack(0x000000cd02e00000,0x000000cd02f00000)]
  0x00000273a2d9b800 JavaThread "jar transforms Thread 2" [_thread_blocked, id=15536, stack(0x000000cd02f00000,0x000000cd03000000)]
  0x00000273a2d9e000 JavaThread "jar transforms Thread 3" [_thread_blocked, id=3952, stack(0x000000cd03000000,0x000000cd03100000)]
  0x00000273a2da3000 JavaThread "jar transforms Thread 4" [_thread_blocked, id=1180, stack(0x000000cd03100000,0x000000cd03200000)]
  0x00000273a2da3800 JavaThread "Cache worker for dependencies-accessors (C:\Users\CCI\AndroidStudioProjects\mCURAPharmacy\.gradle\7.5\dependencies-accessors)" [_thread_blocked, id=13552, stack(0x000000cd03200000,0x000000cd03300000)]
  0x00000273a2d9e800 JavaThread "Cache worker for Build Output Cleanup Cache (C:\Users\CCI\AndroidStudioProjects\mCURAPharmacy\.gradle\buildOutputCleanup)" [_thread_blocked, id=18288, stack(0x000000cd03300000,0x000000cd03400000)]
  0x00000273a2da4800 JavaThread "Unconstrained build operations" [_thread_blocked, id=12548, stack(0x000000cd03400000,0x000000cd03500000)]
  0x00000273a2d9f800 JavaThread "Unconstrained build operations Thread 2" [_thread_blocked, id=16580, stack(0x000000cd03500000,0x000000cd03600000)]
  0x00000273a2da1000 JavaThread "Unconstrained build operations Thread 3" [_thread_blocked, id=7748, stack(0x000000cd03600000,0x000000cd03700000)]
  0x00000273a2da2000 JavaThread "Unconstrained build operations Thread 4" [_thread_blocked, id=12740, stack(0x000000cd03700000,0x000000cd03800000)]
  0x00000273a9d9b800 JavaThread "Unconstrained build operations Thread 5" [_thread_blocked, id=17208, stack(0x000000cd03800000,0x000000cd03900000)]
  0x00000273a9d9e000 JavaThread "Unconstrained build operations Thread 6" [_thread_blocked, id=15872, stack(0x000000cd03900000,0x000000cd03a00000)]
  0x00000273a9d9f000 JavaThread "Unconstrained build operations Thread 7" [_thread_blocked, id=14044, stack(0x000000cd03a00000,0x000000cd03b00000)]
  0x00000273a9da0000 JavaThread "Unconstrained build operations Thread 8" [_thread_blocked, id=8108, stack(0x000000cd03b00000,0x000000cd03c00000)]
  0x00000273a9d9a000 JavaThread "Unconstrained build operations Thread 9" [_thread_blocked, id=18124, stack(0x000000cd03c00000,0x000000cd03d00000)]
  0x00000273a9d9c800 JavaThread "Unconstrained build operations Thread 10" [_thread_blocked, id=4328, stack(0x000000cd03d00000,0x000000cd03e00000)]
  0x00000273a9d9d800 JavaThread "Unconstrained build operations Thread 11" [_thread_blocked, id=1524, stack(0x000000cd03e00000,0x000000cd03f00000)]
  0x00000273a9d9b000 JavaThread "Unconstrained build operations Thread 12" [_thread_blocked, id=14540, stack(0x000000cd03f00000,0x000000cd04000000)]
  0x00000273a9da4000 JavaThread "Unconstrained build operations Thread 13" [_thread_blocked, id=17580, stack(0x000000cd04000000,0x000000cd04100000)]
  0x00000273a9da4800 JavaThread "Unconstrained build operations Thread 14" [_thread_blocked, id=6860, stack(0x000000cd04100000,0x000000cd04200000)]
  0x00000273a9da5800 JavaThread "Unconstrained build operations Thread 15" [_thread_blocked, id=7164, stack(0x000000cd04200000,0x000000cd04300000)]
  0x00000273a9da0800 JavaThread "Unconstrained build operations Thread 16" [_thread_blocked, id=4856, stack(0x000000cd04300000,0x000000cd04400000)]
  0x00000273a9da1800 JavaThread "Unconstrained build operations Thread 17" [_thread_blocked, id=15568, stack(0x000000cd04400000,0x000000cd04500000)]
  0x00000273a9da6800 JavaThread "Unconstrained build operations Thread 18" [_thread_blocked, id=14476, stack(0x000000cd04500000,0x000000cd04600000)]
  0x00000273a9da7000 JavaThread "Unconstrained build operations Thread 19" [_thread_blocked, id=6928, stack(0x000000cd04600000,0x000000cd04700000)]
  0x00000273a9da8000 JavaThread "Unconstrained build operations Thread 20" [_thread_blocked, id=17688, stack(0x000000cd04700000,0x000000cd04800000)]
  0x00000273a9da2800 JavaThread "Unconstrained build operations Thread 21" [_thread_blocked, id=10640, stack(0x000000cd04800000,0x000000cd04900000)]
  0x00000273a9da9000 JavaThread "Unconstrained build operations Thread 22" [_thread_blocked, id=12780, stack(0x000000cd04900000,0x000000cd04a00000)]
  0x00000273a9da3000 JavaThread "Unconstrained build operations Thread 23" [_thread_blocked, id=15244, stack(0x000000cd04a00000,0x000000cd04b00000)]
  0x00000273a3d9a800 JavaThread "Unconstrained build operations Thread 24" [_thread_blocked, id=12352, stack(0x000000cd04b00000,0x000000cd04c00000)]
  0x00000273a3d97800 JavaThread "Unconstrained build operations Thread 25" [_thread_blocked, id=7052, stack(0x000000cd04c00000,0x000000cd04d00000)]
  0x00000273a3d98000 JavaThread "Unconstrained build operations Thread 26" [_thread_blocked, id=15500, stack(0x000000cd04d00000,0x000000cd04e00000)]
  0x00000273a3d96800 JavaThread "Unconstrained build operations Thread 27" [_thread_blocked, id=18324, stack(0x000000cd04e00000,0x000000cd04f00000)]
  0x00000273a3d9b800 JavaThread "Unconstrained build operations Thread 28" [_thread_blocked, id=7308, stack(0x000000cd04f00000,0x000000cd05000000)]
  0x00000273a3d9c800 JavaThread "Unconstrained build operations Thread 29" [_thread_blocked, id=15528, stack(0x000000cd05000000,0x000000cd05100000)]
  0x00000273a3d99000 JavaThread "Unconstrained build operations Thread 30" [_thread_blocked, id=13808, stack(0x000000cd05100000,0x000000cd05200000)]
  0x00000273a3d9d000 JavaThread "Unconstrained build operations Thread 31" [_thread_blocked, id=8232, stack(0x000000cd05200000,0x000000cd05300000)]
  0x00000273a3d9e000 JavaThread "Unconstrained build operations Thread 32" [_thread_blocked, id=16704, stack(0x000000cd05300000,0x000000cd05400000)]
  0x00000273a3d9e800 JavaThread "Unconstrained build operations Thread 33" [_thread_blocked, id=13780, stack(0x000000cd05400000,0x000000cd05500000)]
  0x00000273a3d9f800 JavaThread "Unconstrained build operations Thread 34" [_thread_blocked, id=1364, stack(0x000000cd05500000,0x000000cd05600000)]
  0x00000273a3d9a000 JavaThread "Unconstrained build operations Thread 35" [_thread_blocked, id=10304, stack(0x000000cd05600000,0x000000cd05700000)]
  0x00000273a3da5800 JavaThread "Unconstrained build operations Thread 36" [_thread_blocked, id=3732, stack(0x000000cd05700000,0x000000cd05800000)]
  0x00000273a3da0800 JavaThread "Unconstrained build operations Thread 37" [_thread_blocked, id=10316, stack(0x000000cd05800000,0x000000cd05900000)]
  0x00000273a3da1000 JavaThread "Unconstrained build operations Thread 38" [_thread_blocked, id=11856, stack(0x000000cd05900000,0x000000cd05a00000)]
  0x00000273a3da2000 JavaThread "Unconstrained build operations Thread 39" [_thread_blocked, id=4320, stack(0x000000cd05a00000,0x000000cd05b00000)]
  0x00000273a3da3000 JavaThread "Unconstrained build operations Thread 40" [_thread_blocked, id=7968, stack(0x000000cd05b00000,0x000000cd05c00000)]
  0x00000273a3da3800 JavaThread "Thread-65" daemon [_thread_blocked, id=10120, stack(0x000000cd05e00000,0x000000cd05f00000)]
  0x00000273a691a000 JavaThread "build event listener" [_thread_blocked, id=6248, stack(0x000000cd02d00000,0x000000cd02e00000)]
=>0x00000273a2b39800 JavaThread "C2 CompilerThread1" daemon [_thread_in_native, id=4196, stack(0x000000cd05f00000,0x000000cd06000000)]
  0x00000273a691b000 JavaThread "Memory manager" [_thread_blocked, id=8392, stack(0x000000cd06000000,0x000000cd06100000)]

Other Threads:
  0x00000273a1db3000 VMThread "VM Thread" [stack: 0x000000cd00900000,0x000000cd00a00000] [id=14136]
  0x00000273a29a5800 WatcherThread [stack: 0x000000cd01400000,0x000000cd01500000] [id=8760]
  0x0000027386e36000 GCTaskThread "GC Thread#0" [stack: 0x000000cd00400000,0x000000cd00500000] [id=14584]
  0x00000273a33be800 GCTaskThread "GC Thread#1" [stack: 0x000000cd01500000,0x000000cd01600000] [id=4672]
  0x00000273a34b9800 GCTaskThread "GC Thread#2" [stack: 0x000000cd01600000,0x000000cd01700000] [id=8944]
  0x00000273a34bc000 GCTaskThread "GC Thread#3" [stack: 0x000000cd01700000,0x000000cd01800000] [id=13436]
  0x0000027386e47800 ConcurrentGCThread "G1 Main Marker" [stack: 0x000000cd00500000,0x000000cd00600000] [id=16876]
  0x0000027386e49800 ConcurrentGCThread "G1 Conc#0" [stack: 0x000000cd00600000,0x000000cd00700000] [id=7564]
  0x00000273a1c2a800 ConcurrentGCThread "G1 Refine#0" [stack: 0x000000cd00700000,0x000000cd00800000] [id=7616]
  0x00000273a1c2b000 ConcurrentGCThread "G1 Young RemSet Sampling" [stack: 0x000000cd00800000,0x000000cd00900000] [id=1012]

Threads with active compile tasks:
C2 CompilerThread0    42309 8292       4       com.android.tools.tracer.agent.objectweb.asm.SymbolTable::addBootstrapMethod (209 bytes)
C2 CompilerThread1    42309 8264       4       org.objectweb.asm.Type::getMethodDescriptor (66 bytes)

VM state:not at safepoint (normal execution)

VM Mutex/Monitor currently owned by a thread: None

Heap address: 0x00000000e0000000, size: 512 MB, Compressed Oops mode: 32-bit
Narrow klass base: 0x0000000000000000, Narrow klass shift: 3
Compressed class space size: 260046848 Address: 0x0000000100000000

Heap:
 garbage-first heap   total 262144K, used 78021K [0x00000000e0000000, 0x0000000100000000)
  region size 1024K, 24 young (24576K), 9 survivors (9216K)
 Metaspace       used 76358K, capacity 78264K, committed 78412K, reserved 323584K
  class space    used 9805K, capacity 10536K, committed 10624K, reserved 253952K
Heap Regions: E=young(eden), S=young(survivor), O=old, HS=humongous(starts), HC=humongous(continues), CS=collection set, F=free, A=archive, TAMS=top-at-mark-start (previous, next)
|   0|0x00000000e0000000, 0x00000000e0100000, 0x00000000e0100000|100%| O|  |TAMS 0x00000000e0100000, 0x00000000e0000000| Untracked 
|   1|0x00000000e0100000, 0x00000000e0200000, 0x00000000e0200000|100%| O|  |TAMS 0x00000000e0200000, 0x00000000e0100000| Untracked 
|   2|0x00000000e0200000, 0x00000000e0300000, 0x00000000e0300000|100%| O|  |TAMS 0x00000000e0300000, 0x00000000e0200000| Untracked 
|   3|0x00000000e0300000, 0x00000000e0400000, 0x00000000e0400000|100%|HS|  |TAMS 0x00000000e0400000, 0x00000000e0300000| Complete 
|   4|0x00000000e0400000, 0x00000000e0500000, 0x00000000e0500000|100%|HC|  |TAMS 0x00000000e0500000, 0x00000000e0400000| Complete 
|   5|0x00000000e0500000, 0x00000000e0600000, 0x00000000e0600000|100%|HC|  |TAMS 0x00000000e0600000, 0x00000000e0500000| Complete 
|   6|0x00000000e0600000, 0x00000000e0700000, 0x00000000e0700000|100%| O|  |TAMS 0x00000000e0700000, 0x00000000e0600000| Untracked 
|   7|0x00000000e0700000, 0x00000000e0800000, 0x00000000e0800000|100%| O|  |TAMS 0x00000000e0800000, 0x00000000e0700000| Untracked 
|   8|0x00000000e0800000, 0x00000000e0900000, 0x00000000e0900000|100%| O|  |TAMS 0x00000000e0900000, 0x00000000e0800000| Untracked 
|   9|0x00000000e0900000, 0x00000000e0a00000, 0x00000000e0a00000|100%| O|  |TAMS 0x00000000e0a00000, 0x00000000e0900000| Untracked 
|  10|0x00000000e0a00000, 0x00000000e0b00000, 0x00000000e0b00000|100%| O|  |TAMS 0x00000000e0b00000, 0x00000000e0a00000| Untracked 
|  11|0x00000000e0b00000, 0x00000000e0c00000, 0x00000000e0c00000|100%| O|  |TAMS 0x00000000e0c00000, 0x00000000e0b00000| Untracked 
|  12|0x00000000e0c00000, 0x00000000e0d00000, 0x00000000e0d00000|100%| O|  |TAMS 0x00000000e0d00000, 0x00000000e0c00000| Untracked 
|  13|0x00000000e0d00000, 0x00000000e0e00000, 0x00000000e0e00000|100%| O|  |TAMS 0x00000000e0e00000, 0x00000000e0d00000| Untracked 
|  14|0x00000000e0e00000, 0x00000000e0f00000, 0x00000000e0f00000|100%| O|  |TAMS 0x00000000e0f00000, 0x00000000e0e00000| Untracked 
|  15|0x00000000e0f00000, 0x00000000e1000000, 0x00000000e1000000|100%| O|  |TAMS 0x00000000e1000000, 0x00000000e0f00000| Untracked 
|  16|0x00000000e1000000, 0x00000000e1100000, 0x00000000e1100000|100%| O|  |TAMS 0x00000000e1100000, 0x00000000e1000000| Untracked 
|  17|0x00000000e1100000, 0x00000000e1200000, 0x00000000e1200000|100%| O|  |TAMS 0x00000000e1200000, 0x00000000e1100000| Untracked 
|  18|0x00000000e1200000, 0x00000000e1300000, 0x00000000e1300000|100%|HS|  |TAMS 0x00000000e1300000, 0x00000000e1200000| Complete 
|  19|0x00000000e1300000, 0x00000000e1400000, 0x00000000e1400000|100%|HS|  |TAMS 0x00000000e1400000, 0x00000000e1300000| Complete 
|  20|0x00000000e1400000, 0x00000000e1500000, 0x00000000e1500000|100%|HS|  |TAMS 0x00000000e1500000, 0x00000000e1400000| Complete 
|  21|0x00000000e1500000, 0x00000000e1600000, 0x00000000e1600000|100%|HS|  |TAMS 0x00000000e1600000, 0x00000000e1500000| Complete 
|  22|0x00000000e1600000, 0x00000000e1700000, 0x00000000e1700000|100%|HC|  |TAMS 0x00000000e1700000, 0x00000000e1600000| Complete 
|  23|0x00000000e1700000, 0x00000000e1800000, 0x00000000e1800000|100%|HC|  |TAMS 0x00000000e1800000, 0x00000000e1700000| Complete 
|  24|0x00000000e1800000, 0x00000000e1900000, 0x00000000e1900000|100%| O|  |TAMS 0x00000000e1900000, 0x00000000e1800000| Untracked 
|  25|0x00000000e1900000, 0x00000000e1a00000, 0x00000000e1a00000|100%| O|  |TAMS 0x00000000e1a00000, 0x00000000e1900000| Untracked 
|  26|0x00000000e1a00000, 0x00000000e1b00000, 0x00000000e1b00000|100%| O|  |TAMS 0x00000000e1b00000, 0x00000000e1a00000| Untracked 
|  27|0x00000000e1b00000, 0x00000000e1c00000, 0x00000000e1c00000|100%| O|  |TAMS 0x00000000e1c00000, 0x00000000e1b00000| Untracked 
|  28|0x00000000e1c00000, 0x00000000e1d00000, 0x00000000e1d00000|100%| O|  |TAMS 0x00000000e1d00000, 0x00000000e1c00000| Untracked 
|  29|0x00000000e1d00000, 0x00000000e1e00000, 0x00000000e1e00000|100%| O|  |TAMS 0x00000000e1e00000, 0x00000000e1d00000| Untracked 
|  30|0x00000000e1e00000, 0x00000000e1f00000, 0x00000000e1f00000|100%| O|  |TAMS 0x00000000e1f00000, 0x00000000e1e00000| Untracked 
|  31|0x00000000e1f00000, 0x00000000e2000000, 0x00000000e2000000|100%| O|  |TAMS 0x00000000e2000000, 0x00000000e1f00000| Untracked 
|  32|0x00000000e2000000, 0x00000000e2100000, 0x00000000e2100000|100%| O|  |TAMS 0x00000000e2100000, 0x00000000e2000000| Untracked 
|  33|0x00000000e2100000, 0x00000000e2200000, 0x00000000e2200000|100%| O|  |TAMS 0x00000000e2200000, 0x00000000e2100000| Untracked 
|  34|0x00000000e2200000, 0x00000000e2300000, 0x00000000e2300000|100%| O|  |TAMS 0x00000000e2300000, 0x00000000e2200000| Untracked 
|  35|0x00000000e2300000, 0x00000000e2400000, 0x00000000e2400000|100%| O|  |TAMS 0x00000000e2400000, 0x00000000e2300000| Untracked 
|  36|0x00000000e2400000, 0x00000000e2500000, 0x00000000e2500000|100%| O|  |TAMS 0x00000000e2500000, 0x00000000e2400000| Untracked 
|  37|0x00000000e2500000, 0x00000000e2600000, 0x00000000e2600000|100%| O|  |TAMS 0x00000000e2600000, 0x00000000e2500000| Untracked 
|  38|0x00000000e2600000, 0x00000000e2700000, 0x00000000e2700000|100%| O|  |TAMS 0x00000000e26ad200, 0x00000000e2600000| Untracked 
|  39|0x00000000e2700000, 0x00000000e2800000, 0x00000000e2800000|100%| O|  |TAMS 0x00000000e2700000, 0x00000000e2700000| Untracked 
|  40|0x00000000e2800000, 0x00000000e2900000, 0x00000000e2900000|100%| O|  |TAMS 0x00000000e2800000, 0x00000000e2800000| Untracked 
|  41|0x00000000e2900000, 0x00000000e2a00000, 0x00000000e2a00000|100%| O|  |TAMS 0x00000000e2900000, 0x00000000e2900000| Untracked 
|  42|0x00000000e2a00000, 0x00000000e2b00000, 0x00000000e2b00000|100%| O|  |TAMS 0x00000000e2a00000, 0x00000000e2a00000| Untracked 
|  43|0x00000000e2b00000, 0x00000000e2c00000, 0x00000000e2c00000|100%| O|  |TAMS 0x00000000e2b00000, 0x00000000e2b00000| Untracked 
|  44|0x00000000e2c00000, 0x00000000e2d00000, 0x00000000e2d00000|100%| O|  |TAMS 0x00000000e2c00000, 0x00000000e2c00000| Untracked 
|  45|0x00000000e2d00000, 0x00000000e2e00000, 0x00000000e2e00000|100%| O|  |TAMS 0x00000000e2d00000, 0x00000000e2d00000| Untracked 
|  46|0x00000000e2e00000, 0x00000000e2f00000, 0x00000000e2f00000|100%| O|  |TAMS 0x00000000e2e00000, 0x00000000e2e00000| Untracked 
|  47|0x00000000e2f00000, 0x00000000e3000000, 0x00000000e3000000|100%| O|  |TAMS 0x00000000e2f00000, 0x00000000e2f00000| Untracked 
|  48|0x00000000e3000000, 0x00000000e3100000, 0x00000000e3100000|100%| O|  |TAMS 0x00000000e3000000, 0x00000000e3000000| Untracked 
|  49|0x00000000e3100000, 0x00000000e3200000, 0x00000000e3200000|100%| O|  |TAMS 0x00000000e3100000, 0x00000000e3100000| Untracked 
|  50|0x00000000e3200000, 0x00000000e3300000, 0x00000000e3300000|100%| O|  |TAMS 0x00000000e3200000, 0x00000000e3200000| Untracked 
|  51|0x00000000e3300000, 0x00000000e3400000, 0x00000000e3400000|100%| O|  |TAMS 0x00000000e3300000, 0x00000000e3300000| Untracked 
|  52|0x00000000e3400000, 0x00000000e3500000, 0x00000000e3500000|100%| O|  |TAMS 0x00000000e3400000, 0x00000000e3400000| Untracked 
|  53|0x00000000e3500000, 0x00000000e35b1400, 0x00000000e3600000| 69%| O|  |TAMS 0x00000000e3500000, 0x00000000e3500000| Untracked 
|  54|0x00000000e3600000, 0x00000000e3600000, 0x00000000e3700000|  0%| F|  |TAMS 0x00000000e3600000, 0x00000000e3600000| Untracked 
|  55|0x00000000e3700000, 0x00000000e3700000, 0x00000000e3800000|  0%| F|  |TAMS 0x00000000e3700000, 0x00000000e3700000| Untracked 
|  56|0x00000000e3800000, 0x00000000e3800000, 0x00000000e3900000|  0%| F|  |TAMS 0x00000000e3800000, 0x00000000e3800000| Untracked 
|  57|0x00000000e3900000, 0x00000000e3900000, 0x00000000e3a00000|  0%| F|  |TAMS 0x00000000e3900000, 0x00000000e3900000| Untracked 
|  58|0x00000000e3a00000, 0x00000000e3a00000, 0x00000000e3b00000|  0%| F|  |TAMS 0x00000000e3a00000, 0x00000000e3a00000| Untracked 
|  59|0x00000000e3b00000, 0x00000000e3b00000, 0x00000000e3c00000|  0%| F|  |TAMS 0x00000000e3b00000, 0x00000000e3b00000| Untracked 
|  60|0x00000000e3c00000, 0x00000000e3c00000, 0x00000000e3d00000|  0%| F|  |TAMS 0x00000000e3c00000, 0x00000000e3c00000| Untracked 
|  61|0x00000000e3d00000, 0x00000000e3d00000, 0x00000000e3e00000|  0%| F|  |TAMS 0x00000000e3d00000, 0x00000000e3d00000| Untracked 
|  62|0x00000000e3e00000, 0x00000000e3e00000, 0x00000000e3f00000|  0%| F|  |TAMS 0x00000000e3e00000, 0x00000000e3e00000| Untracked 
|  63|0x00000000e3f00000, 0x00000000e3f00000, 0x00000000e4000000|  0%| F|  |TAMS 0x00000000e3f00000, 0x00000000e3f00000| Untracked 
|  64|0x00000000e4000000, 0x00000000e4000000, 0x00000000e4100000|  0%| F|  |TAMS 0x00000000e4000000, 0x00000000e4000000| Untracked 
|  65|0x00000000e4100000, 0x00000000e4100000, 0x00000000e4200000|  0%| F|  |TAMS 0x00000000e4100000, 0x00000000e4100000| Untracked 
|  66|0x00000000e4200000, 0x00000000e4200000, 0x00000000e4300000|  0%| F|  |TAMS 0x00000000e4200000, 0x00000000e4200000| Untracked 
|  67|0x00000000e4300000, 0x00000000e4300000, 0x00000000e4400000|  0%| F|  |TAMS 0x00000000e4300000, 0x00000000e4300000| Untracked 
|  68|0x00000000e4400000, 0x00000000e4400000, 0x00000000e4500000|  0%| F|  |TAMS 0x00000000e4400000, 0x00000000e4400000| Untracked 
|  69|0x00000000e4500000, 0x00000000e4500000, 0x00000000e4600000|  0%| F|  |TAMS 0x00000000e4500000, 0x00000000e4500000| Untracked 
|  70|0x00000000e4600000, 0x00000000e4600000, 0x00000000e4700000|  0%| F|  |TAMS 0x00000000e4600000, 0x00000000e4600000| Untracked 
|  71|0x00000000e4700000, 0x00000000e4700000, 0x00000000e4800000|  0%| F|  |TAMS 0x00000000e4700000, 0x00000000e4700000| Untracked 
|  72|0x00000000e4800000, 0x00000000e4800000, 0x00000000e4900000|  0%| F|  |TAMS 0x00000000e4800000, 0x00000000e4800000| Untracked 
|  73|0x00000000e4900000, 0x00000000e4900000, 0x00000000e4a00000|  0%| F|  |TAMS 0x00000000e4900000, 0x00000000e4900000| Untracked 
|  74|0x00000000e4a00000, 0x00000000e4a00000, 0x00000000e4b00000|  0%| F|  |TAMS 0x00000000e4a00000, 0x00000000e4a00000| Untracked 
|  75|0x00000000e4b00000, 0x00000000e4b00000, 0x00000000e4c00000|  0%| F|  |TAMS 0x00000000e4b00000, 0x00000000e4b00000| Untracked 
|  76|0x00000000e4c00000, 0x00000000e4c00000, 0x00000000e4d00000|  0%| F|  |TAMS 0x00000000e4c00000, 0x00000000e4c00000| Untracked 
|  77|0x00000000e4d00000, 0x00000000e4d00000, 0x00000000e4e00000|  0%| F|  |TAMS 0x00000000e4d00000, 0x00000000e4d00000| Untracked 
|  78|0x00000000e4e00000, 0x00000000e4e00000, 0x00000000e4f00000|  0%| F|  |TAMS 0x00000000e4e00000, 0x00000000e4e00000| Untracked 
|  79|0x00000000e4f00000, 0x00000000e4f00000, 0x00000000e5000000|  0%| F|  |TAMS 0x00000000e4f00000, 0x00000000e4f00000| Untracked 
|  80|0x00000000e5000000, 0x00000000e5000000, 0x00000000e5100000|  0%| F|  |TAMS 0x00000000e5000000, 0x00000000e5000000| Untracked 
|  81|0x00000000e5100000, 0x00000000e5100000, 0x00000000e5200000|  0%| F|  |TAMS 0x00000000e5100000, 0x00000000e5100000| Untracked 
|  82|0x00000000e5200000, 0x00000000e5200000, 0x00000000e5300000|  0%| F|  |TAMS 0x00000000e5200000, 0x00000000e5200000| Untracked 
|  83|0x00000000e5300000, 0x00000000e5300000, 0x00000000e5400000|  0%| F|  |TAMS 0x00000000e5300000, 0x00000000e5300000| Untracked 
|  84|0x00000000e5400000, 0x00000000e5400000, 0x00000000e5500000|  0%| F|  |TAMS 0x00000000e5400000, 0x00000000e5400000| Untracked 
|  85|0x00000000e5500000, 0x00000000e5500000, 0x00000000e5600000|  0%| F|  |TAMS 0x00000000e5500000, 0x00000000e5500000| Untracked 
|  86|0x00000000e5600000, 0x00000000e5600000, 0x00000000e5700000|  0%| F|  |TAMS 0x00000000e5600000, 0x00000000e5600000| Untracked 
|  87|0x00000000e5700000, 0x00000000e5700000, 0x00000000e5800000|  0%| F|  |TAMS 0x00000000e5700000, 0x00000000e5700000| Untracked 
|  88|0x00000000e5800000, 0x00000000e5800000, 0x00000000e5900000|  0%| F|  |TAMS 0x00000000e5800000, 0x00000000e5800000| Untracked 
|  89|0x00000000e5900000, 0x00000000e5900000, 0x00000000e5a00000|  0%| F|  |TAMS 0x00000000e5900000, 0x00000000e5900000| Untracked 
|  90|0x00000000e5a00000, 0x00000000e5a00000, 0x00000000e5b00000|  0%| F|  |TAMS 0x00000000e5a00000, 0x00000000e5a00000| Untracked 
|  91|0x00000000e5b00000, 0x00000000e5b00000, 0x00000000e5c00000|  0%| F|  |TAMS 0x00000000e5b00000, 0x00000000e5b00000| Untracked 
|  92|0x00000000e5c00000, 0x00000000e5c00000, 0x00000000e5d00000|  0%| F|  |TAMS 0x00000000e5c00000, 0x00000000e5c00000| Untracked 
|  93|0x00000000e5d00000, 0x00000000e5d00000, 0x00000000e5e00000|  0%| F|  |TAMS 0x00000000e5d00000, 0x00000000e5d00000| Untracked 
|  94|0x00000000e5e00000, 0x00000000e5e00000, 0x00000000e5f00000|  0%| F|  |TAMS 0x00000000e5e00000, 0x00000000e5e00000| Untracked 
|  95|0x00000000e5f00000, 0x00000000e5f00000, 0x00000000e6000000|  0%| F|  |TAMS 0x00000000e5f00000, 0x00000000e5f00000| Untracked 
|  96|0x00000000e6000000, 0x00000000e6080000, 0x00000000e6100000| 50%| S|CS|TAMS 0x00000000e6000000, 0x00000000e6000000| Complete 
|  97|0x00000000e6100000, 0x00000000e6200000, 0x00000000e6200000|100%| S|CS|TAMS 0x00000000e6100000, 0x00000000e6100000| Complete 
|  98|0x00000000e6200000, 0x00000000e6300000, 0x00000000e6300000|100%| S|CS|TAMS 0x00000000e6200000, 0x00000000e6200000| Complete 
|  99|0x00000000e6300000, 0x00000000e6400000, 0x00000000e6400000|100%| S|CS|TAMS 0x00000000e6300000, 0x00000000e6300000| Complete 
| 100|0x00000000e6400000, 0x00000000e6500000, 0x00000000e6500000|100%| S|CS|TAMS 0x00000000e6400000, 0x00000000e6400000| Complete 
| 101|0x00000000e6500000, 0x00000000e6600000, 0x00000000e6600000|100%| S|CS|TAMS 0x00000000e6500000, 0x00000000e6500000| Complete 
| 102|0x00000000e6600000, 0x00000000e6700000, 0x00000000e6700000|100%| S|CS|TAMS 0x00000000e6600000, 0x00000000e6600000| Complete 
| 103|0x00000000e6700000, 0x00000000e6800000, 0x00000000e6800000|100%| S|CS|TAMS 0x00000000e6700000, 0x00000000e6700000| Complete 
| 104|0x00000000e6800000, 0x00000000e6900000, 0x00000000e6900000|100%| S|CS|TAMS 0x00000000e6800000, 0x00000000e6800000| Complete 
| 105|0x00000000e6900000, 0x00000000e6900000, 0x00000000e6a00000|  0%| F|  |TAMS 0x00000000e6900000, 0x00000000e6900000| Untracked 
| 106|0x00000000e6a00000, 0x00000000e6a00000, 0x00000000e6b00000|  0%| F|  |TAMS 0x00000000e6a00000, 0x00000000e6a00000| Untracked 
| 107|0x00000000e6b00000, 0x00000000e6b00000, 0x00000000e6c00000|  0%| F|  |TAMS 0x00000000e6b00000, 0x00000000e6b00000| Untracked 
| 108|0x00000000e6c00000, 0x00000000e6c00000, 0x00000000e6d00000|  0%| F|  |TAMS 0x00000000e6c00000, 0x00000000e6c00000| Untracked 
| 109|0x00000000e6d00000, 0x00000000e6d00000, 0x00000000e6e00000|  0%| F|  |TAMS 0x00000000e6d00000, 0x00000000e6d00000| Untracked 
| 110|0x00000000e6e00000, 0x00000000e6e00000, 0x00000000e6f00000|  0%| F|  |TAMS 0x00000000e6e00000, 0x00000000e6e00000| Untracked 
| 111|0x00000000e6f00000, 0x00000000e6f00000, 0x00000000e7000000|  0%| F|  |TAMS 0x00000000e6f00000, 0x00000000e6f00000| Untracked 
| 112|0x00000000e7000000, 0x00000000e7000000, 0x00000000e7100000|  0%| F|  |TAMS 0x00000000e7000000, 0x00000000e7000000| Untracked 
| 113|0x00000000e7100000, 0x00000000e7100000, 0x00000000e7200000|  0%| F|  |TAMS 0x00000000e7100000, 0x00000000e7100000| Untracked 
| 114|0x00000000e7200000, 0x00000000e7200000, 0x00000000e7300000|  0%| F|  |TAMS 0x00000000e7200000, 0x00000000e7200000| Untracked 
| 115|0x00000000e7300000, 0x00000000e7300000, 0x00000000e7400000|  0%| F|  |TAMS 0x00000000e7300000, 0x00000000e7300000| Untracked 
| 116|0x00000000e7400000, 0x00000000e7400000, 0x00000000e7500000|  0%| F|  |TAMS 0x00000000e7400000, 0x00000000e7400000| Untracked 
| 117|0x00000000e7500000, 0x00000000e7500000, 0x00000000e7600000|  0%| F|  |TAMS 0x00000000e7500000, 0x00000000e7500000| Untracked 
| 118|0x00000000e7600000, 0x00000000e7600000, 0x00000000e7700000|  0%| F|  |TAMS 0x00000000e7600000, 0x00000000e7600000| Untracked 
| 119|0x00000000e7700000, 0x00000000e7700000, 0x00000000e7800000|  0%| F|  |TAMS 0x00000000e7700000, 0x00000000e7700000| Untracked 
| 120|0x00000000e7800000, 0x00000000e7800000, 0x00000000e7900000|  0%| F|  |TAMS 0x00000000e7800000, 0x00000000e7800000| Untracked 
| 121|0x00000000e7900000, 0x00000000e7900000, 0x00000000e7a00000|  0%| F|  |TAMS 0x00000000e7900000, 0x00000000e7900000| Untracked 
| 122|0x00000000e7a00000, 0x00000000e7a00000, 0x00000000e7b00000|  0%| F|  |TAMS 0x00000000e7a00000, 0x00000000e7a00000| Untracked 
| 123|0x00000000e7b00000, 0x00000000e7b00000, 0x00000000e7c00000|  0%| F|  |TAMS 0x00000000e7b00000, 0x00000000e7b00000| Untracked 
| 124|0x00000000e7c00000, 0x00000000e7c00000, 0x00000000e7d00000|  0%| F|  |TAMS 0x00000000e7c00000, 0x00000000e7c00000| Untracked 
| 125|0x00000000e7d00000, 0x00000000e7d00000, 0x00000000e7e00000|  0%| F|  |TAMS 0x00000000e7d00000, 0x00000000e7d00000| Untracked 
| 126|0x00000000e7e00000, 0x00000000e7e00000, 0x00000000e7f00000|  0%| F|  |TAMS 0x00000000e7e00000, 0x00000000e7e00000| Untracked 
| 127|0x00000000e7f00000, 0x00000000e7f00000, 0x00000000e8000000|  0%| F|  |TAMS 0x00000000e7f00000, 0x00000000e7f00000| Untracked 
| 128|0x00000000e8000000, 0x00000000e8000000, 0x00000000e8100000|  0%| F|  |TAMS 0x00000000e8000000, 0x00000000e8000000| Untracked 
| 129|0x00000000e8100000, 0x00000000e8100000, 0x00000000e8200000|  0%| F|  |TAMS 0x00000000e8100000, 0x00000000e8100000| Untracked 
| 130|0x00000000e8200000, 0x00000000e8200000, 0x00000000e8300000|  0%| F|  |TAMS 0x00000000e8200000, 0x00000000e8200000| Untracked 
| 131|0x00000000e8300000, 0x00000000e8300000, 0x00000000e8400000|  0%| F|  |TAMS 0x00000000e8300000, 0x00000000e8300000| Untracked 
| 132|0x00000000e8400000, 0x00000000e8400000, 0x00000000e8500000|  0%| F|  |TAMS 0x00000000e8400000, 0x00000000e8400000| Untracked 
| 133|0x00000000e8500000, 0x00000000e8500000, 0x00000000e8600000|  0%| F|  |TAMS 0x00000000e8500000, 0x00000000e8500000| Untracked 
| 134|0x00000000e8600000, 0x00000000e8600000, 0x00000000e8700000|  0%| F|  |TAMS 0x00000000e8600000, 0x00000000e8600000| Untracked 
| 135|0x00000000e8700000, 0x00000000e8700000, 0x00000000e8800000|  0%| F|  |TAMS 0x00000000e8700000, 0x00000000e8700000| Untracked 
| 136|0x00000000e8800000, 0x00000000e8800000, 0x00000000e8900000|  0%| F|  |TAMS 0x00000000e8800000, 0x00000000e8800000| Untracked 
| 137|0x00000000e8900000, 0x00000000e8900000, 0x00000000e8a00000|  0%| F|  |TAMS 0x00000000e8900000, 0x00000000e8900000| Untracked 
| 138|0x00000000e8a00000, 0x00000000e8a00000, 0x00000000e8b00000|  0%| F|  |TAMS 0x00000000e8a00000, 0x00000000e8a00000| Untracked 
| 139|0x00000000e8b00000, 0x00000000e8b00000, 0x00000000e8c00000|  0%| F|  |TAMS 0x00000000e8b00000, 0x00000000e8b00000| Untracked 
| 140|0x00000000e8c00000, 0x00000000e8c00000, 0x00000000e8d00000|  0%| F|  |TAMS 0x00000000e8c00000, 0x00000000e8c00000| Untracked 
| 141|0x00000000e8d00000, 0x00000000e8d00000, 0x00000000e8e00000|  0%| F|  |TAMS 0x00000000e8d00000, 0x00000000e8d00000| Untracked 
| 142|0x00000000e8e00000, 0x00000000e8e00000, 0x00000000e8f00000|  0%| F|  |TAMS 0x00000000e8e00000, 0x00000000e8e00000| Untracked 
| 143|0x00000000e8f00000, 0x00000000e8f00000, 0x00000000e9000000|  0%| F|  |TAMS 0x00000000e8f00000, 0x00000000e8f00000| Untracked 
| 144|0x00000000e9000000, 0x00000000e9000000, 0x00000000e9100000|  0%| F|  |TAMS 0x00000000e9000000, 0x00000000e9000000| Untracked 
| 145|0x00000000e9100000, 0x00000000e9100000, 0x00000000e9200000|  0%| F|  |TAMS 0x00000000e9100000, 0x00000000e9100000| Untracked 
| 146|0x00000000e9200000, 0x00000000e9200000, 0x00000000e9300000|  0%| F|  |TAMS 0x00000000e9200000, 0x00000000e9200000| Untracked 
| 147|0x00000000e9300000, 0x00000000e9300000, 0x00000000e9400000|  0%| F|  |TAMS 0x00000000e9300000, 0x00000000e9300000| Untracked 
| 148|0x00000000e9400000, 0x00000000e9400000, 0x00000000e9500000|  0%| F|  |TAMS 0x00000000e9400000, 0x00000000e9400000| Untracked 
| 149|0x00000000e9500000, 0x00000000e9500000, 0x00000000e9600000|  0%| F|  |TAMS 0x00000000e9500000, 0x00000000e9500000| Untracked 
| 150|0x00000000e9600000, 0x00000000e9600000, 0x00000000e9700000|  0%| F|  |TAMS 0x00000000e9600000, 0x00000000e9600000| Untracked 
| 151|0x00000000e9700000, 0x00000000e9700000, 0x00000000e9800000|  0%| F|  |TAMS 0x00000000e9700000, 0x00000000e9700000| Untracked 
| 152|0x00000000e9800000, 0x00000000e9800000, 0x00000000e9900000|  0%| F|  |TAMS 0x00000000e9800000, 0x00000000e9800000| Untracked 
| 153|0x00000000e9900000, 0x00000000e9900000, 0x00000000e9a00000|  0%| F|  |TAMS 0x00000000e9900000, 0x00000000e9900000| Untracked 
| 154|0x00000000e9a00000, 0x00000000e9a00000, 0x00000000e9b00000|  0%| F|  |TAMS 0x00000000e9a00000, 0x00000000e9a00000| Untracked 
| 155|0x00000000e9b00000, 0x00000000e9b00000, 0x00000000e9c00000|  0%| F|  |TAMS 0x00000000e9b00000, 0x00000000e9b00000| Untracked 
| 156|0x00000000e9c00000, 0x00000000e9c00000, 0x00000000e9d00000|  0%| F|  |TAMS 0x00000000e9c00000, 0x00000000e9c00000| Untracked 
| 157|0x00000000e9d00000, 0x00000000e9d00000, 0x00000000e9e00000|  0%| F|  |TAMS 0x00000000e9d00000, 0x00000000e9d00000| Untracked 
| 158|0x00000000e9e00000, 0x00000000e9e00000, 0x00000000e9f00000|  0%| F|  |TAMS 0x00000000e9e00000, 0x00000000e9e00000| Untracked 
| 159|0x00000000e9f00000, 0x00000000e9f00000, 0x00000000ea000000|  0%| F|  |TAMS 0x00000000e9f00000, 0x00000000e9f00000| Untracked 
| 160|0x00000000ea000000, 0x00000000ea000000, 0x00000000ea100000|  0%| F|  |TAMS 0x00000000ea000000, 0x00000000ea000000| Untracked 
| 161|0x00000000ea100000, 0x00000000ea100000, 0x00000000ea200000|  0%| F|  |TAMS 0x00000000ea100000, 0x00000000ea100000| Untracked 
| 162|0x00000000ea200000, 0x00000000ea200000, 0x00000000ea300000|  0%| F|  |TAMS 0x00000000ea200000, 0x00000000ea200000| Untracked 
| 163|0x00000000ea300000, 0x00000000ea300000, 0x00000000ea400000|  0%| F|  |TAMS 0x00000000ea300000, 0x00000000ea300000| Untracked 
| 164|0x00000000ea400000, 0x00000000ea400000, 0x00000000ea500000|  0%| F|  |TAMS 0x00000000ea400000, 0x00000000ea400000| Untracked 
| 165|0x00000000ea500000, 0x00000000ea500000, 0x00000000ea600000|  0%| F|  |TAMS 0x00000000ea500000, 0x00000000ea500000| Untracked 
| 166|0x00000000ea600000, 0x00000000ea600000, 0x00000000ea700000|  0%| F|  |TAMS 0x00000000ea600000, 0x00000000ea600000| Untracked 
| 167|0x00000000ea700000, 0x00000000ea700000, 0x00000000ea800000|  0%| F|  |TAMS 0x00000000ea700000, 0x00000000ea700000| Untracked 
| 168|0x00000000ea800000, 0x00000000ea800000, 0x00000000ea900000|  0%| F|  |TAMS 0x00000000ea800000, 0x00000000ea800000| Untracked 
| 169|0x00000000ea900000, 0x00000000ea900000, 0x00000000eaa00000|  0%| F|  |TAMS 0x00000000ea900000, 0x00000000ea900000| Untracked 
| 170|0x00000000eaa00000, 0x00000000eaa00000, 0x00000000eab00000|  0%| F|  |TAMS 0x00000000eaa00000, 0x00000000eaa00000| Untracked 
| 171|0x00000000eab00000, 0x00000000eab00000, 0x00000000eac00000|  0%| F|  |TAMS 0x00000000eab00000, 0x00000000eab00000| Untracked 
| 172|0x00000000eac00000, 0x00000000eac00000, 0x00000000ead00000|  0%| F|  |TAMS 0x00000000eac00000, 0x00000000eac00000| Untracked 
| 173|0x00000000ead00000, 0x00000000ead00000, 0x00000000eae00000|  0%| F|  |TAMS 0x00000000ead00000, 0x00000000ead00000| Untracked 
| 174|0x00000000eae00000, 0x00000000eae00000, 0x00000000eaf00000|  0%| F|  |TAMS 0x00000000eae00000, 0x00000000eae00000| Untracked 
| 175|0x00000000eaf00000, 0x00000000eaf00000, 0x00000000eb000000|  0%| F|  |TAMS 0x00000000eaf00000, 0x00000000eaf00000| Untracked 
| 176|0x00000000eb000000, 0x00000000eb000000, 0x00000000eb100000|  0%| F|  |TAMS 0x00000000eb000000, 0x00000000eb000000| Untracked 
| 177|0x00000000eb100000, 0x00000000eb100000, 0x00000000eb200000|  0%| F|  |TAMS 0x00000000eb100000, 0x00000000eb100000| Untracked 
| 178|0x00000000eb200000, 0x00000000eb200000, 0x00000000eb300000|  0%| F|  |TAMS 0x00000000eb200000, 0x00000000eb200000| Untracked 
| 179|0x00000000eb300000, 0x00000000eb300000, 0x00000000eb400000|  0%| F|  |TAMS 0x00000000eb300000, 0x00000000eb300000| Untracked 
| 180|0x00000000eb400000, 0x00000000eb400000, 0x00000000eb500000|  0%| F|  |TAMS 0x00000000eb400000, 0x00000000eb400000| Untracked 
| 181|0x00000000eb500000, 0x00000000eb500000, 0x00000000eb600000|  0%| F|  |TAMS 0x00000000eb500000, 0x00000000eb500000| Untracked 
| 182|0x00000000eb600000, 0x00000000eb600000, 0x00000000eb700000|  0%| F|  |TAMS 0x00000000eb600000, 0x00000000eb600000| Untracked 
| 183|0x00000000eb700000, 0x00000000eb700000, 0x00000000eb800000|  0%| F|  |TAMS 0x00000000eb700000, 0x00000000eb700000| Untracked 
| 184|0x00000000eb800000, 0x00000000eb800000, 0x00000000eb900000|  0%| F|  |TAMS 0x00000000eb800000, 0x00000000eb800000| Untracked 
| 185|0x00000000eb900000, 0x00000000eb900000, 0x00000000eba00000|  0%| F|  |TAMS 0x00000000eb900000, 0x00000000eb900000| Untracked 
| 186|0x00000000eba00000, 0x00000000eba00000, 0x00000000ebb00000|  0%| F|  |TAMS 0x00000000eba00000, 0x00000000eba00000| Untracked 
| 187|0x00000000ebb00000, 0x00000000ebb00000, 0x00000000ebc00000|  0%| F|  |TAMS 0x00000000ebb00000, 0x00000000ebb00000| Untracked 
| 188|0x00000000ebc00000, 0x00000000ebc00000, 0x00000000ebd00000|  0%| F|  |TAMS 0x00000000ebc00000, 0x00000000ebc00000| Untracked 
| 189|0x00000000ebd00000, 0x00000000ebd00000, 0x00000000ebe00000|  0%| F|  |TAMS 0x00000000ebd00000, 0x00000000ebd00000| Untracked 
| 190|0x00000000ebe00000, 0x00000000ebe00000, 0x00000000ebf00000|  0%| F|  |TAMS 0x00000000ebe00000, 0x00000000ebe00000| Untracked 
| 191|0x00000000ebf00000, 0x00000000ebf00000, 0x00000000ec000000|  0%| F|  |TAMS 0x00000000ebf00000, 0x00000000ebf00000| Untracked 
| 192|0x00000000ec000000, 0x00000000ec000000, 0x00000000ec100000|  0%| F|  |TAMS 0x00000000ec000000, 0x00000000ec000000| Untracked 
| 193|0x00000000ec100000, 0x00000000ec100000, 0x00000000ec200000|  0%| F|  |TAMS 0x00000000ec100000, 0x00000000ec100000| Untracked 
| 194|0x00000000ec200000, 0x00000000ec200000, 0x00000000ec300000|  0%| F|  |TAMS 0x00000000ec200000, 0x00000000ec200000| Untracked 
| 195|0x00000000ec300000, 0x00000000ec300000, 0x00000000ec400000|  0%| F|  |TAMS 0x00000000ec300000, 0x00000000ec300000| Untracked 
| 196|0x00000000ec400000, 0x00000000ec400000, 0x00000000ec500000|  0%| F|  |TAMS 0x00000000ec400000, 0x00000000ec400000| Untracked 
| 197|0x00000000ec500000, 0x00000000ec500000, 0x00000000ec600000|  0%| F|  |TAMS 0x00000000ec500000, 0x00000000ec500000| Untracked 
| 198|0x00000000ec600000, 0x00000000ec600000, 0x00000000ec700000|  0%| F|  |TAMS 0x00000000ec600000, 0x00000000ec600000| Untracked 
| 199|0x00000000ec700000, 0x00000000ec700000, 0x00000000ec800000|  0%| F|  |TAMS 0x00000000ec700000, 0x00000000ec700000| Untracked 
| 200|0x00000000ec800000, 0x00000000ec800000, 0x00000000ec900000|  0%| F|  |TAMS 0x00000000ec800000, 0x00000000ec800000| Untracked 
| 201|0x00000000ec900000, 0x00000000ec900000, 0x00000000eca00000|  0%| F|  |TAMS 0x00000000ec900000, 0x00000000ec900000| Untracked 
| 202|0x00000000eca00000, 0x00000000eca00000, 0x00000000ecb00000|  0%| F|  |TAMS 0x00000000eca00000, 0x00000000eca00000| Untracked 
| 203|0x00000000ecb00000, 0x00000000ecb00000, 0x00000000ecc00000|  0%| F|  |TAMS 0x00000000ecb00000, 0x00000000ecb00000| Untracked 
| 204|0x00000000ecc00000, 0x00000000ecc00000, 0x00000000ecd00000|  0%| F|  |TAMS 0x00000000ecc00000, 0x00000000ecc00000| Untracked 
| 205|0x00000000ecd00000, 0x00000000ecd00000, 0x00000000ece00000|  0%| F|  |TAMS 0x00000000ecd00000, 0x00000000ecd00000| Untracked 
| 206|0x00000000ece00000, 0x00000000ece00000, 0x00000000ecf00000|  0%| F|  |TAMS 0x00000000ece00000, 0x00000000ece00000| Untracked 
| 207|0x00000000ecf00000, 0x00000000ecf00000, 0x00000000ed000000|  0%| F|  |TAMS 0x00000000ecf00000, 0x00000000ecf00000| Untracked 
| 208|0x00000000ed000000, 0x00000000ed000000, 0x00000000ed100000|  0%| F|  |TAMS 0x00000000ed000000, 0x00000000ed000000| Untracked 
| 209|0x00000000ed100000, 0x00000000ed100000, 0x00000000ed200000|  0%| F|  |TAMS 0x00000000ed100000, 0x00000000ed100000| Untracked 
| 210|0x00000000ed200000, 0x00000000ed200000, 0x00000000ed300000|  0%| F|  |TAMS 0x00000000ed200000, 0x00000000ed200000| Untracked 
| 211|0x00000000ed300000, 0x00000000ed300000, 0x00000000ed400000|  0%| F|  |TAMS 0x00000000ed300000, 0x00000000ed300000| Untracked 
| 212|0x00000000ed400000, 0x00000000ed400000, 0x00000000ed500000|  0%| F|  |TAMS 0x00000000ed400000, 0x00000000ed400000| Untracked 
| 213|0x00000000ed500000, 0x00000000ed500000, 0x00000000ed600000|  0%| F|  |TAMS 0x00000000ed500000, 0x00000000ed500000| Untracked 
| 214|0x00000000ed600000, 0x00000000ed600000, 0x00000000ed700000|  0%| F|  |TAMS 0x00000000ed600000, 0x00000000ed600000| Untracked 
| 215|0x00000000ed700000, 0x00000000ed700000, 0x00000000ed800000|  0%| F|  |TAMS 0x00000000ed700000, 0x00000000ed700000| Untracked 
| 216|0x00000000ed800000, 0x00000000ed800000, 0x00000000ed900000|  0%| F|  |TAMS 0x00000000ed800000, 0x00000000ed800000| Untracked 
| 217|0x00000000ed900000, 0x00000000ed900000, 0x00000000eda00000|  0%| F|  |TAMS 0x00000000ed900000, 0x00000000ed900000| Untracked 
| 218|0x00000000eda00000, 0x00000000eda00000, 0x00000000edb00000|  0%| F|  |TAMS 0x00000000eda00000, 0x00000000eda00000| Untracked 
| 219|0x00000000edb00000, 0x00000000edb00000, 0x00000000edc00000|  0%| F|  |TAMS 0x00000000edb00000, 0x00000000edb00000| Untracked 
| 220|0x00000000edc00000, 0x00000000edc00000, 0x00000000edd00000|  0%| F|  |TAMS 0x00000000edc00000, 0x00000000edc00000| Untracked 
| 221|0x00000000edd00000, 0x00000000edd00000, 0x00000000ede00000|  0%| F|  |TAMS 0x00000000edd00000, 0x00000000edd00000| Untracked 
| 222|0x00000000ede00000, 0x00000000ede00000, 0x00000000edf00000|  0%| F|  |TAMS 0x00000000ede00000, 0x00000000ede00000| Untracked 
| 223|0x00000000edf00000, 0x00000000edf00000, 0x00000000ee000000|  0%| F|  |TAMS 0x00000000edf00000, 0x00000000edf00000| Untracked 
| 224|0x00000000ee000000, 0x00000000ee000000, 0x00000000ee100000|  0%| F|  |TAMS 0x00000000ee000000, 0x00000000ee000000| Untracked 
| 225|0x00000000ee100000, 0x00000000ee100000, 0x00000000ee200000|  0%| F|  |TAMS 0x00000000ee100000, 0x00000000ee100000| Untracked 
| 226|0x00000000ee200000, 0x00000000ee200000, 0x00000000ee300000|  0%| F|  |TAMS 0x00000000ee200000, 0x00000000ee200000| Untracked 
| 227|0x00000000ee300000, 0x00000000ee300000, 0x00000000ee400000|  0%| F|  |TAMS 0x00000000ee300000, 0x00000000ee300000| Untracked 
| 228|0x00000000ee400000, 0x00000000ee400000, 0x00000000ee500000|  0%| F|  |TAMS 0x00000000ee400000, 0x00000000ee400000| Untracked 
| 229|0x00000000ee500000, 0x00000000ee500000, 0x00000000ee600000|  0%| F|  |TAMS 0x00000000ee500000, 0x00000000ee500000| Untracked 
| 230|0x00000000ee600000, 0x00000000ee600000, 0x00000000ee700000|  0%| F|  |TAMS 0x00000000ee600000, 0x00000000ee600000| Untracked 
| 231|0x00000000ee700000, 0x00000000ee700000, 0x00000000ee800000|  0%| F|  |TAMS 0x00000000ee700000, 0x00000000ee700000| Untracked 
| 232|0x00000000ee800000, 0x00000000ee800000, 0x00000000ee900000|  0%| F|  |TAMS 0x00000000ee800000, 0x00000000ee800000| Untracked 
| 233|0x00000000ee900000, 0x00000000ee900000, 0x00000000eea00000|  0%| F|  |TAMS 0x00000000ee900000, 0x00000000ee900000| Untracked 
| 234|0x00000000eea00000, 0x00000000eea00000, 0x00000000eeb00000|  0%| F|  |TAMS 0x00000000eea00000, 0x00000000eea00000| Untracked 
| 235|0x00000000eeb00000, 0x00000000eeb00000, 0x00000000eec00000|  0%| F|  |TAMS 0x00000000eeb00000, 0x00000000eeb00000| Untracked 
| 236|0x00000000eec00000, 0x00000000eec00000, 0x00000000eed00000|  0%| F|  |TAMS 0x00000000eec00000, 0x00000000eec00000| Untracked 
| 237|0x00000000eed00000, 0x00000000eed00000, 0x00000000eee00000|  0%| F|  |TAMS 0x00000000eed00000, 0x00000000eed00000| Untracked 
| 238|0x00000000eee00000, 0x00000000eee00000, 0x00000000eef00000|  0%| F|  |TAMS 0x00000000eee00000, 0x00000000eee00000| Untracked 
| 239|0x00000000eef00000, 0x00000000eef00000, 0x00000000ef000000|  0%| F|  |TAMS 0x00000000eef00000, 0x00000000eef00000| Untracked 
| 240|0x00000000ef000000, 0x00000000ef080800, 0x00000000ef100000| 50%| E|  |TAMS 0x00000000ef000000, 0x00000000ef000000| Complete 
| 241|0x00000000ef100000, 0x00000000ef200000, 0x00000000ef200000|100%| E|CS|TAMS 0x00000000ef100000, 0x00000000ef100000| Complete 
| 242|0x00000000ef200000, 0x00000000ef300000, 0x00000000ef300000|100%| E|CS|TAMS 0x00000000ef200000, 0x00000000ef200000| Complete 
| 243|0x00000000ef300000, 0x00000000ef400000, 0x00000000ef400000|100%| E|CS|TAMS 0x00000000ef300000, 0x00000000ef300000| Complete 
| 244|0x00000000ef400000, 0x00000000ef500000, 0x00000000ef500000|100%| E|CS|TAMS 0x00000000ef400000, 0x00000000ef400000| Complete 
| 245|0x00000000ef500000, 0x00000000ef600000, 0x00000000ef600000|100%| E|CS|TAMS 0x00000000ef500000, 0x00000000ef500000| Complete 
| 246|0x00000000ef600000, 0x00000000ef700000, 0x00000000ef700000|100%| E|CS|TAMS 0x00000000ef600000, 0x00000000ef600000| Complete 
| 247|0x00000000ef700000, 0x00000000ef800000, 0x00000000ef800000|100%| E|CS|TAMS 0x00000000ef700000, 0x00000000ef700000| Complete 
| 248|0x00000000ef800000, 0x00000000ef900000, 0x00000000ef900000|100%| E|CS|TAMS 0x00000000ef800000, 0x00000000ef800000| Complete 
| 249|0x00000000ef900000, 0x00000000efa00000, 0x00000000efa00000|100%| E|CS|TAMS 0x00000000ef900000, 0x00000000ef900000| Complete 
| 250|0x00000000efa00000, 0x00000000efb00000, 0x00000000efb00000|100%| E|CS|TAMS 0x00000000efa00000, 0x00000000efa00000| Complete 
| 251|0x00000000efb00000, 0x00000000efc00000, 0x00000000efc00000|100%| E|CS|TAMS 0x00000000efb00000, 0x00000000efb00000| Complete 
| 252|0x00000000efc00000, 0x00000000efd00000, 0x00000000efd00000|100%| E|CS|TAMS 0x00000000efc00000, 0x00000000efc00000| Complete 
| 253|0x00000000efd00000, 0x00000000efe00000, 0x00000000efe00000|100%| E|CS|TAMS 0x00000000efd00000, 0x00000000efd00000| Complete 
| 254|0x00000000efe00000, 0x00000000eff00000, 0x00000000eff00000|100%| E|CS|TAMS 0x00000000efe00000, 0x00000000efe00000| Complete 
| 255|0x00000000eff00000, 0x00000000f0000000, 0x00000000f0000000|100%| E|CS|TAMS 0x00000000eff00000, 0x00000000eff00000| Complete 

Card table byte_map: [0x000002739e5a0000,0x000002739e6a0000] _byte_map_base: 0x000002739dea0000

Marking Bits (Prev, Next): (CMBitMap*) 0x0000027386e44730, (CMBitMap*) 0x0000027386e446f8
 Prev Bits: [0x000002739efa0000, 0x000002739f7a0000)
 Next Bits: [0x000002739e7a0000, 0x000002739efa0000)

Polling page: 0x0000027386600000

Metaspace:

Usage:
  Non-class:     66.14 MB capacity,    65.03 MB ( 98%) used,   933.41 KB (  1%) free+waste,   204.19 KB ( <1%) overhead. 
      Class:     10.29 MB capacity,     9.58 MB ( 93%) used,   634.41 KB (  6%) free+waste,    94.94 KB ( <1%) overhead. 
       Both:     76.43 MB capacity,    74.61 MB ( 98%) used,     1.53 MB (  2%) free+waste,   299.13 KB ( <1%) overhead. 

Virtual space:
  Non-class space:       68.00 MB reserved,      66.20 MB ( 97%) committed 
      Class space:      248.00 MB reserved,      10.38 MB (  4%) committed 
             Both:      316.00 MB reserved,      76.57 MB ( 24%) committed 

Chunk freelists:
   Non-Class:  0 bytes
       Class:  23.00 KB
        Both:  23.00 KB

MaxMetaspaceSize: 256.00 MB
CompressedClassSpaceSize: 248.00 MB
Initial GC threshold: 20.80 MB
Current GC threshold: 98.46 MB
CDS: off

CodeHeap 'non-profiled nmethods': size=120064Kb used=6737Kb max_used=6737Kb free=113326Kb
 bounds [0x0000027397060000, 0x0000027397700000, 0x000002739e5a0000]
CodeHeap 'profiled nmethods': size=120000Kb used=18597Kb max_used=18597Kb free=101402Kb
 bounds [0x000002738fb30000, 0x0000027390d60000, 0x0000027397060000]
CodeHeap 'non-nmethods': size=5696Kb used=2394Kb max_used=2420Kb free=3301Kb
 bounds [0x000002738f5a0000, 0x000002738f810000, 0x000002738fb30000]
 total_blobs=9016 nmethods=8126 adapters=800
 compilation: enabled
              stopped_count=0, restarted_count=0
 full_count=0

Compilation events (20 events):
Event: 42.072 Thread 0x00000273a1de3800 8296       3       org.gradle.internal.instantiation.generator.AbstractClassGenerator$ServicesPropertyHandler::claimPropertyImplementation (40 bytes)
Event: 42.074 Thread 0x00000273a1de3800 nmethod 8296 0x0000027390d30610 code [0x0000027390d30860, 0x0000027390d310d8]
Event: 42.074 Thread 0x00000273a1de3800 8297       3       org.gradle.internal.instantiation.generator.AbstractClassGenerator$NamePropertyHandler::claimPropertyImplementation (16 bytes)
Event: 42.075 Thread 0x00000273a1de3800 nmethod 8297 0x0000027390d31410 code [0x0000027390d315e0, 0x0000027390d31828]
Event: 42.103 Thread 0x00000273a1de3800 8302       3       java.lang.reflect.ProxyGenerator::computeUniqueCatchList (167 bytes)
Event: 42.107 Thread 0x00000273a1de3800 nmethod 8302 0x0000027390d31910 code [0x0000027390d31d20, 0x0000027390d339b8]
Event: 42.107 Thread 0x00000273a1de3800 8303       3       com.sun.proxy.$Proxy13::<init> (6 bytes)
Event: 42.108 Thread 0x00000273a1de3800 nmethod 8303 0x0000027390d34610 code [0x0000027390d347e0, 0x0000027390d34b48]
Event: 42.108 Thread 0x00000273a1de3800 8304       3       java.lang.invoke.MethodHandles::privateLookupIn (289 bytes)
Event: 42.117 Thread 0x00000273a1de3800 nmethod 8304 0x0000027390d34c90 code [0x0000027390d353a0, 0x0000027390d38a38]
Event: 42.135 Thread 0x00000273a1de3800 8306       3       java.beans.FeatureDescriptor::<init> (69 bytes)
Event: 42.136 Thread 0x00000273a1de3800 nmethod 8306 0x0000027390d39d90 code [0x0000027390d39fe0, 0x0000027390d3a768]
Event: 42.136 Thread 0x00000273a1de3800 8308       3       java.beans.Introspector::processPropertyDescriptors (963 bytes)
Event: 42.158 Thread 0x00000273a1de3800 nmethod 8308 0x0000027390d3a990 code [0x0000027390d3b720, 0x0000027390d46318]
Event: 42.158 Thread 0x00000273a1de3800 8309       3       com.android.build.api.component.impl.ComponentImpl::getName (10 bytes)
Event: 42.159 Thread 0x00000273a1de3800 nmethod 8309 0x0000027390d49190 code [0x0000027390d49340, 0x0000027390d49508]
Event: 42.173 Thread 0x00000273a1de3800 8310       3       org.gradle.api.internal.artifacts.configurations.DefaultConfiguration_Decorated::setCanBeConsumed (12 bytes)
Event: 42.174 Thread 0x00000273a1de3800 nmethod 8310 0x0000027390d49610 code [0x0000027390d49800, 0x0000027390d49b78]
Event: 42.174 Thread 0x00000273a1de3800 8311       3       org.gradle.api.internal.artifacts.configurations.DefaultConfiguration::setCanBeConsumed (13 bytes)
Event: 42.175 Thread 0x00000273a1de3800 nmethod 8311 0x0000027390d49d10 code [0x0000027390d49ee0, 0x0000027390d4a1d8]

GC Heap History (20 events):
Event: 18.492 GC heap before
{Heap before GC invocations=5 (full 0):
 garbage-first heap   total 262144K, used 161149K [0x00000000e0000000, 0x0000000100000000)
  region size 1024K, 143 young (146432K), 3 survivors (3072K)
 Metaspace       used 31064K, capacity 31796K, committed 32000K, reserved 282624K
  class space    used 4049K, capacity 4343K, committed 4352K, reserved 253952K
}
Event: 18.500 GC heap after
{Heap after GC invocations=6 (full 0):
 garbage-first heap   total 262144K, used 19824K [0x00000000e0000000, 0x0000000100000000)
  region size 1024K, 5 young (5120K), 5 survivors (5120K)
 Metaspace       used 31064K, capacity 31796K, committed 32000K, reserved 282624K
  class space    used 4049K, capacity 4343K, committed 4352K, reserved 253952K
}
Event: 20.131 GC heap before
{Heap before GC invocations=6 (full 0):
 garbage-first heap   total 262144K, used 94576K [0x00000000e0000000, 0x0000000100000000)
  region size 1024K, 79 young (80896K), 5 survivors (5120K)
 Metaspace       used 34892K, capacity 35702K, committed 35840K, reserved 286720K
  class space    used 4559K, capacity 4880K, committed 4992K, reserved 253952K
}
Event: 20.145 GC heap after
{Heap after GC invocations=7 (full 0):
 garbage-first heap   total 262144K, used 21517K [0x00000000e0000000, 0x0000000100000000)
  region size 1024K, 7 young (7168K), 7 survivors (7168K)
 Metaspace       used 34892K, capacity 35702K, committed 35840K, reserved 286720K
  class space    used 4559K, capacity 4880K, committed 4992K, reserved 253952K
}
Event: 22.309 GC heap before
{Heap before GC invocations=8 (full 0):
 garbage-first heap   total 262144K, used 158733K [0x00000000e0000000, 0x0000000100000000)
  region size 1024K, 136 young (139264K), 7 survivors (7168K)
 Metaspace       used 40280K, capacity 41291K, committed 41344K, reserved 290816K
  class space    used 5109K, capacity 5504K, committed 5504K, reserved 253952K
}
Event: 22.324 GC heap after
{Heap after GC invocations=9 (full 0):
 garbage-first heap   total 262144K, used 32596K [0x00000000e0000000, 0x0000000100000000)
  region size 1024K, 13 young (13312K), 13 survivors (13312K)
 Metaspace       used 40280K, capacity 41291K, committed 41344K, reserved 290816K
  class space    used 5109K, capacity 5504K, committed 5504K, reserved 253952K
}
Event: 24.897 GC heap before
{Heap before GC invocations=9 (full 0):
 garbage-first heap   total 262144K, used 176980K [0x00000000e0000000, 0x0000000100000000)
  region size 1024K, 147 young (150528K), 13 survivors (13312K)
 Metaspace       used 46265K, capacity 47462K, committed 47488K, reserved 296960K
  class space    used 5816K, capacity 6259K, committed 6272K, reserved 253952K
}
Event: 24.923 GC heap after
{Heap after GC invocations=10 (full 0):
 garbage-first heap   total 262144K, used 29630K [0x00000000e0000000, 0x0000000100000000)
  region size 1024K, 12 young (12288K), 12 survivors (12288K)
 Metaspace       used 46265K, capacity 47462K, committed 47488K, reserved 296960K
  class space    used 5816K, capacity 6259K, committed 6272K, reserved 253952K
}
Event: 28.568 GC heap before
{Heap before GC invocations=10 (full 0):
 garbage-first heap   total 262144K, used 166846K [0x00000000e0000000, 0x0000000100000000)
  region size 1024K, 146 young (149504K), 12 survivors (12288K)
 Metaspace       used 50590K, capacity 52036K, committed 52224K, reserved 301056K
  class space    used 6372K, capacity 6886K, committed 6912K, reserved 253952K
}
Event: 28.592 GC heap after
{Heap after GC invocations=11 (full 0):
 garbage-first heap   total 262144K, used 34925K [0x00000000e0000000, 0x0000000100000000)
  region size 1024K, 15 young (15360K), 15 survivors (15360K)
 Metaspace       used 50590K, capacity 52036K, committed 52224K, reserved 301056K
  class space    used 6372K, capacity 6886K, committed 6912K, reserved 253952K
}
Event: 32.194 GC heap before
{Heap before GC invocations=11 (full 0):
 garbage-first heap   total 262144K, used 182381K [0x00000000e0000000, 0x0000000100000000)
  region size 1024K, 153 young (156672K), 15 survivors (15360K)
 Metaspace       used 56496K, capacity 58050K, committed 58240K, reserved 305152K
  class space    used 7098K, capacity 7703K, committed 7808K, reserved 253952K
}
Event: 32.221 GC heap after
{Heap after GC invocations=12 (full 0):
 garbage-first heap   total 262144K, used 48322K [0x00000000e0000000, 0x0000000100000000)
  region size 1024K, 17 young (17408K), 17 survivors (17408K)
 Metaspace       used 56496K, capacity 58050K, committed 58240K, reserved 305152K
  class space    used 7098K, capacity 7703K, committed 7808K, reserved 253952K
}
Event: 32.994 GC heap before
{Heap before GC invocations=12 (full 0):
 garbage-first heap   total 262144K, used 89282K [0x00000000e0000000, 0x0000000100000000)
  region size 1024K, 58 young (59392K), 17 survivors (17408K)
 Metaspace       used 58492K, capacity 60088K, committed 60160K, reserved 307200K
  class space    used 7301K, capacity 7936K, committed 7936K, reserved 253952K
}
Event: 33.033 GC heap after
{Heap after GC invocations=13 (full 0):
 garbage-first heap   total 262144K, used 49844K [0x00000000e0000000, 0x0000000100000000)
  region size 1024K, 10 young (10240K), 10 survivors (10240K)
 Metaspace       used 58492K, capacity 60088K, committed 60160K, reserved 307200K
  class space    used 7301K, capacity 7936K, committed 7936K, reserved 253952K
}
Event: 36.049 GC heap before
{Heap before GC invocations=14 (full 0):
 garbage-first heap   total 262144K, used 200372K [0x00000000e0000000, 0x0000000100000000)
  region size 1024K, 150 young (153600K), 10 survivors (10240K)
 Metaspace       used 65089K, capacity 66891K, committed 67148K, reserved 313344K
  class space    used 8157K, capacity 8798K, committed 8832K, reserved 253952K
}
Event: 36.065 GC heap after
{Heap after GC invocations=15 (full 0):
 garbage-first heap   total 262144K, used 54964K [0x00000000e0000000, 0x0000000100000000)
  region size 1024K, 15 young (15360K), 15 survivors (15360K)
 Metaspace       used 65089K, capacity 66891K, committed 67148K, reserved 313344K
  class space    used 8157K, capacity 8798K, committed 8832K, reserved 253952K
}
Event: 39.034 GC heap before
{Heap before GC invocations=15 (full 0):
 garbage-first heap   total 262144K, used 197300K [0x00000000e0000000, 0x0000000100000000)
  region size 1024K, 153 young (156672K), 15 survivors (15360K)
 Metaspace       used 69675K, capacity 71561K, committed 71756K, reserved 317440K
  class space    used 8758K, capacity 9476K, committed 9600K, reserved 253952K
}
Event: 39.058 GC heap after
{Heap after GC invocations=16 (full 0):
 garbage-first heap   total 262144K, used 60759K [0x00000000e0000000, 0x0000000100000000)
  region size 1024K, 12 young (12288K), 12 survivors (12288K)
 Metaspace       used 69675K, capacity 71561K, committed 71756K, reserved 317440K
  class space    used 8758K, capacity 9476K, committed 9600K, reserved 253952K
}
Event: 42.009 GC heap before
{Heap before GC invocations=16 (full 0):
 garbage-first heap   total 262144K, used 203095K [0x00000000e0000000, 0x0000000100000000)
  region size 1024K, 151 young (154624K), 12 survivors (12288K)
 Metaspace       used 75783K, capacity 77612K, committed 77772K, reserved 321536K
  class space    used 9732K, capacity 10468K, committed 10496K, reserved 253952K
}
Event: 42.036 GC heap after
{Heap after GC invocations=17 (full 0):
 garbage-first heap   total 262144K, used 63685K [0x00000000e0000000, 0x0000000100000000)
  region size 1024K, 9 young (9216K), 9 survivors (9216K)
 Metaspace       used 75783K, capacity 77612K, committed 77772K, reserved 321536K
  class space    used 9732K, capacity 10468K, committed 10496K, reserved 253952K
}

Deoptimization events (20 events):
Event: 39.153 Thread 0x00000273a5840800 DEOPT PACKING pc=0x0000027397671f94 sp=0x000000cd01ef1ef0
Event: 39.153 Thread 0x00000273a5840800 DEOPT UNPACKING pc=0x000002738f5ea1af sp=0x000000cd01ef1e20 mode 2
Event: 39.965 Thread 0x00000273a5840800 DEOPT PACKING pc=0x0000027390984a56 sp=0x000000cd01ef8330
Event: 39.965 Thread 0x00000273a5840800 DEOPT UNPACKING pc=0x000002738f5ea95e sp=0x000000cd01ef78d0 mode 0
Event: 40.737 Thread 0x00000273a5840800 Uncommon trap: trap_request=0xffffff4d fr.pc=0x00000273974fe59c relative=0x00000000000001dc
Event: 40.737 Thread 0x00000273a5840800 Uncommon trap: reason=unstable_if action=reinterpret pc=0x00000273974fe59c method=java.io.WinNTFileSystem.prefixLength(Ljava/lang/String;)I @ 11 c2
Event: 40.737 Thread 0x00000273a5840800 DEOPT PACKING pc=0x00000273974fe59c sp=0x000000cd01ef8ed0
Event: 40.737 Thread 0x00000273a5840800 DEOPT UNPACKING pc=0x000002738f5ea1af sp=0x000000cd01ef8e60 mode 2
Event: 40.763 Thread 0x00000273a5840800 Uncommon trap: trap_request=0xffffff4d fr.pc=0x00000273972a22c4 relative=0x0000000000003804
Event: 40.763 Thread 0x00000273a5840800 Uncommon trap: reason=unstable_if action=reinterpret pc=0x00000273972a22c4 method=com.android.tools.tracer.agent.objectweb.asm.MethodWriter.putMethodInfo(Lcom/android/tools/tracer/agent/objectweb/asm/ByteVector;)V @ 210 c2
Event: 40.763 Thread 0x00000273a5840800 DEOPT PACKING pc=0x00000273972a22c4 sp=0x000000cd01ef2160
Event: 40.763 Thread 0x00000273a5840800 DEOPT UNPACKING pc=0x000002738f5ea1af sp=0x000000cd01ef2128 mode 2
Event: 41.933 Thread 0x00000273a5840800 Uncommon trap: trap_request=0xffffffde fr.pc=0x000002739760bcdc relative=0x0000000000000ebc
Event: 41.937 Thread 0x00000273a5840800 Uncommon trap: reason=class_check action=maybe_recompile pc=0x000002739760bcdc method=org.gradle.internal.instantiation.generator.AbstractClassGenerator$InjectionAnnotationValidator.validateMethod(Ljava/lang/reflect/Method;Lorg/gradle/internal/reflect/Pro
Event: 41.937 Thread 0x00000273a5840800 DEOPT PACKING pc=0x000002739760bcdc sp=0x000000cd01ef8610
Event: 41.937 Thread 0x00000273a5840800 DEOPT UNPACKING pc=0x000002738f5ea1af sp=0x000000cd01ef85c8 mode 2
Event: 42.041 Thread 0x00000273a5840800 Uncommon trap: trap_request=0xffffffde fr.pc=0x000002739760bcdc relative=0x0000000000000ebc
Event: 42.041 Thread 0x00000273a5840800 Uncommon trap: reason=class_check action=maybe_recompile pc=0x000002739760bcdc method=org.gradle.internal.instantiation.generator.AbstractClassGenerator$InjectionAnnotationValidator.validateMethod(Ljava/lang/reflect/Method;Lorg/gradle/internal/reflect/Pro
Event: 42.041 Thread 0x00000273a5840800 DEOPT PACKING pc=0x000002739760bcdc sp=0x000000cd01ef85f0
Event: 42.041 Thread 0x00000273a5840800 DEOPT UNPACKING pc=0x000002738f5ea1af sp=0x000000cd01ef85a8 mode 2

Classes redefined (0 events):
No events

Internal exceptions (20 events):
Event: 39.164 Thread 0x00000273a5840800 Exception <a 'java/lang/ClassNotFoundException'{0x00000000ef910c18}: com/android/build/gradle/internal/dsl/BuildType$AgpDecoratedCustomizer> (0x00000000ef910c18) thrown at [s\src\hotspot\share\classfile\systemDictionary.cpp, line 230]
Event: 39.169 Thread 0x00000273a5840800 Exception <a 'java/lang/ClassNotFoundException'{0x00000000ef975c08}: com/android/build/gradle/internal/dsl/BuildType$AgpDecorated_DecoratedCustomizer> (0x00000000ef975c08) thrown at [s\src\hotspot\share\classfile\systemDictionary.cpp, line 230]
Event: 39.180 Thread 0x00000273a5840800 Exception <a 'java/lang/ClassNotFoundException'{0x00000000ef852378}: build_esw82z0zdh56tck2h69qcx2ic$_run_closure2$_closure7BeanInfo> (0x00000000ef852378) thrown at [s\src\hotspot\share\classfile\systemDictionary.cpp, line 230]
Event: 39.181 Thread 0x00000273a5840800 Exception <a 'java/lang/ClassNotFoundException'{0x00000000ef865a90}: build_esw82z0zdh56tck2h69qcx2ic$_run_closure2$_closure7Customizer> (0x00000000ef865a90) thrown at [s\src\hotspot\share\classfile\systemDictionary.cpp, line 230]
Event: 39.187 Thread 0x00000273a5840800 Exception <a 'java/lang/ClassNotFoundException'{0x00000000ef893190}: build_esw82z0zdh56tck2h69qcx2ic$_run_closure2BeanInfo> (0x00000000ef893190) thrown at [s\src\hotspot\share\classfile\systemDictionary.cpp, line 230]
Event: 39.188 Thread 0x00000273a5840800 Exception <a 'java/lang/ClassNotFoundException'{0x00000000ef8a6c58}: build_esw82z0zdh56tck2h69qcx2ic$_run_closure2Customizer> (0x00000000ef8a6c58) thrown at [s\src\hotspot\share\classfile\systemDictionary.cpp, line 230]
Event: 39.224 Thread 0x00000273a5840800 Exception <a 'java/lang/ClassNotFoundException'{0x00000000ef6d79d0}: org/gradle/api/internal/file/collections/DefaultConfigurableFileTreeBeanInfo> (0x00000000ef6d79d0) thrown at [s\src\hotspot\share\classfile\systemDictionary.cpp, line 230]
Event: 39.226 Thread 0x00000273a5840800 Exception <a 'java/lang/ClassNotFoundException'{0x00000000ef50ef00}: org/gradle/api/internal/file/CompositeFileTreeBeanInfo> (0x00000000ef50ef00) thrown at [s\src\hotspot\share\classfile\systemDictionary.cpp, line 230]
Event: 39.230 Thread 0x00000273a5840800 Exception <a 'java/lang/ClassNotFoundException'{0x00000000ef548580}: org/gradle/api/internal/file/CompositeFileCollectionBeanInfo> (0x00000000ef548580) thrown at [s\src\hotspot\share\classfile\systemDictionary.cpp, line 230]
Event: 39.232 Thread 0x00000273a5840800 Exception <a 'java/lang/ClassNotFoundException'{0x00000000ef581e80}: org/gradle/api/internal/file/AbstractFileCollectionBeanInfo> (0x00000000ef581e80) thrown at [s\src\hotspot\share\classfile\systemDictionary.cpp, line 230]
Event: 39.234 Thread 0x00000273a5840800 Exception <a 'java/lang/ClassNotFoundException'{0x00000000ef5bb690}: org/gradle/api/internal/file/AbstractFileCollectionCustomizer> (0x00000000ef5bb690) thrown at [s\src\hotspot\share\classfile\systemDictionary.cpp, line 230]
Event: 39.237 Thread 0x00000273a5840800 Exception <a 'java/lang/ClassNotFoundException'{0x00000000ef4075a0}: org/gradle/api/internal/file/CompositeFileCollectionCustomizer> (0x00000000ef4075a0) thrown at [s\src\hotspot\share\classfile\systemDictionary.cpp, line 230]
Event: 39.239 Thread 0x00000273a5840800 Exception <a 'java/lang/ClassNotFoundException'{0x00000000ef446c38}: org/gradle/api/internal/file/CompositeFileTreeCustomizer> (0x00000000ef446c38) thrown at [s\src\hotspot\share\classfile\systemDictionary.cpp, line 230]
Event: 39.243 Thread 0x00000273a5840800 Exception <a 'java/lang/ClassNotFoundException'{0x00000000ef492568}: org/gradle/api/internal/file/collections/DefaultConfigurableFileTreeCustomizer> (0x00000000ef492568) thrown at [s\src\hotspot\share\classfile\systemDictionary.cpp, line 230]
Event: 42.125 Thread 0x00000273a5840800 Exception <a 'java/lang/ClassNotFoundException'{0x00000000efa887e0}: com/android/build/gradle/internal/api/ApkVariantOutputImpl_DecoratedBeanInfo> (0x00000000efa887e0) thrown at [s\src\hotspot\share\classfile\systemDictionary.cpp, line 230]
Event: 42.127 Thread 0x00000273a5840800 Exception <a 'java/lang/ClassNotFoundException'{0x00000000efaa72c0}: com/android/build/gradle/internal/api/ApkVariantOutputImplBeanInfo> (0x00000000efaa72c0) thrown at [s\src\hotspot\share\classfile\systemDictionary.cpp, line 230]
Event: 42.128 Thread 0x00000273a5840800 Exception <a 'java/lang/ClassNotFoundException'{0x00000000efac6908}: com/android/build/gradle/internal/api/BaseVariantOutputImplBeanInfo> (0x00000000efac6908) thrown at [s\src\hotspot\share\classfile\systemDictionary.cpp, line 230]
Event: 42.129 Thread 0x00000273a5840800 Exception <a 'java/lang/ClassNotFoundException'{0x00000000efae6280}: com/android/build/gradle/internal/api/BaseVariantOutputImplCustomizer> (0x00000000efae6280) thrown at [s\src\hotspot\share\classfile\systemDictionary.cpp, line 230]
Event: 42.132 Thread 0x00000273a5840800 Exception <a 'java/lang/ClassNotFoundException'{0x00000000ef917470}: com/android/build/gradle/internal/api/ApkVariantOutputImplCustomizer> (0x00000000ef917470) thrown at [s\src\hotspot\share\classfile\systemDictionary.cpp, line 230]
Event: 42.134 Thread 0x00000273a5840800 Exception <a 'java/lang/ClassNotFoundException'{0x00000000ef9447e0}: com/android/build/gradle/internal/api/ApkVariantOutputImpl_DecoratedCustomizer> (0x00000000ef9447e0) thrown at [s\src\hotspot\share\classfile\systemDictionary.cpp, line 230]

Events (20 events):
Event: 42.195 loading class kotlin/collections/AbstractCollection
Event: 42.195 loading class kotlin/collections/AbstractCollection done
Event: 42.198 loading class kotlin/text/MatchResult
Event: 42.198 loading class kotlin/text/MatchResult done
Event: 42.199 loading class kotlin/text/MatcherMatchResult$groups$1$iterator$1
Event: 42.199 loading class kotlin/text/MatcherMatchResult$groups$1$iterator$1 done
Event: 42.200 loading class kotlin/text/MatchGroup
Event: 42.200 loading class kotlin/text/MatchGroup done
Event: 42.202 loading class kotlin/text/MatchGroup
Event: 42.202 loading class kotlin/text/MatchGroup done
Event: 42.203 loading class org/jetbrains/kotlin/gradle/targets/js/KotlinJsTarget
Event: 42.203 loading class org/jetbrains/kotlin/gradle/targets/js/KotlinJsTarget done
Event: 42.206 loading class org/jetbrains/kotlin/gradle/plugin/KotlinTargetWithTests
Event: 42.206 loading class org/jetbrains/kotlin/gradle/plugin/KotlinTargetWithTests done
Event: 42.207 loading class org/jetbrains/kotlin/gradle/targets/js/dsl/KotlinJsTargetDsl
Event: 42.207 loading class org/jetbrains/kotlin/gradle/targets/js/dsl/KotlinJsTargetDsl done
Event: 42.209 loading class org/jetbrains/kotlin/gradle/targets/js/dsl/KotlinJsSubTargetContainerDsl
Event: 42.209 loading class org/jetbrains/kotlin/gradle/targets/js/dsl/KotlinJsSubTargetContainerDsl done
Event: 42.211 loading class org/jetbrains/kotlin/gradle/plugin/mpp/KotlinTargetWithBinaries
Event: 42.211 loading class org/jetbrains/kotlin/gradle/plugin/mpp/KotlinTargetWithBinaries done


Dynamic libraries:
0x00007ff7044b0000 - 0x00007ff7044bd000 	C:\Users\CCI\.jdks\corretto-11.0.19\bin\java.exe
0x00007fff19e90000 - 0x00007fff1a088000 	C:\Windows\SYSTEM32\ntdll.dll
0x00007fff18590000 - 0x00007fff1864f000 	C:\Windows\System32\KERNEL32.DLL
0x00007fff17770000 - 0x00007fff17a66000 	C:\Windows\System32\KERNELBASE.dll
0x00007fff17670000 - 0x00007fff17770000 	C:\Windows\System32\ucrtbase.dll
0x00007fff12db0000 - 0x00007fff12dc9000 	C:\Users\CCI\.jdks\corretto-11.0.19\bin\VCRUNTIME140.dll
0x00007fff0f430000 - 0x00007fff0f447000 	C:\Users\CCI\.jdks\corretto-11.0.19\bin\jli.dll
0x00007fff18c90000 - 0x00007fff18e2d000 	C:\Windows\System32\USER32.dll
0x00007fff17cc0000 - 0x00007fff17ce2000 	C:\Windows\System32\win32u.dll
0x00007fff184c0000 - 0x00007fff184ec000 	C:\Windows\System32\GDI32.dll
0x00007fff0ade0000 - 0x00007fff0b07a000 	C:\Windows\WinSxS\amd64_microsoft.windows.common-controls_6595b64144ccf1df_6.0.19041.1110_none_60b5254171f9507e\COMCTL32.dll
0x00007fff17b10000 - 0x00007fff17c25000 	C:\Windows\System32\gdi32full.dll
0x00007fff17a70000 - 0x00007fff17b0d000 	C:\Windows\System32\msvcp_win.dll
0x00007fff19c50000 - 0x00007fff19cee000 	C:\Windows\System32\msvcrt.dll
0x00007fff18560000 - 0x00007fff18590000 	C:\Windows\System32\IMM32.DLL
0x00007ffefc4d0000 - 0x00007ffefc56b000 	C:\Users\CCI\.jdks\corretto-11.0.19\bin\msvcp140.dll
0x00007ffebf330000 - 0x00007ffebfeba000 	C:\Users\CCI\.jdks\corretto-11.0.19\bin\server\jvm.dll
0x00007fff19cf0000 - 0x00007fff19d9f000 	C:\Windows\System32\ADVAPI32.dll
0x00007fff187e0000 - 0x00007fff1887c000 	C:\Windows\System32\sechost.dll
0x00007fff196b0000 - 0x00007fff197d6000 	C:\Windows\System32\RPCRT4.dll
0x00007fff18700000 - 0x00007fff18708000 	C:\Windows\System32\PSAPI.DLL
0x00007ffef6750000 - 0x00007ffef6759000 	C:\Windows\SYSTEM32\WSOCK32.dll
0x00007fff0d0e0000 - 0x00007fff0d107000 	C:\Windows\SYSTEM32\WINMM.dll
0x00007fff18770000 - 0x00007fff187db000 	C:\Windows\System32\WS2_32.dll
0x00007fff0e190000 - 0x00007fff0e19a000 	C:\Windows\SYSTEM32\VERSION.dll
0x00007fff15dd0000 - 0x00007fff15de2000 	C:\Windows\SYSTEM32\kernel.appcore.dll
0x00007fff12cd0000 - 0x00007fff12ce0000 	C:\Users\CCI\.jdks\corretto-11.0.19\bin\verify.dll
0x00007fff08280000 - 0x00007fff08464000 	C:\Windows\SYSTEM32\DBGHELP.DLL
0x00007fff08240000 - 0x00007fff08274000 	C:\Windows\SYSTEM32\dbgcore.DLL
0x00007fff17c30000 - 0x00007fff17cb2000 	C:\Windows\System32\bcryptPrimitives.dll
0x00007fff06120000 - 0x00007fff06148000 	C:\Users\CCI\.jdks\corretto-11.0.19\bin\java.dll
0x00007fff0f420000 - 0x00007fff0f42a000 	C:\Users\CCI\.jdks\corretto-11.0.19\bin\jimage.dll
0x00007fff11d50000 - 0x00007fff11d5e000 	C:\Users\CCI\.jdks\corretto-11.0.19\bin\instrument.dll
0x00007fff05610000 - 0x00007fff05628000 	C:\Users\CCI\.jdks\corretto-11.0.19\bin\zip.dll
0x00007fff18e30000 - 0x00007fff19574000 	C:\Windows\System32\SHELL32.dll
0x00007fff15350000 - 0x00007fff15ae3000 	C:\Windows\SYSTEM32\windows.storage.dll
0x00007fff17fd0000 - 0x00007fff18324000 	C:\Windows\System32\combase.dll
0x00007fff16e10000 - 0x00007fff16e3e000 	C:\Windows\SYSTEM32\Wldp.dll
0x00007fff19da0000 - 0x00007fff19e4d000 	C:\Windows\System32\SHCORE.dll
0x00007fff18710000 - 0x00007fff18765000 	C:\Windows\System32\shlwapi.dll
0x00007fff174b0000 - 0x00007fff174cf000 	C:\Windows\SYSTEM32\profapi.dll
0x00007fff0f410000 - 0x00007fff0f419000 	C:\Users\CCI\.jdks\corretto-11.0.19\bin\management.dll
0x00007fff06110000 - 0x00007fff0611b000 	C:\Users\CCI\.jdks\corretto-11.0.19\bin\management_ext.dll
0x00007fff04860000 - 0x00007fff04879000 	C:\Users\CCI\.jdks\corretto-11.0.19\bin\net.dll
0x00007fff0ec90000 - 0x00007fff0ed9a000 	C:\Windows\SYSTEM32\WINHTTP.dll
0x00007fff16bf0000 - 0x00007fff16c5a000 	C:\Windows\system32\mswsock.dll
0x00007fff04810000 - 0x00007fff04823000 	C:\Users\CCI\.jdks\corretto-11.0.19\bin\nio.dll
0x00007ffeeb970000 - 0x00007ffeeb987000 	C:\Windows\system32\napinsp.dll
0x00007ffeeb950000 - 0x00007ffeeb96b000 	C:\Windows\system32\pnrpnsp.dll
0x00007ffef45c0000 - 0x00007ffef45d5000 	C:\Windows\system32\wshbth.dll
0x00007fff12ca0000 - 0x00007fff12cbd000 	C:\Windows\system32\NLAapi.dll
0x00007fff16900000 - 0x00007fff1693c000 	C:\Windows\SYSTEM32\IPHLPAPI.DLL
0x00007fff16940000 - 0x00007fff16a0b000 	C:\Windows\SYSTEM32\DNSAPI.dll
0x00007fff184f0000 - 0x00007fff184f8000 	C:\Windows\System32\NSI.dll
0x00007ffeea3a0000 - 0x00007ffeea3b2000 	C:\Windows\System32\winrnr.dll
0x00007fff0bc10000 - 0x00007fff0bc1a000 	C:\Windows\System32\rasadhlp.dll
0x00007fff0bb60000 - 0x00007fff0bbe2000 	C:\Windows\System32\fwpuclnt.dll
0x00007fff17cf0000 - 0x00007fff17d17000 	C:\Windows\System32\bcrypt.dll
0x00007fff12dd0000 - 0x00007fff12df7000 	C:\Users\CCI\.gradle\native\e1d6ef7f7dcc3fd88c89a11ec53ec762bb8ba0a96d01ffa2cd45eb1d1d8dd5c5\windows-amd64\native-platform.dll
0x00007ffef2970000 - 0x00007ffef2ab4000 	C:\Users\CCI\.gradle\native\0d407fdbe67a94daf76414ababcb853783967236a71b16ec16e742cd7a986fd3\windows-amd64\native-platform-file-events.dll
0x00007fff17150000 - 0x00007fff17168000 	C:\Windows\SYSTEM32\CRYPTSP.dll
0x00007fff16530000 - 0x00007fff16564000 	C:\Windows\system32\rsaenh.dll
0x00007fff17470000 - 0x00007fff1749e000 	C:\Windows\SYSTEM32\USERENV.dll
0x00007fff16d80000 - 0x00007fff16d8c000 	C:\Windows\SYSTEM32\CRYPTBASE.dll
0x00007fff0ff30000 - 0x00007fff0ff47000 	C:\Windows\SYSTEM32\dhcpcsvc6.DLL
0x00007fff10410000 - 0x00007fff1042d000 	C:\Windows\SYSTEM32\dhcpcsvc.DLL

dbghelp: loaded successfully - version: 4.0.5 - missing functions: none
symbol engine: initialized successfully - sym options: 0x614 - pdb path: .;C:\Users\CCI\.jdks\corretto-11.0.19\bin;C:\Windows\SYSTEM32;C:\Windows\WinSxS\amd64_microsoft.windows.common-controls_6595b64144ccf1df_6.0.19041.1110_none_60b5254171f9507e;C:\Users\CCI\.jdks\corretto-11.0.19\bin\server;C:\Users\CCI\.gradle\native\e1d6ef7f7dcc3fd88c89a11ec53ec762bb8ba0a96d01ffa2cd45eb1d1d8dd5c5\windows-amd64;C:\Users\CCI\.gradle\native\0d407fdbe67a94daf76414ababcb853783967236a71b16ec16e742cd7a986fd3\windows-amd64

VM Arguments:
jvm_args: -XX:MaxMetaspaceSize=256m -XX:+HeapDumpOnOutOfMemoryError -javaagent:C:\Program Files\Android\Android Studio\plugins\android\resources\trace_agent.jar=C:\Users\CCI\AppData\Local\Temp\sync.trace.profile --add-opens=java.base/java.util=ALL-UNNAMED --add-opens=java.base/java.lang=ALL-UNNAMED --add-opens=java.base/java.lang.invoke=ALL-UNNAMED --add-opens=java.base/java.util=ALL-UNNAMED --add-opens=java.prefs/java.util.prefs=ALL-UNNAMED --add-opens=java.prefs/java.util.prefs=ALL-UNNAMED --add-opens=java.base/java.nio.charset=ALL-UNNAMED --add-opens=java.base/java.net=ALL-UNNAMED --add-opens=java.base/java.util.concurrent.atomic=ALL-UNNAMED -Xms256m -Xmx512m -Dfile.encoding=windows-1252 -Duser.country=US -Duser.language=en -Duser.variant 
java_command: org.gradle.launcher.daemon.bootstrap.GradleDaemon 7.5
java_class_path (initial): C:\Users\CCI\.gradle\wrapper\dists\gradle-7.5-bin\f1w0cc9nuo0eivz97x2xlu9sv\gradle-7.5\lib\gradle-launcher-7.5.jar
Launcher Type: SUN_STANDARD

[Global flags]
     intx CICompilerCount                          = 3                                         {product} {ergonomic}
   size_t CompressedClassSpaceSize                 = 260046848                                 {product} {ergonomic}
     uint ConcGCThreads                            = 1                                         {product} {ergonomic}
     uint G1ConcRefinementThreads                  = 4                                         {product} {ergonomic}
   size_t G1HeapRegionSize                         = 1048576                                   {product} {ergonomic}
    uintx GCDrainStackTargetSize                   = 64                                        {product} {ergonomic}
     bool HeapDumpOnOutOfMemoryError               = true                                   {manageable} {command line}
   size_t InitialHeapSize                          = 268435456                                 {product} {command line}
   size_t MarkStackSize                            = 4194304                                   {product} {ergonomic}
   size_t MaxHeapSize                              = 536870912                                 {product} {command line}
   size_t MaxMetaspaceSize                         = 268435456                                 {product} {command line}
   size_t MaxNewSize                               = 321912832                                 {product} {ergonomic}
   size_t MinHeapDeltaBytes                        = 1048576                                   {product} {ergonomic}
    uintx NonNMethodCodeHeapSize                   = 5830732                                {pd product} {ergonomic}
    uintx NonProfiledCodeHeapSize                  = 122913754                              {pd product} {ergonomic}
    uintx ProfiledCodeHeapSize                     = 122913754                              {pd product} {ergonomic}
    uintx ReservedCodeCacheSize                    = 251658240                              {pd product} {ergonomic}
     bool SegmentedCodeCache                       = true                                      {product} {ergonomic}
     bool UseCompressedClassPointers               = true                                 {lp64_product} {ergonomic}
     bool UseCompressedOops                        = true                                 {lp64_product} {ergonomic}
     bool UseG1GC                                  = true                                      {product} {ergonomic}
     bool UseLargePagesIndividualAllocation        = false                                  {pd product} {ergonomic}

Logging:
Log output configuration:
 #0: stdout all=warning uptime,level,tags
 #1: stderr all=off uptime,level,tags

Environment Variables:
PATH=C:\Program Files\Common Files\Oracle\Java\javapath;C:\Windows\system32;C:\Windows;C:\Windows\System32\Wbem;C:\Windows\System32\WindowsPowerShell\v1.0\;C:\Windows\System32\OpenSSH\;C:\Program Files\Git\cmd;C:\Users\CCI\AppData\Local\Microsoft\WindowsApps;C:\Program Files\Java\jdk-20\bin;
USERNAME=CCI
OS=Windows_NT
PROCESSOR_IDENTIFIER=Intel64 Family 6 Model 61 Stepping 4, GenuineIntel
TMP=C:\Users\CCI\AppData\Local\Temp
TEMP=C:\Users\CCI\AppData\Local\Temp



---------------  S Y S T E M  ---------------

OS: Windows 10 , 64 bit Build 19041 (10.0.19041.2913)
OS uptime: 1 days 0:19 hours
Hyper-V role detected

CPU:total 4 (initial active 4) (2 cores per cpu, 2 threads per core) family 6 model 61 stepping 4 microcode 0x2d, cmov, cx8, fxsr, mmx, sse, sse2, sse3, ssse3, sse4.1, sse4.2, popcnt, avx, avx2, aes, clmul, erms, rtm, 3dnowpref, lzcnt, ht, tsc, tscinvbit, bmi1, bmi2, adx, fma

Memory: 4k page, system-wide physical 8067M (894M free)
TotalPageFile size 12163M (AvailPageFile size 3M)
current process WorkingSet (physical memory assigned to process): 442M, peak: 445M
current process commit charge ("private bytes"): 516M, peak: 520M

vm_info: OpenJDK 64-Bit Server VM (11.0.19+7-LTS) for windows-amd64 JRE (11.0.19+7-LTS), built on Apr 13 2023 22:56:25 by "Administrator" with MS VC++ 15.9 (VS2017)

END.
